<html>
<head>
<title>TestNG:  Default test</title>
<link href="../testng.css" rel="stylesheet" type="text/css" />
<link href="../my-testng.css" rel="stylesheet" type="text/css" />

<style type="text/css">
.log { display: none;} 
.stack-trace { display: none;} 
</style>
<script type="text/javascript">
<!--
function flip(e) {
  current = e.style.display;
  if (current == 'block') {
    e.style.display = 'none';
    return 0;
  }
  else {
    e.style.display = 'block';
    return 1;
  }
}

function toggleBox(szDivId, elem, msg1, msg2)
{
  var res = -1;  if (document.getElementById) {
    res = flip(document.getElementById(szDivId));
  }
  else if (document.all) {
    // this is the way old msie versions work
    res = flip(document.all[szDivId]);
  }
  if(elem) {
    if(res == 0) elem.innerHTML = msg1; else elem.innerHTML = msg2;
  }

}

function toggleAllBoxes() {
  if (document.getElementsByTagName) {
    d = document.getElementsByTagName('div');
    for (i = 0; i < d.length; i++) {
      if (d[i].className == 'log') {
        flip(d[i]);
      }
    }
  }
}

// -->
</script>

</head>
<body>
<h2 align='center'>Default test</h2><table border='1' align="center">
<tr>
<td>Tests passed/Failed/Skipped:</td><td>18/8/0</td>
</tr><tr>
<td>Started on:</td><td>Mon Dec 08 15:34:33 PHT 2014</td>
</tr>
<tr><td>Total time:</td><td>306 seconds (306589 ms)</td>
</tr><tr>
<td>Included groups:</td><td></td>
</tr><tr>
<td>Excluded groups:</td><td></td>
</tr>
</table><p/>
<small><i>(Hover the method name to see the test class name)</i></small><p/>
<table width='100%' border='1' class='invocation-failed'>
<tr><td colspan='4' align='center'><b>FAILED TESTS</b></td></tr>
<tr><td><b>Test method</b></td>
<td width="30%"><b>Exception</b></td>
<td width="10%"><b>Time (seconds)</b></td>
<td><b>Instance</b></td>
</tr>
<tr>
<td title='hub.test.RegressionSuite.UserProductSelectionTest.RT_02617_Workflow_Bar()'><b>RT_02617_Workflow_Bar</b><br>Test class: hub.test.RegressionSuite.UserProductSelectionTest<br>Test method: User - Product Selection</td>
<td><div><pre>org.openqa.selenium.NoSuchElementException: Unable to locate element: {&quot;method&quot;:&quot;xpath&quot;,&quot;selector&quot;:&quot;//*[@id=&apos;flowbar&apos;]&quot;}
Command duration or timeout: 12 milliseconds
For documentation on this error, please visit: http://seleniumhq.org/exceptions/no_such_element.html
Build info: version: &apos;2.38.0&apos;, revision: &apos;bd32d4e7247a32d801b3d2d4f84a4e7384300378&apos;, time: &apos;2013-12-05 09:01:37&apos;
System info: host: &apos;Crow.local&apos;, ip: &apos;10.0.10.167&apos;, os.name: &apos;Mac OS X&apos;, os.arch: &apos;x86_64&apos;, os.version: &apos;10.9.5&apos;, java.version: &apos;1.7.0_04&apos;
Session ID: a6108154-9ebd-d640-8af8-5ea76a3dfc70
Driver info: org.openqa.selenium.firefox.FirefoxDriver
Capabilities [{platform=MAC, acceptSslCerts=true, javascriptEnabled=true, browserName=firefox, rotatable=false, locationContextEnabled=true, version=23.0, cssSelectorsEnabled=true, databaseEnabled=true, handlesAlerts=true, browserConnectionEnabled=true, nativeEvents=false, webStorageEnabled=true, applicationCacheEnabled=true, takesScreenshot=true}]
	at sun.reflect.GeneratedConstructorAccessor16.newInstance(Unknown Source)
	at sun.reflect.DelegatingConstructorAccessorImpl.newInstance(DelegatingConstructorAccessorImpl.java:45)
	at java.lang.reflect.Constructor.newInstance(Constructor.java:525)
	at org.openqa.selenium.remote.ErrorHandler.createThrowable(ErrorHandler.java:193)
	at org.openqa.selenium.remote.ErrorHandler.throwIfResponseFailed(ErrorHandler.java:145)
	at org.openqa.selenium.remote.RemoteWebDriver.execute(RemoteWebDriver.java:554)
	at org.openqa.selenium.remote.RemoteWebDriver.findElement(RemoteWebDriver.java:307)
	at org.openqa.selenium.remote.RemoteWebDriver.findElementByXPath(RemoteWebDriver.java:404)
	at org.openqa.selenium.By$ByXPath.findElement(By.java:363)
	at org.openqa.selenium.remote.RemoteWebDriver.findElement(RemoteWebDriver.java:299)
	at hub.library.FunctionReference.isElementVisible(FunctionReference.java:400)
	at hub.utilities.RegressionSuiteUtil.UserProductSelectionUtil.workflowBar(UserProductSelectionUtil.java:331)
	at hub.test.RegressionSuite.UserProductSelectionTest.RT_02617_Workflow_Bar(UserProductSelectionTest.java:164)
	at sun.reflect.NativeMethodAccessorImpl.invoke0(Native Method)
	at sun.reflect.NativeMethodAccessorImpl.invoke(NativeMethodAccessorImpl.java:57)
	at sun.reflect.DelegatingMethodAccessorImpl.invoke(DelegatingMethodAccessorImpl.java:43)
	at java.lang.reflect.Method.invoke(Method.java:601)
	at org.testng.internal.MethodInvocationHelper.invokeMethod(MethodInvocationHelper.java:84)
	at org.testng.internal.Invoker.invokeMethod(Invoker.java:714)
	at org.testng.internal.Invoker.invokeTestMethod(Invoker.java:901)
	at org.testng.internal.Invoker.invokeTestMethods(Invoker.java:1231)
	at org.testng.internal.TestMethodWorker.invokeTestMethods(TestMethodWorker.java:127)
	at org.testng.internal.TestMethodWorker.run(TestMethodWorker.java:111)
	at org.testng.TestRunner.privateRun(TestRunner.java:767)
	at org.testng.TestRunner.run(TestRunner.java:617)
	at org.testng.SuiteRunner.runTest(SuiteRunner.java:335)
	at org.testng.SuiteRunner.runSequentially(SuiteRunner.java:330)
	at org.testng.SuiteRunner.privateRun(SuiteRunner.java:291)
	at org.testng.SuiteRunner.run(SuiteRunner.java:240)
	at org.testng.SuiteRunnerWorker.runSuite(SuiteRunnerWorker.java:52)
	at org.testng.SuiteRunnerWorker.run(SuiteRunnerWorker.java:86)
	at org.testng.TestNG.runSuitesSequentially(TestNG.java:1224)
	at org.testng.TestNG.runSuitesLocally(TestNG.java:1149)
	at org.testng.TestNG.run(TestNG.java:1057)
	at org.testng.remote.RemoteTestNG.run(RemoteTestNG.java:111)
	at org.testng.remote.RemoteTestNG.initAndRun(RemoteTestNG.java:204)
	at org.testng.remote.RemoteTestNG.main(RemoteTestNG.java:175)
Caused by: org.openqa.selenium.remote.ErrorHandler$UnknownServerException: Unable to locate element: {&quot;method&quot;:&quot;xpath&quot;,&quot;selector&quot;:&quot;//*[@id=&apos;flowbar&apos;]&quot;}
Build info: version: &apos;2.38.0&apos;, revision: &apos;bd32d4e7247a32d801b3d2d4f84a4e7384300378&apos;, time: &apos;2013-12-05 09:01:37&apos;
System info: host: &apos;Crow.local&apos;, ip: &apos;10.0.10.167&apos;, os.name: &apos;Mac OS X&apos;, os.arch: &apos;x86_64&apos;, os.version: &apos;10.9.5&apos;, java.version: &apos;1.7.0_04&apos;
Driver info: driver.version: unknown
	at &lt;anonymous class&gt;.FirefoxDriver.prototype.findElementInternal_(file:///var/folders/yy/zxgm085n2zj299n6hyvsvd6m0000gp/T/anonymous8750456334572694865webdriver-profile/extensions/fxdriver@googlecode.com/components/driver_component.js:8860)
	at &lt;anonymous class&gt;.FirefoxDriver.prototype.findElement(file:///var/folders/yy/zxgm085n2zj299n6hyvsvd6m0000gp/T/anonymous8750456334572694865webdriver-profile/extensions/fxdriver@googlecode.com/components/driver_component.js:8869)
	at &lt;anonymous class&gt;.DelayedCommand.prototype.executeInternal_/h(file:///var/folders/yy/zxgm085n2zj299n6hyvsvd6m0000gp/T/anonymous8750456334572694865webdriver-profile/extensions/fxdriver@googlecode.com/components/command_processor.js:10831)
	at &lt;anonymous class&gt;.DelayedCommand.prototype.executeInternal_(file:///var/folders/yy/zxgm085n2zj299n6hyvsvd6m0000gp/T/anonymous8750456334572694865webdriver-profile/extensions/fxdriver@googlecode.com/components/command_processor.js:10836)
	at &lt;anonymous class&gt;.DelayedCommand.prototype.execute/&lt;(file:///var/folders/yy/zxgm085n2zj299n6hyvsvd6m0000gp/T/anonymous8750456334572694865webdriver-profile/extensions/fxdriver@googlecode.com/components/command_processor.js:10778)
</pre></div><a href='#' onClick='toggleBox("stack-trace100701742", this, "Click to show all stack frames", "Click to hide stack frames")'>Click to show all stack frames</a>
<div class='stack-trace' id='stack-trace100701742'><pre>org.openqa.selenium.NoSuchElementException: Unable to locate element: {&quot;method&quot;:&quot;xpath&quot;,&quot;selector&quot;:&quot;//*[@id=&apos;flowbar&apos;]&quot;}
Command duration or timeout: 12 milliseconds
For documentation on this error, please visit: http://seleniumhq.org/exceptions/no_such_element.html
Build info: version: &apos;2.38.0&apos;, revision: &apos;bd32d4e7247a32d801b3d2d4f84a4e7384300378&apos;, time: &apos;2013-12-05 09:01:37&apos;
System info: host: &apos;Crow.local&apos;, ip: &apos;10.0.10.167&apos;, os.name: &apos;Mac OS X&apos;, os.arch: &apos;x86_64&apos;, os.version: &apos;10.9.5&apos;, java.version: &apos;1.7.0_04&apos;
Session ID: a6108154-9ebd-d640-8af8-5ea76a3dfc70
Driver info: org.openqa.selenium.firefox.FirefoxDriver
Capabilities [{platform=MAC, acceptSslCerts=true, javascriptEnabled=true, browserName=firefox, rotatable=false, locationContextEnabled=true, version=23.0, cssSelectorsEnabled=true, databaseEnabled=true, handlesAlerts=true, browserConnectionEnabled=true, nativeEvents=false, webStorageEnabled=true, applicationCacheEnabled=true, takesScreenshot=true}]
	at sun.reflect.GeneratedConstructorAccessor16.newInstance(Unknown Source)
	at sun.reflect.DelegatingConstructorAccessorImpl.newInstance(DelegatingConstructorAccessorImpl.java:45)
	at java.lang.reflect.Constructor.newInstance(Constructor.java:525)
	at org.openqa.selenium.remote.ErrorHandler.createThrowable(ErrorHandler.java:193)
	at org.openqa.selenium.remote.ErrorHandler.throwIfResponseFailed(ErrorHandler.java:145)
	at org.openqa.selenium.remote.RemoteWebDriver.execute(RemoteWebDriver.java:554)
	at org.openqa.selenium.remote.RemoteWebDriver.findElement(RemoteWebDriver.java:307)
	at org.openqa.selenium.remote.RemoteWebDriver.findElementByXPath(RemoteWebDriver.java:404)
	at org.openqa.selenium.By$ByXPath.findElement(By.java:363)
	at org.openqa.selenium.remote.RemoteWebDriver.findElement(RemoteWebDriver.java:299)
	at hub.library.FunctionReference.isElementVisible(FunctionReference.java:400)
	at hub.utilities.RegressionSuiteUtil.UserProductSelectionUtil.workflowBar(UserProductSelectionUtil.java:331)
	at hub.test.RegressionSuite.UserProductSelectionTest.RT_02617_Workflow_Bar(UserProductSelectionTest.java:164)
	at sun.reflect.NativeMethodAccessorImpl.invoke0(Native Method)
	at sun.reflect.NativeMethodAccessorImpl.invoke(NativeMethodAccessorImpl.java:57)
	at sun.reflect.DelegatingMethodAccessorImpl.invoke(DelegatingMethodAccessorImpl.java:43)
	at java.lang.reflect.Method.invoke(Method.java:601)
	at org.testng.internal.MethodInvocationHelper.invokeMethod(MethodInvocationHelper.java:84)
	at org.testng.internal.Invoker.invokeMethod(Invoker.java:714)
	at org.testng.internal.Invoker.invokeTestMethod(Invoker.java:901)
	at org.testng.internal.Invoker.invokeTestMethods(Invoker.java:1231)
	at org.testng.internal.TestMethodWorker.invokeTestMethods(TestMethodWorker.java:127)
	at org.testng.internal.TestMethodWorker.run(TestMethodWorker.java:111)
	at org.testng.TestRunner.privateRun(TestRunner.java:767)
	at org.testng.TestRunner.run(TestRunner.java:617)
	at org.testng.SuiteRunner.runTest(SuiteRunner.java:335)
	at org.testng.SuiteRunner.runSequentially(SuiteRunner.java:330)
	at org.testng.SuiteRunner.privateRun(SuiteRunner.java:291)
	at org.testng.SuiteRunner.run(SuiteRunner.java:240)
	at org.testng.SuiteRunnerWorker.runSuite(SuiteRunnerWorker.java:52)
	at org.testng.SuiteRunnerWorker.run(SuiteRunnerWorker.java:86)
	at org.testng.TestNG.runSuitesSequentially(TestNG.java:1224)
	at org.testng.TestNG.runSuitesLocally(TestNG.java:1149)
	at org.testng.TestNG.run(TestNG.java:1057)
	at org.testng.remote.RemoteTestNG.run(RemoteTestNG.java:111)
	at org.testng.remote.RemoteTestNG.initAndRun(RemoteTestNG.java:204)
	at org.testng.remote.RemoteTestNG.main(RemoteTestNG.java:175)
Caused by: org.openqa.selenium.remote.ErrorHandler$UnknownServerException: Unable to locate element: {&quot;method&quot;:&quot;xpath&quot;,&quot;selector&quot;:&quot;//*[@id=&apos;flowbar&apos;]&quot;}
Build info: version: &apos;2.38.0&apos;, revision: &apos;bd32d4e7247a32d801b3d2d4f84a4e7384300378&apos;, time: &apos;2013-12-05 09:01:37&apos;
System info: host: &apos;Crow.local&apos;, ip: &apos;10.0.10.167&apos;, os.name: &apos;Mac OS X&apos;, os.arch: &apos;x86_64&apos;, os.version: &apos;10.9.5&apos;, java.version: &apos;1.7.0_04&apos;
Driver info: driver.version: unknown
	at &lt;anonymous class&gt;.FirefoxDriver.prototype.findElementInternal_(file:///var/folders/yy/zxgm085n2zj299n6hyvsvd6m0000gp/T/anonymous8750456334572694865webdriver-profile/extensions/fxdriver@googlecode.com/components/driver_component.js:8860)
	at &lt;anonymous class&gt;.FirefoxDriver.prototype.findElement(file:///var/folders/yy/zxgm085n2zj299n6hyvsvd6m0000gp/T/anonymous8750456334572694865webdriver-profile/extensions/fxdriver@googlecode.com/components/driver_component.js:8869)
	at &lt;anonymous class&gt;.DelayedCommand.prototype.executeInternal_/h(file:///var/folders/yy/zxgm085n2zj299n6hyvsvd6m0000gp/T/anonymous8750456334572694865webdriver-profile/extensions/fxdriver@googlecode.com/components/command_processor.js:10831)
	at &lt;anonymous class&gt;.DelayedCommand.prototype.executeInternal_(file:///var/folders/yy/zxgm085n2zj299n6hyvsvd6m0000gp/T/anonymous8750456334572694865webdriver-profile/extensions/fxdriver@googlecode.com/components/command_processor.js:10836)
	at &lt;anonymous class&gt;.DelayedCommand.prototype.execute/&lt;(file:///var/folders/yy/zxgm085n2zj299n6hyvsvd6m0000gp/T/anonymous8750456334572694865webdriver-profile/extensions/fxdriver@googlecode.com/components/command_processor.js:10778)
</pre></div></td>
<td>15</td>
<td>hub.test.RegressionSuite.UserProductSelectionTest@68d6c6eb</td></tr>
<tr>
<td title='hub.test.RegressionSuite.UserProductSelectionTest.RT_02620_Product_Details()'><b>RT_02620_Product_Details</b><br>Test class: hub.test.RegressionSuite.UserProductSelectionTest<br>Test method: User - Product Selection</td>
<td><div><pre>org.openqa.selenium.NoSuchElementException: Unable to locate element: {&quot;method&quot;:&quot;xpath&quot;,&quot;selector&quot;:&quot;//*[@id=&apos;tabReports&apos;]//h2[@class=&apos;hubHeaderBodyText&apos;]&quot;}
Command duration or timeout: 12 milliseconds
For documentation on this error, please visit: http://seleniumhq.org/exceptions/no_such_element.html
Build info: version: &apos;2.38.0&apos;, revision: &apos;bd32d4e7247a32d801b3d2d4f84a4e7384300378&apos;, time: &apos;2013-12-05 09:01:37&apos;
System info: host: &apos;Crow.local&apos;, ip: &apos;10.0.10.167&apos;, os.name: &apos;Mac OS X&apos;, os.arch: &apos;x86_64&apos;, os.version: &apos;10.9.5&apos;, java.version: &apos;1.7.0_04&apos;
Session ID: a6108154-9ebd-d640-8af8-5ea76a3dfc70
Driver info: org.openqa.selenium.firefox.FirefoxDriver
Capabilities [{platform=MAC, acceptSslCerts=true, javascriptEnabled=true, browserName=firefox, rotatable=false, locationContextEnabled=true, version=23.0, cssSelectorsEnabled=true, databaseEnabled=true, handlesAlerts=true, browserConnectionEnabled=true, nativeEvents=false, webStorageEnabled=true, applicationCacheEnabled=true, takesScreenshot=true}]
	at sun.reflect.GeneratedConstructorAccessor16.newInstance(Unknown Source)
	at sun.reflect.DelegatingConstructorAccessorImpl.newInstance(DelegatingConstructorAccessorImpl.java:45)
	at java.lang.reflect.Constructor.newInstance(Constructor.java:525)
	at org.openqa.selenium.remote.ErrorHandler.createThrowable(ErrorHandler.java:193)
	at org.openqa.selenium.remote.ErrorHandler.throwIfResponseFailed(ErrorHandler.java:145)
	at org.openqa.selenium.remote.RemoteWebDriver.execute(RemoteWebDriver.java:554)
	at org.openqa.selenium.remote.RemoteWebDriver.findElement(RemoteWebDriver.java:307)
	at org.openqa.selenium.remote.RemoteWebDriver.findElementByXPath(RemoteWebDriver.java:404)
	at org.openqa.selenium.By$ByXPath.findElement(By.java:363)
	at org.openqa.selenium.remote.RemoteWebDriver.findElement(RemoteWebDriver.java:299)
	at hub.library.FunctionReference.isElementVisible(FunctionReference.java:400)
	at hub.utilities.RegressionSuiteUtil.UserProductSelectionUtil.productDetails(UserProductSelectionUtil.java:280)
	at hub.test.RegressionSuite.UserProductSelectionTest.RT_02620_Product_Details(UserProductSelectionTest.java:144)
	at sun.reflect.NativeMethodAccessorImpl.invoke0(Native Method)
	at sun.reflect.NativeMethodAccessorImpl.invoke(NativeMethodAccessorImpl.java:57)
	at sun.reflect.DelegatingMethodAccessorImpl.invoke(DelegatingMethodAccessorImpl.java:43)
	at java.lang.reflect.Method.invoke(Method.java:601)
	at org.testng.internal.MethodInvocationHelper.invokeMethod(MethodInvocationHelper.java:84)
	at org.testng.internal.Invoker.invokeMethod(Invoker.java:714)
	at org.testng.internal.Invoker.invokeTestMethod(Invoker.java:901)
	at org.testng.internal.Invoker.invokeTestMethods(Invoker.java:1231)
	at org.testng.internal.TestMethodWorker.invokeTestMethods(TestMethodWorker.java:127)
	at org.testng.internal.TestMethodWorker.run(TestMethodWorker.java:111)
	at org.testng.TestRunner.privateRun(TestRunner.java:767)
	at org.testng.TestRunner.run(TestRunner.java:617)
	at org.testng.SuiteRunner.runTest(SuiteRunner.java:335)
	at org.testng.SuiteRunner.runSequentially(SuiteRunner.java:330)
	at org.testng.SuiteRunner.privateRun(SuiteRunner.java:291)
	at org.testng.SuiteRunner.run(SuiteRunner.java:240)
	at org.testng.SuiteRunnerWorker.runSuite(SuiteRunnerWorker.java:52)
	at org.testng.SuiteRunnerWorker.run(SuiteRunnerWorker.java:86)
	at org.testng.TestNG.runSuitesSequentially(TestNG.java:1224)
	at org.testng.TestNG.runSuitesLocally(TestNG.java:1149)
	at org.testng.TestNG.run(TestNG.java:1057)
	at org.testng.remote.RemoteTestNG.run(RemoteTestNG.java:111)
	at org.testng.remote.RemoteTestNG.initAndRun(RemoteTestNG.java:204)
	at org.testng.remote.RemoteTestNG.main(RemoteTestNG.java:175)
Caused by: org.openqa.selenium.remote.ErrorHandler$UnknownServerException: Unable to locate element: {&quot;method&quot;:&quot;xpath&quot;,&quot;selector&quot;:&quot;//*[@id=&apos;tabReports&apos;]//h2[@class=&apos;hubHeaderBodyText&apos;]&quot;}
Build info: version: &apos;2.38.0&apos;, revision: &apos;bd32d4e7247a32d801b3d2d4f84a4e7384300378&apos;, time: &apos;2013-12-05 09:01:37&apos;
System info: host: &apos;Crow.local&apos;, ip: &apos;10.0.10.167&apos;, os.name: &apos;Mac OS X&apos;, os.arch: &apos;x86_64&apos;, os.version: &apos;10.9.5&apos;, java.version: &apos;1.7.0_04&apos;
Driver info: driver.version: unknown
	at &lt;anonymous class&gt;.FirefoxDriver.prototype.findElementInternal_(file:///var/folders/yy/zxgm085n2zj299n6hyvsvd6m0000gp/T/anonymous8750456334572694865webdriver-profile/extensions/fxdriver@googlecode.com/components/driver_component.js:8860)
	at &lt;anonymous class&gt;.FirefoxDriver.prototype.findElement(file:///var/folders/yy/zxgm085n2zj299n6hyvsvd6m0000gp/T/anonymous8750456334572694865webdriver-profile/extensions/fxdriver@googlecode.com/components/driver_component.js:8869)
	at &lt;anonymous class&gt;.DelayedCommand.prototype.executeInternal_/h(file:///var/folders/yy/zxgm085n2zj299n6hyvsvd6m0000gp/T/anonymous8750456334572694865webdriver-profile/extensions/fxdriver@googlecode.com/components/command_processor.js:10831)
	at &lt;anonymous class&gt;.DelayedCommand.prototype.executeInternal_(file:///var/folders/yy/zxgm085n2zj299n6hyvsvd6m0000gp/T/anonymous8750456334572694865webdriver-profile/extensions/fxdriver@googlecode.com/components/command_processor.js:10836)
	at &lt;anonymous class&gt;.DelayedCommand.prototype.execute/&lt;(file:///var/folders/yy/zxgm085n2zj299n6hyvsvd6m0000gp/T/anonymous8750456334572694865webdriver-profile/extensions/fxdriver@googlecode.com/components/command_processor.js:10778)
</pre></div><a href='#' onClick='toggleBox("stack-trace926998473", this, "Click to show all stack frames", "Click to hide stack frames")'>Click to show all stack frames</a>
<div class='stack-trace' id='stack-trace926998473'><pre>org.openqa.selenium.NoSuchElementException: Unable to locate element: {&quot;method&quot;:&quot;xpath&quot;,&quot;selector&quot;:&quot;//*[@id=&apos;tabReports&apos;]//h2[@class=&apos;hubHeaderBodyText&apos;]&quot;}
Command duration or timeout: 12 milliseconds
For documentation on this error, please visit: http://seleniumhq.org/exceptions/no_such_element.html
Build info: version: &apos;2.38.0&apos;, revision: &apos;bd32d4e7247a32d801b3d2d4f84a4e7384300378&apos;, time: &apos;2013-12-05 09:01:37&apos;
System info: host: &apos;Crow.local&apos;, ip: &apos;10.0.10.167&apos;, os.name: &apos;Mac OS X&apos;, os.arch: &apos;x86_64&apos;, os.version: &apos;10.9.5&apos;, java.version: &apos;1.7.0_04&apos;
Session ID: a6108154-9ebd-d640-8af8-5ea76a3dfc70
Driver info: org.openqa.selenium.firefox.FirefoxDriver
Capabilities [{platform=MAC, acceptSslCerts=true, javascriptEnabled=true, browserName=firefox, rotatable=false, locationContextEnabled=true, version=23.0, cssSelectorsEnabled=true, databaseEnabled=true, handlesAlerts=true, browserConnectionEnabled=true, nativeEvents=false, webStorageEnabled=true, applicationCacheEnabled=true, takesScreenshot=true}]
	at sun.reflect.GeneratedConstructorAccessor16.newInstance(Unknown Source)
	at sun.reflect.DelegatingConstructorAccessorImpl.newInstance(DelegatingConstructorAccessorImpl.java:45)
	at java.lang.reflect.Constructor.newInstance(Constructor.java:525)
	at org.openqa.selenium.remote.ErrorHandler.createThrowable(ErrorHandler.java:193)
	at org.openqa.selenium.remote.ErrorHandler.throwIfResponseFailed(ErrorHandler.java:145)
	at org.openqa.selenium.remote.RemoteWebDriver.execute(RemoteWebDriver.java:554)
	at org.openqa.selenium.remote.RemoteWebDriver.findElement(RemoteWebDriver.java:307)
	at org.openqa.selenium.remote.RemoteWebDriver.findElementByXPath(RemoteWebDriver.java:404)
	at org.openqa.selenium.By$ByXPath.findElement(By.java:363)
	at org.openqa.selenium.remote.RemoteWebDriver.findElement(RemoteWebDriver.java:299)
	at hub.library.FunctionReference.isElementVisible(FunctionReference.java:400)
	at hub.utilities.RegressionSuiteUtil.UserProductSelectionUtil.productDetails(UserProductSelectionUtil.java:280)
	at hub.test.RegressionSuite.UserProductSelectionTest.RT_02620_Product_Details(UserProductSelectionTest.java:144)
	at sun.reflect.NativeMethodAccessorImpl.invoke0(Native Method)
	at sun.reflect.NativeMethodAccessorImpl.invoke(NativeMethodAccessorImpl.java:57)
	at sun.reflect.DelegatingMethodAccessorImpl.invoke(DelegatingMethodAccessorImpl.java:43)
	at java.lang.reflect.Method.invoke(Method.java:601)
	at org.testng.internal.MethodInvocationHelper.invokeMethod(MethodInvocationHelper.java:84)
	at org.testng.internal.Invoker.invokeMethod(Invoker.java:714)
	at org.testng.internal.Invoker.invokeTestMethod(Invoker.java:901)
	at org.testng.internal.Invoker.invokeTestMethods(Invoker.java:1231)
	at org.testng.internal.TestMethodWorker.invokeTestMethods(TestMethodWorker.java:127)
	at org.testng.internal.TestMethodWorker.run(TestMethodWorker.java:111)
	at org.testng.TestRunner.privateRun(TestRunner.java:767)
	at org.testng.TestRunner.run(TestRunner.java:617)
	at org.testng.SuiteRunner.runTest(SuiteRunner.java:335)
	at org.testng.SuiteRunner.runSequentially(SuiteRunner.java:330)
	at org.testng.SuiteRunner.privateRun(SuiteRunner.java:291)
	at org.testng.SuiteRunner.run(SuiteRunner.java:240)
	at org.testng.SuiteRunnerWorker.runSuite(SuiteRunnerWorker.java:52)
	at org.testng.SuiteRunnerWorker.run(SuiteRunnerWorker.java:86)
	at org.testng.TestNG.runSuitesSequentially(TestNG.java:1224)
	at org.testng.TestNG.runSuitesLocally(TestNG.java:1149)
	at org.testng.TestNG.run(TestNG.java:1057)
	at org.testng.remote.RemoteTestNG.run(RemoteTestNG.java:111)
	at org.testng.remote.RemoteTestNG.initAndRun(RemoteTestNG.java:204)
	at org.testng.remote.RemoteTestNG.main(RemoteTestNG.java:175)
Caused by: org.openqa.selenium.remote.ErrorHandler$UnknownServerException: Unable to locate element: {&quot;method&quot;:&quot;xpath&quot;,&quot;selector&quot;:&quot;//*[@id=&apos;tabReports&apos;]//h2[@class=&apos;hubHeaderBodyText&apos;]&quot;}
Build info: version: &apos;2.38.0&apos;, revision: &apos;bd32d4e7247a32d801b3d2d4f84a4e7384300378&apos;, time: &apos;2013-12-05 09:01:37&apos;
System info: host: &apos;Crow.local&apos;, ip: &apos;10.0.10.167&apos;, os.name: &apos;Mac OS X&apos;, os.arch: &apos;x86_64&apos;, os.version: &apos;10.9.5&apos;, java.version: &apos;1.7.0_04&apos;
Driver info: driver.version: unknown
	at &lt;anonymous class&gt;.FirefoxDriver.prototype.findElementInternal_(file:///var/folders/yy/zxgm085n2zj299n6hyvsvd6m0000gp/T/anonymous8750456334572694865webdriver-profile/extensions/fxdriver@googlecode.com/components/driver_component.js:8860)
	at &lt;anonymous class&gt;.FirefoxDriver.prototype.findElement(file:///var/folders/yy/zxgm085n2zj299n6hyvsvd6m0000gp/T/anonymous8750456334572694865webdriver-profile/extensions/fxdriver@googlecode.com/components/driver_component.js:8869)
	at &lt;anonymous class&gt;.DelayedCommand.prototype.executeInternal_/h(file:///var/folders/yy/zxgm085n2zj299n6hyvsvd6m0000gp/T/anonymous8750456334572694865webdriver-profile/extensions/fxdriver@googlecode.com/components/command_processor.js:10831)
	at &lt;anonymous class&gt;.DelayedCommand.prototype.executeInternal_(file:///var/folders/yy/zxgm085n2zj299n6hyvsvd6m0000gp/T/anonymous8750456334572694865webdriver-profile/extensions/fxdriver@googlecode.com/components/command_processor.js:10836)
	at &lt;anonymous class&gt;.DelayedCommand.prototype.execute/&lt;(file:///var/folders/yy/zxgm085n2zj299n6hyvsvd6m0000gp/T/anonymous8750456334572694865webdriver-profile/extensions/fxdriver@googlecode.com/components/command_processor.js:10778)
</pre></div></td>
<td>15</td>
<td>hub.test.RegressionSuite.UserProductSelectionTest@68d6c6eb</td></tr>
<tr>
<td title='hub.test.RegressionSuite.UserProductSelectionTest.RT_02650_Cart_Link()'><b>RT_02650_Cart_Link</b><br>Test class: hub.test.RegressionSuite.UserProductSelectionTest<br>Test method: User - Product Selection</td>
<td><div><pre>org.openqa.selenium.NoSuchElementException: Unable to locate element: {&quot;method&quot;:&quot;xpath&quot;,&quot;selector&quot;:&quot;//a[@id=&apos;cartCount&apos;]&quot;}
Command duration or timeout: 11 milliseconds
For documentation on this error, please visit: http://seleniumhq.org/exceptions/no_such_element.html
Build info: version: &apos;2.38.0&apos;, revision: &apos;bd32d4e7247a32d801b3d2d4f84a4e7384300378&apos;, time: &apos;2013-12-05 09:01:37&apos;
System info: host: &apos;Crow.local&apos;, ip: &apos;10.0.10.167&apos;, os.name: &apos;Mac OS X&apos;, os.arch: &apos;x86_64&apos;, os.version: &apos;10.9.5&apos;, java.version: &apos;1.7.0_04&apos;
Session ID: a6108154-9ebd-d640-8af8-5ea76a3dfc70
Driver info: org.openqa.selenium.firefox.FirefoxDriver
Capabilities [{platform=MAC, acceptSslCerts=true, javascriptEnabled=true, browserName=firefox, rotatable=false, locationContextEnabled=true, version=23.0, cssSelectorsEnabled=true, databaseEnabled=true, handlesAlerts=true, browserConnectionEnabled=true, nativeEvents=false, webStorageEnabled=true, applicationCacheEnabled=true, takesScreenshot=true}]
	at sun.reflect.GeneratedConstructorAccessor16.newInstance(Unknown Source)
	at sun.reflect.DelegatingConstructorAccessorImpl.newInstance(DelegatingConstructorAccessorImpl.java:45)
	at java.lang.reflect.Constructor.newInstance(Constructor.java:525)
	at org.openqa.selenium.remote.ErrorHandler.createThrowable(ErrorHandler.java:193)
	at org.openqa.selenium.remote.ErrorHandler.throwIfResponseFailed(ErrorHandler.java:145)
	at org.openqa.selenium.remote.RemoteWebDriver.execute(RemoteWebDriver.java:554)
	at org.openqa.selenium.remote.RemoteWebDriver.findElement(RemoteWebDriver.java:307)
	at org.openqa.selenium.remote.RemoteWebDriver.findElementByXPath(RemoteWebDriver.java:404)
	at org.openqa.selenium.By$ByXPath.findElement(By.java:363)
	at org.openqa.selenium.remote.RemoteWebDriver.findElement(RemoteWebDriver.java:299)
	at hub.library.FunctionReference.isElementVisible(FunctionReference.java:400)
	at hub.utilities.RegressionSuiteUtil.UserProductSelectionUtil.cartLinkFunctionality(UserProductSelectionUtil.java:300)
	at hub.test.RegressionSuite.UserProductSelectionTest.RT_02650_Cart_Link(UserProductSelectionTest.java:159)
	at sun.reflect.NativeMethodAccessorImpl.invoke0(Native Method)
	at sun.reflect.NativeMethodAccessorImpl.invoke(NativeMethodAccessorImpl.java:57)
	at sun.reflect.DelegatingMethodAccessorImpl.invoke(DelegatingMethodAccessorImpl.java:43)
	at java.lang.reflect.Method.invoke(Method.java:601)
	at org.testng.internal.MethodInvocationHelper.invokeMethod(MethodInvocationHelper.java:84)
	at org.testng.internal.Invoker.invokeMethod(Invoker.java:714)
	at org.testng.internal.Invoker.invokeTestMethod(Invoker.java:901)
	at org.testng.internal.Invoker.invokeTestMethods(Invoker.java:1231)
	at org.testng.internal.TestMethodWorker.invokeTestMethods(TestMethodWorker.java:127)
	at org.testng.internal.TestMethodWorker.run(TestMethodWorker.java:111)
	at org.testng.TestRunner.privateRun(TestRunner.java:767)
	at org.testng.TestRunner.run(TestRunner.java:617)
	at org.testng.SuiteRunner.runTest(SuiteRunner.java:335)
	at org.testng.SuiteRunner.runSequentially(SuiteRunner.java:330)
	at org.testng.SuiteRunner.privateRun(SuiteRunner.java:291)
	at org.testng.SuiteRunner.run(SuiteRunner.java:240)
	at org.testng.SuiteRunnerWorker.runSuite(SuiteRunnerWorker.java:52)
	at org.testng.SuiteRunnerWorker.run(SuiteRunnerWorker.java:86)
	at org.testng.TestNG.runSuitesSequentially(TestNG.java:1224)
	at org.testng.TestNG.runSuitesLocally(TestNG.java:1149)
	at org.testng.TestNG.run(TestNG.java:1057)
	at org.testng.remote.RemoteTestNG.run(RemoteTestNG.java:111)
	at org.testng.remote.RemoteTestNG.initAndRun(RemoteTestNG.java:204)
	at org.testng.remote.RemoteTestNG.main(RemoteTestNG.java:175)
Caused by: org.openqa.selenium.remote.ErrorHandler$UnknownServerException: Unable to locate element: {&quot;method&quot;:&quot;xpath&quot;,&quot;selector&quot;:&quot;//a[@id=&apos;cartCount&apos;]&quot;}
Build info: version: &apos;2.38.0&apos;, revision: &apos;bd32d4e7247a32d801b3d2d4f84a4e7384300378&apos;, time: &apos;2013-12-05 09:01:37&apos;
System info: host: &apos;Crow.local&apos;, ip: &apos;10.0.10.167&apos;, os.name: &apos;Mac OS X&apos;, os.arch: &apos;x86_64&apos;, os.version: &apos;10.9.5&apos;, java.version: &apos;1.7.0_04&apos;
Driver info: driver.version: unknown
	at &lt;anonymous class&gt;.FirefoxDriver.prototype.findElementInternal_(file:///var/folders/yy/zxgm085n2zj299n6hyvsvd6m0000gp/T/anonymous8750456334572694865webdriver-profile/extensions/fxdriver@googlecode.com/components/driver_component.js:8860)
	at &lt;anonymous class&gt;.FirefoxDriver.prototype.findElement(file:///var/folders/yy/zxgm085n2zj299n6hyvsvd6m0000gp/T/anonymous8750456334572694865webdriver-profile/extensions/fxdriver@googlecode.com/components/driver_component.js:8869)
	at &lt;anonymous class&gt;.DelayedCommand.prototype.executeInternal_/h(file:///var/folders/yy/zxgm085n2zj299n6hyvsvd6m0000gp/T/anonymous8750456334572694865webdriver-profile/extensions/fxdriver@googlecode.com/components/command_processor.js:10831)
	at &lt;anonymous class&gt;.DelayedCommand.prototype.executeInternal_(file:///var/folders/yy/zxgm085n2zj299n6hyvsvd6m0000gp/T/anonymous8750456334572694865webdriver-profile/extensions/fxdriver@googlecode.com/components/command_processor.js:10836)
	at &lt;anonymous class&gt;.DelayedCommand.prototype.execute/&lt;(file:///var/folders/yy/zxgm085n2zj299n6hyvsvd6m0000gp/T/anonymous8750456334572694865webdriver-profile/extensions/fxdriver@googlecode.com/components/command_processor.js:10778)
</pre></div><a href='#' onClick='toggleBox("stack-trace52096753", this, "Click to show all stack frames", "Click to hide stack frames")'>Click to show all stack frames</a>
<div class='stack-trace' id='stack-trace52096753'><pre>org.openqa.selenium.NoSuchElementException: Unable to locate element: {&quot;method&quot;:&quot;xpath&quot;,&quot;selector&quot;:&quot;//a[@id=&apos;cartCount&apos;]&quot;}
Command duration or timeout: 11 milliseconds
For documentation on this error, please visit: http://seleniumhq.org/exceptions/no_such_element.html
Build info: version: &apos;2.38.0&apos;, revision: &apos;bd32d4e7247a32d801b3d2d4f84a4e7384300378&apos;, time: &apos;2013-12-05 09:01:37&apos;
System info: host: &apos;Crow.local&apos;, ip: &apos;10.0.10.167&apos;, os.name: &apos;Mac OS X&apos;, os.arch: &apos;x86_64&apos;, os.version: &apos;10.9.5&apos;, java.version: &apos;1.7.0_04&apos;
Session ID: a6108154-9ebd-d640-8af8-5ea76a3dfc70
Driver info: org.openqa.selenium.firefox.FirefoxDriver
Capabilities [{platform=MAC, acceptSslCerts=true, javascriptEnabled=true, browserName=firefox, rotatable=false, locationContextEnabled=true, version=23.0, cssSelectorsEnabled=true, databaseEnabled=true, handlesAlerts=true, browserConnectionEnabled=true, nativeEvents=false, webStorageEnabled=true, applicationCacheEnabled=true, takesScreenshot=true}]
	at sun.reflect.GeneratedConstructorAccessor16.newInstance(Unknown Source)
	at sun.reflect.DelegatingConstructorAccessorImpl.newInstance(DelegatingConstructorAccessorImpl.java:45)
	at java.lang.reflect.Constructor.newInstance(Constructor.java:525)
	at org.openqa.selenium.remote.ErrorHandler.createThrowable(ErrorHandler.java:193)
	at org.openqa.selenium.remote.ErrorHandler.throwIfResponseFailed(ErrorHandler.java:145)
	at org.openqa.selenium.remote.RemoteWebDriver.execute(RemoteWebDriver.java:554)
	at org.openqa.selenium.remote.RemoteWebDriver.findElement(RemoteWebDriver.java:307)
	at org.openqa.selenium.remote.RemoteWebDriver.findElementByXPath(RemoteWebDriver.java:404)
	at org.openqa.selenium.By$ByXPath.findElement(By.java:363)
	at org.openqa.selenium.remote.RemoteWebDriver.findElement(RemoteWebDriver.java:299)
	at hub.library.FunctionReference.isElementVisible(FunctionReference.java:400)
	at hub.utilities.RegressionSuiteUtil.UserProductSelectionUtil.cartLinkFunctionality(UserProductSelectionUtil.java:300)
	at hub.test.RegressionSuite.UserProductSelectionTest.RT_02650_Cart_Link(UserProductSelectionTest.java:159)
	at sun.reflect.NativeMethodAccessorImpl.invoke0(Native Method)
	at sun.reflect.NativeMethodAccessorImpl.invoke(NativeMethodAccessorImpl.java:57)
	at sun.reflect.DelegatingMethodAccessorImpl.invoke(DelegatingMethodAccessorImpl.java:43)
	at java.lang.reflect.Method.invoke(Method.java:601)
	at org.testng.internal.MethodInvocationHelper.invokeMethod(MethodInvocationHelper.java:84)
	at org.testng.internal.Invoker.invokeMethod(Invoker.java:714)
	at org.testng.internal.Invoker.invokeTestMethod(Invoker.java:901)
	at org.testng.internal.Invoker.invokeTestMethods(Invoker.java:1231)
	at org.testng.internal.TestMethodWorker.invokeTestMethods(TestMethodWorker.java:127)
	at org.testng.internal.TestMethodWorker.run(TestMethodWorker.java:111)
	at org.testng.TestRunner.privateRun(TestRunner.java:767)
	at org.testng.TestRunner.run(TestRunner.java:617)
	at org.testng.SuiteRunner.runTest(SuiteRunner.java:335)
	at org.testng.SuiteRunner.runSequentially(SuiteRunner.java:330)
	at org.testng.SuiteRunner.privateRun(SuiteRunner.java:291)
	at org.testng.SuiteRunner.run(SuiteRunner.java:240)
	at org.testng.SuiteRunnerWorker.runSuite(SuiteRunnerWorker.java:52)
	at org.testng.SuiteRunnerWorker.run(SuiteRunnerWorker.java:86)
	at org.testng.TestNG.runSuitesSequentially(TestNG.java:1224)
	at org.testng.TestNG.runSuitesLocally(TestNG.java:1149)
	at org.testng.TestNG.run(TestNG.java:1057)
	at org.testng.remote.RemoteTestNG.run(RemoteTestNG.java:111)
	at org.testng.remote.RemoteTestNG.initAndRun(RemoteTestNG.java:204)
	at org.testng.remote.RemoteTestNG.main(RemoteTestNG.java:175)
Caused by: org.openqa.selenium.remote.ErrorHandler$UnknownServerException: Unable to locate element: {&quot;method&quot;:&quot;xpath&quot;,&quot;selector&quot;:&quot;//a[@id=&apos;cartCount&apos;]&quot;}
Build info: version: &apos;2.38.0&apos;, revision: &apos;bd32d4e7247a32d801b3d2d4f84a4e7384300378&apos;, time: &apos;2013-12-05 09:01:37&apos;
System info: host: &apos;Crow.local&apos;, ip: &apos;10.0.10.167&apos;, os.name: &apos;Mac OS X&apos;, os.arch: &apos;x86_64&apos;, os.version: &apos;10.9.5&apos;, java.version: &apos;1.7.0_04&apos;
Driver info: driver.version: unknown
	at &lt;anonymous class&gt;.FirefoxDriver.prototype.findElementInternal_(file:///var/folders/yy/zxgm085n2zj299n6hyvsvd6m0000gp/T/anonymous8750456334572694865webdriver-profile/extensions/fxdriver@googlecode.com/components/driver_component.js:8860)
	at &lt;anonymous class&gt;.FirefoxDriver.prototype.findElement(file:///var/folders/yy/zxgm085n2zj299n6hyvsvd6m0000gp/T/anonymous8750456334572694865webdriver-profile/extensions/fxdriver@googlecode.com/components/driver_component.js:8869)
	at &lt;anonymous class&gt;.DelayedCommand.prototype.executeInternal_/h(file:///var/folders/yy/zxgm085n2zj299n6hyvsvd6m0000gp/T/anonymous8750456334572694865webdriver-profile/extensions/fxdriver@googlecode.com/components/command_processor.js:10831)
	at &lt;anonymous class&gt;.DelayedCommand.prototype.executeInternal_(file:///var/folders/yy/zxgm085n2zj299n6hyvsvd6m0000gp/T/anonymous8750456334572694865webdriver-profile/extensions/fxdriver@googlecode.com/components/command_processor.js:10836)
	at &lt;anonymous class&gt;.DelayedCommand.prototype.execute/&lt;(file:///var/folders/yy/zxgm085n2zj299n6hyvsvd6m0000gp/T/anonymous8750456334572694865webdriver-profile/extensions/fxdriver@googlecode.com/components/command_processor.js:10778)
</pre></div></td>
<td>15</td>
<td>hub.test.RegressionSuite.UserProductSelectionTest@68d6c6eb</td></tr>
<tr>
<td title='hub.test.RegressionSuite.UserProductSelectionTest.RT_02658_On_Account()'><b>RT_02658_On_Account</b><br>Test class: hub.test.RegressionSuite.UserProductSelectionTest<br>Test method: User - Product Selection</td>
<td><div><pre>org.openqa.selenium.NoSuchElementException: Unable to locate element: {&quot;method&quot;:&quot;xpath&quot;,&quot;selector&quot;:&quot;//*[@id=&apos;tabReports&apos;]//*[contains(@class,&apos;price&apos;)]&quot;}
Command duration or timeout: 12 milliseconds
For documentation on this error, please visit: http://seleniumhq.org/exceptions/no_such_element.html
Build info: version: &apos;2.38.0&apos;, revision: &apos;bd32d4e7247a32d801b3d2d4f84a4e7384300378&apos;, time: &apos;2013-12-05 09:01:37&apos;
System info: host: &apos;Crow.local&apos;, ip: &apos;10.0.10.167&apos;, os.name: &apos;Mac OS X&apos;, os.arch: &apos;x86_64&apos;, os.version: &apos;10.9.5&apos;, java.version: &apos;1.7.0_04&apos;
Session ID: a6108154-9ebd-d640-8af8-5ea76a3dfc70
Driver info: org.openqa.selenium.firefox.FirefoxDriver
Capabilities [{platform=MAC, acceptSslCerts=true, javascriptEnabled=true, browserName=firefox, rotatable=false, locationContextEnabled=true, version=23.0, cssSelectorsEnabled=true, databaseEnabled=true, handlesAlerts=true, browserConnectionEnabled=true, nativeEvents=false, webStorageEnabled=true, applicationCacheEnabled=true, takesScreenshot=true}]
	at sun.reflect.GeneratedConstructorAccessor16.newInstance(Unknown Source)
	at sun.reflect.DelegatingConstructorAccessorImpl.newInstance(DelegatingConstructorAccessorImpl.java:45)
	at java.lang.reflect.Constructor.newInstance(Constructor.java:525)
	at org.openqa.selenium.remote.ErrorHandler.createThrowable(ErrorHandler.java:193)
	at org.openqa.selenium.remote.ErrorHandler.throwIfResponseFailed(ErrorHandler.java:145)
	at org.openqa.selenium.remote.RemoteWebDriver.execute(RemoteWebDriver.java:554)
	at org.openqa.selenium.remote.RemoteWebDriver.findElement(RemoteWebDriver.java:307)
	at org.openqa.selenium.remote.RemoteWebDriver.findElementByXPath(RemoteWebDriver.java:404)
	at org.openqa.selenium.By$ByXPath.findElement(By.java:363)
	at org.openqa.selenium.remote.RemoteWebDriver.findElement(RemoteWebDriver.java:299)
	at hub.library.FunctionReference.isElementVisible(FunctionReference.java:400)
	at hub.utilities.RegressionSuiteUtil.UserProductSelectionUtil.productOnAccount(UserProductSelectionUtil.java:295)
	at hub.test.RegressionSuite.UserProductSelectionTest.RT_02658_On_Account(UserProductSelectionTest.java:154)
	at sun.reflect.NativeMethodAccessorImpl.invoke0(Native Method)
	at sun.reflect.NativeMethodAccessorImpl.invoke(NativeMethodAccessorImpl.java:57)
	at sun.reflect.DelegatingMethodAccessorImpl.invoke(DelegatingMethodAccessorImpl.java:43)
	at java.lang.reflect.Method.invoke(Method.java:601)
	at org.testng.internal.MethodInvocationHelper.invokeMethod(MethodInvocationHelper.java:84)
	at org.testng.internal.Invoker.invokeMethod(Invoker.java:714)
	at org.testng.internal.Invoker.invokeTestMethod(Invoker.java:901)
	at org.testng.internal.Invoker.invokeTestMethods(Invoker.java:1231)
	at org.testng.internal.TestMethodWorker.invokeTestMethods(TestMethodWorker.java:127)
	at org.testng.internal.TestMethodWorker.run(TestMethodWorker.java:111)
	at org.testng.TestRunner.privateRun(TestRunner.java:767)
	at org.testng.TestRunner.run(TestRunner.java:617)
	at org.testng.SuiteRunner.runTest(SuiteRunner.java:335)
	at org.testng.SuiteRunner.runSequentially(SuiteRunner.java:330)
	at org.testng.SuiteRunner.privateRun(SuiteRunner.java:291)
	at org.testng.SuiteRunner.run(SuiteRunner.java:240)
	at org.testng.SuiteRunnerWorker.runSuite(SuiteRunnerWorker.java:52)
	at org.testng.SuiteRunnerWorker.run(SuiteRunnerWorker.java:86)
	at org.testng.TestNG.runSuitesSequentially(TestNG.java:1224)
	at org.testng.TestNG.runSuitesLocally(TestNG.java:1149)
	at org.testng.TestNG.run(TestNG.java:1057)
	at org.testng.remote.RemoteTestNG.run(RemoteTestNG.java:111)
	at org.testng.remote.RemoteTestNG.initAndRun(RemoteTestNG.java:204)
	at org.testng.remote.RemoteTestNG.main(RemoteTestNG.java:175)
Caused by: org.openqa.selenium.remote.ErrorHandler$UnknownServerException: Unable to locate element: {&quot;method&quot;:&quot;xpath&quot;,&quot;selector&quot;:&quot;//*[@id=&apos;tabReports&apos;]//*[contains(@class,&apos;price&apos;)]&quot;}
Build info: version: &apos;2.38.0&apos;, revision: &apos;bd32d4e7247a32d801b3d2d4f84a4e7384300378&apos;, time: &apos;2013-12-05 09:01:37&apos;
System info: host: &apos;Crow.local&apos;, ip: &apos;10.0.10.167&apos;, os.name: &apos;Mac OS X&apos;, os.arch: &apos;x86_64&apos;, os.version: &apos;10.9.5&apos;, java.version: &apos;1.7.0_04&apos;
Driver info: driver.version: unknown
	at &lt;anonymous class&gt;.FirefoxDriver.prototype.findElementInternal_(file:///var/folders/yy/zxgm085n2zj299n6hyvsvd6m0000gp/T/anonymous8750456334572694865webdriver-profile/extensions/fxdriver@googlecode.com/components/driver_component.js:8860)
	at &lt;anonymous class&gt;.FirefoxDriver.prototype.findElement(file:///var/folders/yy/zxgm085n2zj299n6hyvsvd6m0000gp/T/anonymous8750456334572694865webdriver-profile/extensions/fxdriver@googlecode.com/components/driver_component.js:8869)
	at &lt;anonymous class&gt;.DelayedCommand.prototype.executeInternal_/h(file:///var/folders/yy/zxgm085n2zj299n6hyvsvd6m0000gp/T/anonymous8750456334572694865webdriver-profile/extensions/fxdriver@googlecode.com/components/command_processor.js:10831)
	at &lt;anonymous class&gt;.DelayedCommand.prototype.executeInternal_(file:///var/folders/yy/zxgm085n2zj299n6hyvsvd6m0000gp/T/anonymous8750456334572694865webdriver-profile/extensions/fxdriver@googlecode.com/components/command_processor.js:10836)
	at &lt;anonymous class&gt;.DelayedCommand.prototype.execute/&lt;(file:///var/folders/yy/zxgm085n2zj299n6hyvsvd6m0000gp/T/anonymous8750456334572694865webdriver-profile/extensions/fxdriver@googlecode.com/components/command_processor.js:10778)
</pre></div><a href='#' onClick='toggleBox("stack-trace1023860080", this, "Click to show all stack frames", "Click to hide stack frames")'>Click to show all stack frames</a>
<div class='stack-trace' id='stack-trace1023860080'><pre>org.openqa.selenium.NoSuchElementException: Unable to locate element: {&quot;method&quot;:&quot;xpath&quot;,&quot;selector&quot;:&quot;//*[@id=&apos;tabReports&apos;]//*[contains(@class,&apos;price&apos;)]&quot;}
Command duration or timeout: 12 milliseconds
For documentation on this error, please visit: http://seleniumhq.org/exceptions/no_such_element.html
Build info: version: &apos;2.38.0&apos;, revision: &apos;bd32d4e7247a32d801b3d2d4f84a4e7384300378&apos;, time: &apos;2013-12-05 09:01:37&apos;
System info: host: &apos;Crow.local&apos;, ip: &apos;10.0.10.167&apos;, os.name: &apos;Mac OS X&apos;, os.arch: &apos;x86_64&apos;, os.version: &apos;10.9.5&apos;, java.version: &apos;1.7.0_04&apos;
Session ID: a6108154-9ebd-d640-8af8-5ea76a3dfc70
Driver info: org.openqa.selenium.firefox.FirefoxDriver
Capabilities [{platform=MAC, acceptSslCerts=true, javascriptEnabled=true, browserName=firefox, rotatable=false, locationContextEnabled=true, version=23.0, cssSelectorsEnabled=true, databaseEnabled=true, handlesAlerts=true, browserConnectionEnabled=true, nativeEvents=false, webStorageEnabled=true, applicationCacheEnabled=true, takesScreenshot=true}]
	at sun.reflect.GeneratedConstructorAccessor16.newInstance(Unknown Source)
	at sun.reflect.DelegatingConstructorAccessorImpl.newInstance(DelegatingConstructorAccessorImpl.java:45)
	at java.lang.reflect.Constructor.newInstance(Constructor.java:525)
	at org.openqa.selenium.remote.ErrorHandler.createThrowable(ErrorHandler.java:193)
	at org.openqa.selenium.remote.ErrorHandler.throwIfResponseFailed(ErrorHandler.java:145)
	at org.openqa.selenium.remote.RemoteWebDriver.execute(RemoteWebDriver.java:554)
	at org.openqa.selenium.remote.RemoteWebDriver.findElement(RemoteWebDriver.java:307)
	at org.openqa.selenium.remote.RemoteWebDriver.findElementByXPath(RemoteWebDriver.java:404)
	at org.openqa.selenium.By$ByXPath.findElement(By.java:363)
	at org.openqa.selenium.remote.RemoteWebDriver.findElement(RemoteWebDriver.java:299)
	at hub.library.FunctionReference.isElementVisible(FunctionReference.java:400)
	at hub.utilities.RegressionSuiteUtil.UserProductSelectionUtil.productOnAccount(UserProductSelectionUtil.java:295)
	at hub.test.RegressionSuite.UserProductSelectionTest.RT_02658_On_Account(UserProductSelectionTest.java:154)
	at sun.reflect.NativeMethodAccessorImpl.invoke0(Native Method)
	at sun.reflect.NativeMethodAccessorImpl.invoke(NativeMethodAccessorImpl.java:57)
	at sun.reflect.DelegatingMethodAccessorImpl.invoke(DelegatingMethodAccessorImpl.java:43)
	at java.lang.reflect.Method.invoke(Method.java:601)
	at org.testng.internal.MethodInvocationHelper.invokeMethod(MethodInvocationHelper.java:84)
	at org.testng.internal.Invoker.invokeMethod(Invoker.java:714)
	at org.testng.internal.Invoker.invokeTestMethod(Invoker.java:901)
	at org.testng.internal.Invoker.invokeTestMethods(Invoker.java:1231)
	at org.testng.internal.TestMethodWorker.invokeTestMethods(TestMethodWorker.java:127)
	at org.testng.internal.TestMethodWorker.run(TestMethodWorker.java:111)
	at org.testng.TestRunner.privateRun(TestRunner.java:767)
	at org.testng.TestRunner.run(TestRunner.java:617)
	at org.testng.SuiteRunner.runTest(SuiteRunner.java:335)
	at org.testng.SuiteRunner.runSequentially(SuiteRunner.java:330)
	at org.testng.SuiteRunner.privateRun(SuiteRunner.java:291)
	at org.testng.SuiteRunner.run(SuiteRunner.java:240)
	at org.testng.SuiteRunnerWorker.runSuite(SuiteRunnerWorker.java:52)
	at org.testng.SuiteRunnerWorker.run(SuiteRunnerWorker.java:86)
	at org.testng.TestNG.runSuitesSequentially(TestNG.java:1224)
	at org.testng.TestNG.runSuitesLocally(TestNG.java:1149)
	at org.testng.TestNG.run(TestNG.java:1057)
	at org.testng.remote.RemoteTestNG.run(RemoteTestNG.java:111)
	at org.testng.remote.RemoteTestNG.initAndRun(RemoteTestNG.java:204)
	at org.testng.remote.RemoteTestNG.main(RemoteTestNG.java:175)
Caused by: org.openqa.selenium.remote.ErrorHandler$UnknownServerException: Unable to locate element: {&quot;method&quot;:&quot;xpath&quot;,&quot;selector&quot;:&quot;//*[@id=&apos;tabReports&apos;]//*[contains(@class,&apos;price&apos;)]&quot;}
Build info: version: &apos;2.38.0&apos;, revision: &apos;bd32d4e7247a32d801b3d2d4f84a4e7384300378&apos;, time: &apos;2013-12-05 09:01:37&apos;
System info: host: &apos;Crow.local&apos;, ip: &apos;10.0.10.167&apos;, os.name: &apos;Mac OS X&apos;, os.arch: &apos;x86_64&apos;, os.version: &apos;10.9.5&apos;, java.version: &apos;1.7.0_04&apos;
Driver info: driver.version: unknown
	at &lt;anonymous class&gt;.FirefoxDriver.prototype.findElementInternal_(file:///var/folders/yy/zxgm085n2zj299n6hyvsvd6m0000gp/T/anonymous8750456334572694865webdriver-profile/extensions/fxdriver@googlecode.com/components/driver_component.js:8860)
	at &lt;anonymous class&gt;.FirefoxDriver.prototype.findElement(file:///var/folders/yy/zxgm085n2zj299n6hyvsvd6m0000gp/T/anonymous8750456334572694865webdriver-profile/extensions/fxdriver@googlecode.com/components/driver_component.js:8869)
	at &lt;anonymous class&gt;.DelayedCommand.prototype.executeInternal_/h(file:///var/folders/yy/zxgm085n2zj299n6hyvsvd6m0000gp/T/anonymous8750456334572694865webdriver-profile/extensions/fxdriver@googlecode.com/components/command_processor.js:10831)
	at &lt;anonymous class&gt;.DelayedCommand.prototype.executeInternal_(file:///var/folders/yy/zxgm085n2zj299n6hyvsvd6m0000gp/T/anonymous8750456334572694865webdriver-profile/extensions/fxdriver@googlecode.com/components/command_processor.js:10836)
	at &lt;anonymous class&gt;.DelayedCommand.prototype.execute/&lt;(file:///var/folders/yy/zxgm085n2zj299n6hyvsvd6m0000gp/T/anonymous8750456334572694865webdriver-profile/extensions/fxdriver@googlecode.com/components/command_processor.js:10778)
</pre></div></td>
<td>15</td>
<td>hub.test.RegressionSuite.UserProductSelectionTest@68d6c6eb</td></tr>
<tr>
<td title='hub.test.RegressionSuite.UserProductSelectionTest.RT_02903_Empowerment_Metropolitan_Regional()'><b>RT_02903_Empowerment_Metropolitan_Regional</b><br>Test class: hub.test.RegressionSuite.UserProductSelectionTest<br>Test method: User - Product Selection</td>
<td><div><pre>org.openqa.selenium.NoSuchElementException: Unable to locate element: {&quot;method&quot;:&quot;xpath&quot;,&quot;selector&quot;:&quot;(//a[@class=&apos;hubTextlink&apos;])[4]&quot;}
Command duration or timeout: 11 milliseconds
For documentation on this error, please visit: http://seleniumhq.org/exceptions/no_such_element.html
Build info: version: &apos;2.38.0&apos;, revision: &apos;bd32d4e7247a32d801b3d2d4f84a4e7384300378&apos;, time: &apos;2013-12-05 09:01:37&apos;
System info: host: &apos;Crow.local&apos;, ip: &apos;10.0.10.167&apos;, os.name: &apos;Mac OS X&apos;, os.arch: &apos;x86_64&apos;, os.version: &apos;10.9.5&apos;, java.version: &apos;1.7.0_04&apos;
Session ID: a6108154-9ebd-d640-8af8-5ea76a3dfc70
Driver info: org.openqa.selenium.firefox.FirefoxDriver
Capabilities [{platform=MAC, acceptSslCerts=true, javascriptEnabled=true, browserName=firefox, rotatable=false, locationContextEnabled=true, version=23.0, cssSelectorsEnabled=true, databaseEnabled=true, handlesAlerts=true, browserConnectionEnabled=true, nativeEvents=false, webStorageEnabled=true, applicationCacheEnabled=true, takesScreenshot=true}]
	at sun.reflect.GeneratedConstructorAccessor16.newInstance(Unknown Source)
	at sun.reflect.DelegatingConstructorAccessorImpl.newInstance(DelegatingConstructorAccessorImpl.java:45)
	at java.lang.reflect.Constructor.newInstance(Constructor.java:525)
	at org.openqa.selenium.remote.ErrorHandler.createThrowable(ErrorHandler.java:193)
	at org.openqa.selenium.remote.ErrorHandler.throwIfResponseFailed(ErrorHandler.java:145)
	at org.openqa.selenium.remote.RemoteWebDriver.execute(RemoteWebDriver.java:554)
	at org.openqa.selenium.remote.RemoteWebDriver.findElement(RemoteWebDriver.java:307)
	at org.openqa.selenium.remote.RemoteWebDriver.findElementByXPath(RemoteWebDriver.java:404)
	at org.openqa.selenium.By$ByXPath.findElement(By.java:363)
	at org.openqa.selenium.remote.RemoteWebDriver.findElement(RemoteWebDriver.java:299)
	at hub.library.FunctionReference.isElementVisible(FunctionReference.java:400)
	at hub.library.FunctionReference.waitForElementVisible(FunctionReference.java:411)
	at hub.utilities.RegressionSuiteUtil.UserProductSelectionUtil.proceedProductSelection(UserProductSelectionUtil.java:68)
	at hub.utilities.RegressionSuiteUtil.UserProductSelectionUtil.lenderEmpowermentMetropolitan(UserProductSelectionUtil.java:275)
	at hub.test.RegressionSuite.UserProductSelectionTest.RT_02903_Empowerment_Metropolitan_Regional(UserProductSelectionTest.java:139)
	at sun.reflect.NativeMethodAccessorImpl.invoke0(Native Method)
	at sun.reflect.NativeMethodAccessorImpl.invoke(NativeMethodAccessorImpl.java:57)
	at sun.reflect.DelegatingMethodAccessorImpl.invoke(DelegatingMethodAccessorImpl.java:43)
	at java.lang.reflect.Method.invoke(Method.java:601)
	at org.testng.internal.MethodInvocationHelper.invokeMethod(MethodInvocationHelper.java:84)
	at org.testng.internal.Invoker.invokeMethod(Invoker.java:714)
	at org.testng.internal.Invoker.invokeTestMethod(Invoker.java:901)
	at org.testng.internal.Invoker.invokeTestMethods(Invoker.java:1231)
	at org.testng.internal.TestMethodWorker.invokeTestMethods(TestMethodWorker.java:127)
	at org.testng.internal.TestMethodWorker.run(TestMethodWorker.java:111)
	at org.testng.TestRunner.privateRun(TestRunner.java:767)
	at org.testng.TestRunner.run(TestRunner.java:617)
	at org.testng.SuiteRunner.runTest(SuiteRunner.java:335)
	at org.testng.SuiteRunner.runSequentially(SuiteRunner.java:330)
	at org.testng.SuiteRunner.privateRun(SuiteRunner.java:291)
	at org.testng.SuiteRunner.run(SuiteRunner.java:240)
	at org.testng.SuiteRunnerWorker.runSuite(SuiteRunnerWorker.java:52)
	at org.testng.SuiteRunnerWorker.run(SuiteRunnerWorker.java:86)
	at org.testng.TestNG.runSuitesSequentially(TestNG.java:1224)
	at org.testng.TestNG.runSuitesLocally(TestNG.java:1149)
	at org.testng.TestNG.run(TestNG.java:1057)
	at org.testng.remote.RemoteTestNG.run(RemoteTestNG.java:111)
	at org.testng.remote.RemoteTestNG.initAndRun(RemoteTestNG.java:204)
	at org.testng.remote.RemoteTestNG.main(RemoteTestNG.java:175)
Caused by: org.openqa.selenium.remote.ErrorHandler$UnknownServerException: Unable to locate element: {&quot;method&quot;:&quot;xpath&quot;,&quot;selector&quot;:&quot;(//a[@class=&apos;hubTextlink&apos;])[4]&quot;}
Build info: version: &apos;2.38.0&apos;, revision: &apos;bd32d4e7247a32d801b3d2d4f84a4e7384300378&apos;, time: &apos;2013-12-05 09:01:37&apos;
System info: host: &apos;Crow.local&apos;, ip: &apos;10.0.10.167&apos;, os.name: &apos;Mac OS X&apos;, os.arch: &apos;x86_64&apos;, os.version: &apos;10.9.5&apos;, java.version: &apos;1.7.0_04&apos;
Driver info: driver.version: unknown
	at &lt;anonymous class&gt;.FirefoxDriver.prototype.findElementInternal_(file:///var/folders/yy/zxgm085n2zj299n6hyvsvd6m0000gp/T/anonymous8750456334572694865webdriver-profile/extensions/fxdriver@googlecode.com/components/driver_component.js:8860)
	at &lt;anonymous class&gt;.FirefoxDriver.prototype.findElement(file:///var/folders/yy/zxgm085n2zj299n6hyvsvd6m0000gp/T/anonymous8750456334572694865webdriver-profile/extensions/fxdriver@googlecode.com/components/driver_component.js:8869)
	at &lt;anonymous class&gt;.DelayedCommand.prototype.executeInternal_/h(file:///var/folders/yy/zxgm085n2zj299n6hyvsvd6m0000gp/T/anonymous8750456334572694865webdriver-profile/extensions/fxdriver@googlecode.com/components/command_processor.js:10831)
	at &lt;anonymous class&gt;.DelayedCommand.prototype.executeInternal_(file:///var/folders/yy/zxgm085n2zj299n6hyvsvd6m0000gp/T/anonymous8750456334572694865webdriver-profile/extensions/fxdriver@googlecode.com/components/command_processor.js:10836)
	at &lt;anonymous class&gt;.DelayedCommand.prototype.execute/&lt;(file:///var/folders/yy/zxgm085n2zj299n6hyvsvd6m0000gp/T/anonymous8750456334572694865webdriver-profile/extensions/fxdriver@googlecode.com/components/command_processor.js:10778)
</pre></div><a href='#' onClick='toggleBox("stack-trace915569520", this, "Click to show all stack frames", "Click to hide stack frames")'>Click to show all stack frames</a>
<div class='stack-trace' id='stack-trace915569520'><pre>org.openqa.selenium.NoSuchElementException: Unable to locate element: {&quot;method&quot;:&quot;xpath&quot;,&quot;selector&quot;:&quot;(//a[@class=&apos;hubTextlink&apos;])[4]&quot;}
Command duration or timeout: 11 milliseconds
For documentation on this error, please visit: http://seleniumhq.org/exceptions/no_such_element.html
Build info: version: &apos;2.38.0&apos;, revision: &apos;bd32d4e7247a32d801b3d2d4f84a4e7384300378&apos;, time: &apos;2013-12-05 09:01:37&apos;
System info: host: &apos;Crow.local&apos;, ip: &apos;10.0.10.167&apos;, os.name: &apos;Mac OS X&apos;, os.arch: &apos;x86_64&apos;, os.version: &apos;10.9.5&apos;, java.version: &apos;1.7.0_04&apos;
Session ID: a6108154-9ebd-d640-8af8-5ea76a3dfc70
Driver info: org.openqa.selenium.firefox.FirefoxDriver
Capabilities [{platform=MAC, acceptSslCerts=true, javascriptEnabled=true, browserName=firefox, rotatable=false, locationContextEnabled=true, version=23.0, cssSelectorsEnabled=true, databaseEnabled=true, handlesAlerts=true, browserConnectionEnabled=true, nativeEvents=false, webStorageEnabled=true, applicationCacheEnabled=true, takesScreenshot=true}]
	at sun.reflect.GeneratedConstructorAccessor16.newInstance(Unknown Source)
	at sun.reflect.DelegatingConstructorAccessorImpl.newInstance(DelegatingConstructorAccessorImpl.java:45)
	at java.lang.reflect.Constructor.newInstance(Constructor.java:525)
	at org.openqa.selenium.remote.ErrorHandler.createThrowable(ErrorHandler.java:193)
	at org.openqa.selenium.remote.ErrorHandler.throwIfResponseFailed(ErrorHandler.java:145)
	at org.openqa.selenium.remote.RemoteWebDriver.execute(RemoteWebDriver.java:554)
	at org.openqa.selenium.remote.RemoteWebDriver.findElement(RemoteWebDriver.java:307)
	at org.openqa.selenium.remote.RemoteWebDriver.findElementByXPath(RemoteWebDriver.java:404)
	at org.openqa.selenium.By$ByXPath.findElement(By.java:363)
	at org.openqa.selenium.remote.RemoteWebDriver.findElement(RemoteWebDriver.java:299)
	at hub.library.FunctionReference.isElementVisible(FunctionReference.java:400)
	at hub.library.FunctionReference.waitForElementVisible(FunctionReference.java:411)
	at hub.utilities.RegressionSuiteUtil.UserProductSelectionUtil.proceedProductSelection(UserProductSelectionUtil.java:68)
	at hub.utilities.RegressionSuiteUtil.UserProductSelectionUtil.lenderEmpowermentMetropolitan(UserProductSelectionUtil.java:275)
	at hub.test.RegressionSuite.UserProductSelectionTest.RT_02903_Empowerment_Metropolitan_Regional(UserProductSelectionTest.java:139)
	at sun.reflect.NativeMethodAccessorImpl.invoke0(Native Method)
	at sun.reflect.NativeMethodAccessorImpl.invoke(NativeMethodAccessorImpl.java:57)
	at sun.reflect.DelegatingMethodAccessorImpl.invoke(DelegatingMethodAccessorImpl.java:43)
	at java.lang.reflect.Method.invoke(Method.java:601)
	at org.testng.internal.MethodInvocationHelper.invokeMethod(MethodInvocationHelper.java:84)
	at org.testng.internal.Invoker.invokeMethod(Invoker.java:714)
	at org.testng.internal.Invoker.invokeTestMethod(Invoker.java:901)
	at org.testng.internal.Invoker.invokeTestMethods(Invoker.java:1231)
	at org.testng.internal.TestMethodWorker.invokeTestMethods(TestMethodWorker.java:127)
	at org.testng.internal.TestMethodWorker.run(TestMethodWorker.java:111)
	at org.testng.TestRunner.privateRun(TestRunner.java:767)
	at org.testng.TestRunner.run(TestRunner.java:617)
	at org.testng.SuiteRunner.runTest(SuiteRunner.java:335)
	at org.testng.SuiteRunner.runSequentially(SuiteRunner.java:330)
	at org.testng.SuiteRunner.privateRun(SuiteRunner.java:291)
	at org.testng.SuiteRunner.run(SuiteRunner.java:240)
	at org.testng.SuiteRunnerWorker.runSuite(SuiteRunnerWorker.java:52)
	at org.testng.SuiteRunnerWorker.run(SuiteRunnerWorker.java:86)
	at org.testng.TestNG.runSuitesSequentially(TestNG.java:1224)
	at org.testng.TestNG.runSuitesLocally(TestNG.java:1149)
	at org.testng.TestNG.run(TestNG.java:1057)
	at org.testng.remote.RemoteTestNG.run(RemoteTestNG.java:111)
	at org.testng.remote.RemoteTestNG.initAndRun(RemoteTestNG.java:204)
	at org.testng.remote.RemoteTestNG.main(RemoteTestNG.java:175)
Caused by: org.openqa.selenium.remote.ErrorHandler$UnknownServerException: Unable to locate element: {&quot;method&quot;:&quot;xpath&quot;,&quot;selector&quot;:&quot;(//a[@class=&apos;hubTextlink&apos;])[4]&quot;}
Build info: version: &apos;2.38.0&apos;, revision: &apos;bd32d4e7247a32d801b3d2d4f84a4e7384300378&apos;, time: &apos;2013-12-05 09:01:37&apos;
System info: host: &apos;Crow.local&apos;, ip: &apos;10.0.10.167&apos;, os.name: &apos;Mac OS X&apos;, os.arch: &apos;x86_64&apos;, os.version: &apos;10.9.5&apos;, java.version: &apos;1.7.0_04&apos;
Driver info: driver.version: unknown
	at &lt;anonymous class&gt;.FirefoxDriver.prototype.findElementInternal_(file:///var/folders/yy/zxgm085n2zj299n6hyvsvd6m0000gp/T/anonymous8750456334572694865webdriver-profile/extensions/fxdriver@googlecode.com/components/driver_component.js:8860)
	at &lt;anonymous class&gt;.FirefoxDriver.prototype.findElement(file:///var/folders/yy/zxgm085n2zj299n6hyvsvd6m0000gp/T/anonymous8750456334572694865webdriver-profile/extensions/fxdriver@googlecode.com/components/driver_component.js:8869)
	at &lt;anonymous class&gt;.DelayedCommand.prototype.executeInternal_/h(file:///var/folders/yy/zxgm085n2zj299n6hyvsvd6m0000gp/T/anonymous8750456334572694865webdriver-profile/extensions/fxdriver@googlecode.com/components/command_processor.js:10831)
	at &lt;anonymous class&gt;.DelayedCommand.prototype.executeInternal_(file:///var/folders/yy/zxgm085n2zj299n6hyvsvd6m0000gp/T/anonymous8750456334572694865webdriver-profile/extensions/fxdriver@googlecode.com/components/command_processor.js:10836)
	at &lt;anonymous class&gt;.DelayedCommand.prototype.execute/&lt;(file:///var/folders/yy/zxgm085n2zj299n6hyvsvd6m0000gp/T/anonymous8750456334572694865webdriver-profile/extensions/fxdriver@googlecode.com/components/command_processor.js:10778)
</pre></div></td>
<td>44</td>
<td>hub.test.RegressionSuite.UserProductSelectionTest@68d6c6eb</td></tr>
<tr>
<td title='hub.test.RegressionSuite.UserProductSelectionTest.RT_03099_Product_Details_More()'><b>RT_03099_Product_Details_More</b><br>Test class: hub.test.RegressionSuite.UserProductSelectionTest<br>Test method: User - Product Selection</td>
<td><div><pre>org.openqa.selenium.NoSuchElementException: Unable to locate element: {&quot;method&quot;:&quot;xpath&quot;,&quot;selector&quot;:&quot;//*[@id=&apos;tabReports&apos;]//*[contains(@class,&apos;longDescription&apos;)]&quot;}
Command duration or timeout: 12 milliseconds
For documentation on this error, please visit: http://seleniumhq.org/exceptions/no_such_element.html
Build info: version: &apos;2.38.0&apos;, revision: &apos;bd32d4e7247a32d801b3d2d4f84a4e7384300378&apos;, time: &apos;2013-12-05 09:01:37&apos;
System info: host: &apos;Crow.local&apos;, ip: &apos;10.0.10.167&apos;, os.name: &apos;Mac OS X&apos;, os.arch: &apos;x86_64&apos;, os.version: &apos;10.9.5&apos;, java.version: &apos;1.7.0_04&apos;
Session ID: a6108154-9ebd-d640-8af8-5ea76a3dfc70
Driver info: org.openqa.selenium.firefox.FirefoxDriver
Capabilities [{platform=MAC, acceptSslCerts=true, javascriptEnabled=true, browserName=firefox, rotatable=false, locationContextEnabled=true, version=23.0, cssSelectorsEnabled=true, databaseEnabled=true, handlesAlerts=true, browserConnectionEnabled=true, nativeEvents=false, webStorageEnabled=true, applicationCacheEnabled=true, takesScreenshot=true}]
	at sun.reflect.GeneratedConstructorAccessor16.newInstance(Unknown Source)
	at sun.reflect.DelegatingConstructorAccessorImpl.newInstance(DelegatingConstructorAccessorImpl.java:45)
	at java.lang.reflect.Constructor.newInstance(Constructor.java:525)
	at org.openqa.selenium.remote.ErrorHandler.createThrowable(ErrorHandler.java:193)
	at org.openqa.selenium.remote.ErrorHandler.throwIfResponseFailed(ErrorHandler.java:145)
	at org.openqa.selenium.remote.RemoteWebDriver.execute(RemoteWebDriver.java:554)
	at org.openqa.selenium.remote.RemoteWebDriver.findElement(RemoteWebDriver.java:307)
	at org.openqa.selenium.remote.RemoteWebDriver.findElementByXPath(RemoteWebDriver.java:404)
	at org.openqa.selenium.By$ByXPath.findElement(By.java:363)
	at org.openqa.selenium.remote.RemoteWebDriver.findElement(RemoteWebDriver.java:299)
	at hub.library.FunctionReference.isElementVisible(FunctionReference.java:400)
	at hub.utilities.RegressionSuiteUtil.UserProductSelectionUtil.productDetailsMore(UserProductSelectionUtil.java:288)
	at hub.test.RegressionSuite.UserProductSelectionTest.RT_03099_Product_Details_More(UserProductSelectionTest.java:149)
	at sun.reflect.NativeMethodAccessorImpl.invoke0(Native Method)
	at sun.reflect.NativeMethodAccessorImpl.invoke(NativeMethodAccessorImpl.java:57)
	at sun.reflect.DelegatingMethodAccessorImpl.invoke(DelegatingMethodAccessorImpl.java:43)
	at java.lang.reflect.Method.invoke(Method.java:601)
	at org.testng.internal.MethodInvocationHelper.invokeMethod(MethodInvocationHelper.java:84)
	at org.testng.internal.Invoker.invokeMethod(Invoker.java:714)
	at org.testng.internal.Invoker.invokeTestMethod(Invoker.java:901)
	at org.testng.internal.Invoker.invokeTestMethods(Invoker.java:1231)
	at org.testng.internal.TestMethodWorker.invokeTestMethods(TestMethodWorker.java:127)
	at org.testng.internal.TestMethodWorker.run(TestMethodWorker.java:111)
	at org.testng.TestRunner.privateRun(TestRunner.java:767)
	at org.testng.TestRunner.run(TestRunner.java:617)
	at org.testng.SuiteRunner.runTest(SuiteRunner.java:335)
	at org.testng.SuiteRunner.runSequentially(SuiteRunner.java:330)
	at org.testng.SuiteRunner.privateRun(SuiteRunner.java:291)
	at org.testng.SuiteRunner.run(SuiteRunner.java:240)
	at org.testng.SuiteRunnerWorker.runSuite(SuiteRunnerWorker.java:52)
	at org.testng.SuiteRunnerWorker.run(SuiteRunnerWorker.java:86)
	at org.testng.TestNG.runSuitesSequentially(TestNG.java:1224)
	at org.testng.TestNG.runSuitesLocally(TestNG.java:1149)
	at org.testng.TestNG.run(TestNG.java:1057)
	at org.testng.remote.RemoteTestNG.run(RemoteTestNG.java:111)
	at org.testng.remote.RemoteTestNG.initAndRun(RemoteTestNG.java:204)
	at org.testng.remote.RemoteTestNG.main(RemoteTestNG.java:175)
Caused by: org.openqa.selenium.remote.ErrorHandler$UnknownServerException: Unable to locate element: {&quot;method&quot;:&quot;xpath&quot;,&quot;selector&quot;:&quot;//*[@id=&apos;tabReports&apos;]//*[contains(@class,&apos;longDescription&apos;)]&quot;}
Build info: version: &apos;2.38.0&apos;, revision: &apos;bd32d4e7247a32d801b3d2d4f84a4e7384300378&apos;, time: &apos;2013-12-05 09:01:37&apos;
System info: host: &apos;Crow.local&apos;, ip: &apos;10.0.10.167&apos;, os.name: &apos;Mac OS X&apos;, os.arch: &apos;x86_64&apos;, os.version: &apos;10.9.5&apos;, java.version: &apos;1.7.0_04&apos;
Driver info: driver.version: unknown
	at &lt;anonymous class&gt;.FirefoxDriver.prototype.findElementInternal_(file:///var/folders/yy/zxgm085n2zj299n6hyvsvd6m0000gp/T/anonymous8750456334572694865webdriver-profile/extensions/fxdriver@googlecode.com/components/driver_component.js:8860)
	at &lt;anonymous class&gt;.FirefoxDriver.prototype.findElement(file:///var/folders/yy/zxgm085n2zj299n6hyvsvd6m0000gp/T/anonymous8750456334572694865webdriver-profile/extensions/fxdriver@googlecode.com/components/driver_component.js:8869)
	at &lt;anonymous class&gt;.DelayedCommand.prototype.executeInternal_/h(file:///var/folders/yy/zxgm085n2zj299n6hyvsvd6m0000gp/T/anonymous8750456334572694865webdriver-profile/extensions/fxdriver@googlecode.com/components/command_processor.js:10831)
	at &lt;anonymous class&gt;.DelayedCommand.prototype.executeInternal_(file:///var/folders/yy/zxgm085n2zj299n6hyvsvd6m0000gp/T/anonymous8750456334572694865webdriver-profile/extensions/fxdriver@googlecode.com/components/command_processor.js:10836)
	at &lt;anonymous class&gt;.DelayedCommand.prototype.execute/&lt;(file:///var/folders/yy/zxgm085n2zj299n6hyvsvd6m0000gp/T/anonymous8750456334572694865webdriver-profile/extensions/fxdriver@googlecode.com/components/command_processor.js:10778)
</pre></div><a href='#' onClick='toggleBox("stack-trace29184529", this, "Click to show all stack frames", "Click to hide stack frames")'>Click to show all stack frames</a>
<div class='stack-trace' id='stack-trace29184529'><pre>org.openqa.selenium.NoSuchElementException: Unable to locate element: {&quot;method&quot;:&quot;xpath&quot;,&quot;selector&quot;:&quot;//*[@id=&apos;tabReports&apos;]//*[contains(@class,&apos;longDescription&apos;)]&quot;}
Command duration or timeout: 12 milliseconds
For documentation on this error, please visit: http://seleniumhq.org/exceptions/no_such_element.html
Build info: version: &apos;2.38.0&apos;, revision: &apos;bd32d4e7247a32d801b3d2d4f84a4e7384300378&apos;, time: &apos;2013-12-05 09:01:37&apos;
System info: host: &apos;Crow.local&apos;, ip: &apos;10.0.10.167&apos;, os.name: &apos;Mac OS X&apos;, os.arch: &apos;x86_64&apos;, os.version: &apos;10.9.5&apos;, java.version: &apos;1.7.0_04&apos;
Session ID: a6108154-9ebd-d640-8af8-5ea76a3dfc70
Driver info: org.openqa.selenium.firefox.FirefoxDriver
Capabilities [{platform=MAC, acceptSslCerts=true, javascriptEnabled=true, browserName=firefox, rotatable=false, locationContextEnabled=true, version=23.0, cssSelectorsEnabled=true, databaseEnabled=true, handlesAlerts=true, browserConnectionEnabled=true, nativeEvents=false, webStorageEnabled=true, applicationCacheEnabled=true, takesScreenshot=true}]
	at sun.reflect.GeneratedConstructorAccessor16.newInstance(Unknown Source)
	at sun.reflect.DelegatingConstructorAccessorImpl.newInstance(DelegatingConstructorAccessorImpl.java:45)
	at java.lang.reflect.Constructor.newInstance(Constructor.java:525)
	at org.openqa.selenium.remote.ErrorHandler.createThrowable(ErrorHandler.java:193)
	at org.openqa.selenium.remote.ErrorHandler.throwIfResponseFailed(ErrorHandler.java:145)
	at org.openqa.selenium.remote.RemoteWebDriver.execute(RemoteWebDriver.java:554)
	at org.openqa.selenium.remote.RemoteWebDriver.findElement(RemoteWebDriver.java:307)
	at org.openqa.selenium.remote.RemoteWebDriver.findElementByXPath(RemoteWebDriver.java:404)
	at org.openqa.selenium.By$ByXPath.findElement(By.java:363)
	at org.openqa.selenium.remote.RemoteWebDriver.findElement(RemoteWebDriver.java:299)
	at hub.library.FunctionReference.isElementVisible(FunctionReference.java:400)
	at hub.utilities.RegressionSuiteUtil.UserProductSelectionUtil.productDetailsMore(UserProductSelectionUtil.java:288)
	at hub.test.RegressionSuite.UserProductSelectionTest.RT_03099_Product_Details_More(UserProductSelectionTest.java:149)
	at sun.reflect.NativeMethodAccessorImpl.invoke0(Native Method)
	at sun.reflect.NativeMethodAccessorImpl.invoke(NativeMethodAccessorImpl.java:57)
	at sun.reflect.DelegatingMethodAccessorImpl.invoke(DelegatingMethodAccessorImpl.java:43)
	at java.lang.reflect.Method.invoke(Method.java:601)
	at org.testng.internal.MethodInvocationHelper.invokeMethod(MethodInvocationHelper.java:84)
	at org.testng.internal.Invoker.invokeMethod(Invoker.java:714)
	at org.testng.internal.Invoker.invokeTestMethod(Invoker.java:901)
	at org.testng.internal.Invoker.invokeTestMethods(Invoker.java:1231)
	at org.testng.internal.TestMethodWorker.invokeTestMethods(TestMethodWorker.java:127)
	at org.testng.internal.TestMethodWorker.run(TestMethodWorker.java:111)
	at org.testng.TestRunner.privateRun(TestRunner.java:767)
	at org.testng.TestRunner.run(TestRunner.java:617)
	at org.testng.SuiteRunner.runTest(SuiteRunner.java:335)
	at org.testng.SuiteRunner.runSequentially(SuiteRunner.java:330)
	at org.testng.SuiteRunner.privateRun(SuiteRunner.java:291)
	at org.testng.SuiteRunner.run(SuiteRunner.java:240)
	at org.testng.SuiteRunnerWorker.runSuite(SuiteRunnerWorker.java:52)
	at org.testng.SuiteRunnerWorker.run(SuiteRunnerWorker.java:86)
	at org.testng.TestNG.runSuitesSequentially(TestNG.java:1224)
	at org.testng.TestNG.runSuitesLocally(TestNG.java:1149)
	at org.testng.TestNG.run(TestNG.java:1057)
	at org.testng.remote.RemoteTestNG.run(RemoteTestNG.java:111)
	at org.testng.remote.RemoteTestNG.initAndRun(RemoteTestNG.java:204)
	at org.testng.remote.RemoteTestNG.main(RemoteTestNG.java:175)
Caused by: org.openqa.selenium.remote.ErrorHandler$UnknownServerException: Unable to locate element: {&quot;method&quot;:&quot;xpath&quot;,&quot;selector&quot;:&quot;//*[@id=&apos;tabReports&apos;]//*[contains(@class,&apos;longDescription&apos;)]&quot;}
Build info: version: &apos;2.38.0&apos;, revision: &apos;bd32d4e7247a32d801b3d2d4f84a4e7384300378&apos;, time: &apos;2013-12-05 09:01:37&apos;
System info: host: &apos;Crow.local&apos;, ip: &apos;10.0.10.167&apos;, os.name: &apos;Mac OS X&apos;, os.arch: &apos;x86_64&apos;, os.version: &apos;10.9.5&apos;, java.version: &apos;1.7.0_04&apos;
Driver info: driver.version: unknown
	at &lt;anonymous class&gt;.FirefoxDriver.prototype.findElementInternal_(file:///var/folders/yy/zxgm085n2zj299n6hyvsvd6m0000gp/T/anonymous8750456334572694865webdriver-profile/extensions/fxdriver@googlecode.com/components/driver_component.js:8860)
	at &lt;anonymous class&gt;.FirefoxDriver.prototype.findElement(file:///var/folders/yy/zxgm085n2zj299n6hyvsvd6m0000gp/T/anonymous8750456334572694865webdriver-profile/extensions/fxdriver@googlecode.com/components/driver_component.js:8869)
	at &lt;anonymous class&gt;.DelayedCommand.prototype.executeInternal_/h(file:///var/folders/yy/zxgm085n2zj299n6hyvsvd6m0000gp/T/anonymous8750456334572694865webdriver-profile/extensions/fxdriver@googlecode.com/components/command_processor.js:10831)
	at &lt;anonymous class&gt;.DelayedCommand.prototype.executeInternal_(file:///var/folders/yy/zxgm085n2zj299n6hyvsvd6m0000gp/T/anonymous8750456334572694865webdriver-profile/extensions/fxdriver@googlecode.com/components/command_processor.js:10836)
	at &lt;anonymous class&gt;.DelayedCommand.prototype.execute/&lt;(file:///var/folders/yy/zxgm085n2zj299n6hyvsvd6m0000gp/T/anonymous8750456334572694865webdriver-profile/extensions/fxdriver@googlecode.com/components/command_processor.js:10778)
</pre></div></td>
<td>15</td>
<td>hub.test.RegressionSuite.UserProductSelectionTest@68d6c6eb</td></tr>
<tr>
<td title='hub.test.RegressionSuite.UserProductSelectionTest.RT_08845_Loan_Amount_Active()'><b>RT_08845_Loan_Amount_Active</b><br>Test class: hub.test.RegressionSuite.UserProductSelectionTest<br>Test method: User - Product Selection</td>
<td><div><pre>java.lang.ArrayIndexOutOfBoundsException: 40
	at jxl.read.biff.SheetImpl.getCell(SheetImpl.java:318)
	at hub.library.FunctionReference.getDataFromxls(FunctionReference.java:530)
	at hub.utilities.RegressionSuiteUtil.UserProductSelectionUtil.loanAmountActive(UserProductSelectionUtil.java:347)
	at hub.test.RegressionSuite.UserProductSelectionTest.RT_08845_Loan_Amount_Active(UserProductSelectionTest.java:174)
	at sun.reflect.NativeMethodAccessorImpl.invoke0(Native Method)
	at sun.reflect.NativeMethodAccessorImpl.invoke(NativeMethodAccessorImpl.java:57)
	at sun.reflect.DelegatingMethodAccessorImpl.invoke(DelegatingMethodAccessorImpl.java:43)
	at java.lang.reflect.Method.invoke(Method.java:601)
	at org.testng.internal.MethodInvocationHelper.invokeMethod(MethodInvocationHelper.java:84)
	at org.testng.internal.Invoker.invokeMethod(Invoker.java:714)
	at org.testng.internal.Invoker.invokeTestMethod(Invoker.java:901)
	at org.testng.internal.Invoker.invokeTestMethods(Invoker.java:1231)
	at org.testng.internal.TestMethodWorker.invokeTestMethods(TestMethodWorker.java:127)
	at org.testng.internal.TestMethodWorker.run(TestMethodWorker.java:111)
	at org.testng.TestRunner.privateRun(TestRunner.java:767)
	at org.testng.TestRunner.run(TestRunner.java:617)
	at org.testng.SuiteRunner.runTest(SuiteRunner.java:335)
	at org.testng.SuiteRunner.runSequentially(SuiteRunner.java:330)
	at org.testng.SuiteRunner.privateRun(SuiteRunner.java:291)
	at org.testng.SuiteRunner.run(SuiteRunner.java:240)
	at org.testng.SuiteRunnerWorker.runSuite(SuiteRunnerWorker.java:52)
	at org.testng.SuiteRunnerWorker.run(SuiteRunnerWorker.java:86)
	at org.testng.TestNG.runSuitesSequentially(TestNG.java:1224)
	at org.testng.TestNG.runSuitesLocally(TestNG.java:1149)
	at org.testng.TestNG.run(TestNG.java:1057)
	at org.testng.remote.RemoteTestNG.run(RemoteTestNG.java:111)
	at org.testng.remote.RemoteTestNG.initAndRun(RemoteTestNG.java:204)
	at org.testng.remote.RemoteTestNG.main(RemoteTestNG.java:175)
</pre></div><a href='#' onClick='toggleBox("stack-trace69554004", this, "Click to show all stack frames", "Click to hide stack frames")'>Click to show all stack frames</a>
<div class='stack-trace' id='stack-trace69554004'><pre>java.lang.ArrayIndexOutOfBoundsException: 40
	at jxl.read.biff.SheetImpl.getCell(SheetImpl.java:318)
	at hub.library.FunctionReference.getDataFromxls(FunctionReference.java:530)
	at hub.utilities.RegressionSuiteUtil.UserProductSelectionUtil.loanAmountActive(UserProductSelectionUtil.java:347)
	at hub.test.RegressionSuite.UserProductSelectionTest.RT_08845_Loan_Amount_Active(UserProductSelectionTest.java:174)
	at sun.reflect.NativeMethodAccessorImpl.invoke0(Native Method)
	at sun.reflect.NativeMethodAccessorImpl.invoke(NativeMethodAccessorImpl.java:57)
	at sun.reflect.DelegatingMethodAccessorImpl.invoke(DelegatingMethodAccessorImpl.java:43)
	at java.lang.reflect.Method.invoke(Method.java:601)
	at org.testng.internal.MethodInvocationHelper.invokeMethod(MethodInvocationHelper.java:84)
	at org.testng.internal.Invoker.invokeMethod(Invoker.java:714)
	at org.testng.internal.Invoker.invokeTestMethod(Invoker.java:901)
	at org.testng.internal.Invoker.invokeTestMethods(Invoker.java:1231)
	at org.testng.internal.TestMethodWorker.invokeTestMethods(TestMethodWorker.java:127)
	at org.testng.internal.TestMethodWorker.run(TestMethodWorker.java:111)
	at org.testng.TestRunner.privateRun(TestRunner.java:767)
	at org.testng.TestRunner.run(TestRunner.java:617)
	at org.testng.SuiteRunner.runTest(SuiteRunner.java:335)
	at org.testng.SuiteRunner.runSequentially(SuiteRunner.java:330)
	at org.testng.SuiteRunner.privateRun(SuiteRunner.java:291)
	at org.testng.SuiteRunner.run(SuiteRunner.java:240)
	at org.testng.SuiteRunnerWorker.runSuite(SuiteRunnerWorker.java:52)
	at org.testng.SuiteRunnerWorker.run(SuiteRunnerWorker.java:86)
	at org.testng.TestNG.runSuitesSequentially(TestNG.java:1224)
	at org.testng.TestNG.runSuitesLocally(TestNG.java:1149)
	at org.testng.TestNG.run(TestNG.java:1057)
	at org.testng.remote.RemoteTestNG.run(RemoteTestNG.java:111)
	at org.testng.remote.RemoteTestNG.initAndRun(RemoteTestNG.java:204)
	at org.testng.remote.RemoteTestNG.main(RemoteTestNG.java:175)
</pre></div></td>
<td>16</td>
<td>hub.test.RegressionSuite.UserProductSelectionTest@68d6c6eb</td></tr>
<tr>
<td title='hub.test.RegressionSuite.UserProductSelectionTest.RT_08846_Loan_Amount_Mandatory()'><b>RT_08846_Loan_Amount_Mandatory</b><br>Test class: hub.test.RegressionSuite.UserProductSelectionTest<br>Test method: User - Product Selection</td>
<td><div><pre>org.openqa.selenium.NoSuchElementException: Unable to locate element: {&quot;method&quot;:&quot;xpath&quot;,&quot;selector&quot;:&quot;//*[@id=&apos;7&apos;]&quot;}
Command duration or timeout: 9 milliseconds
For documentation on this error, please visit: http://seleniumhq.org/exceptions/no_such_element.html
Build info: version: &apos;2.38.0&apos;, revision: &apos;bd32d4e7247a32d801b3d2d4f84a4e7384300378&apos;, time: &apos;2013-12-05 09:01:37&apos;
System info: host: &apos;Crow.local&apos;, ip: &apos;10.0.10.167&apos;, os.name: &apos;Mac OS X&apos;, os.arch: &apos;x86_64&apos;, os.version: &apos;10.9.5&apos;, java.version: &apos;1.7.0_04&apos;
Session ID: a6108154-9ebd-d640-8af8-5ea76a3dfc70
Driver info: org.openqa.selenium.firefox.FirefoxDriver
Capabilities [{platform=MAC, acceptSslCerts=true, javascriptEnabled=true, browserName=firefox, rotatable=false, locationContextEnabled=true, version=23.0, cssSelectorsEnabled=true, databaseEnabled=true, handlesAlerts=true, browserConnectionEnabled=true, nativeEvents=false, webStorageEnabled=true, applicationCacheEnabled=true, takesScreenshot=true}]
	at sun.reflect.GeneratedConstructorAccessor16.newInstance(Unknown Source)
	at sun.reflect.DelegatingConstructorAccessorImpl.newInstance(DelegatingConstructorAccessorImpl.java:45)
	at java.lang.reflect.Constructor.newInstance(Constructor.java:525)
	at org.openqa.selenium.remote.ErrorHandler.createThrowable(ErrorHandler.java:193)
	at org.openqa.selenium.remote.ErrorHandler.throwIfResponseFailed(ErrorHandler.java:145)
	at org.openqa.selenium.remote.RemoteWebDriver.execute(RemoteWebDriver.java:554)
	at org.openqa.selenium.remote.RemoteWebDriver.findElement(RemoteWebDriver.java:307)
	at org.openqa.selenium.remote.RemoteWebDriver.findElementByXPath(RemoteWebDriver.java:404)
	at org.openqa.selenium.By$ByXPath.findElement(By.java:363)
	at org.openqa.selenium.remote.RemoteWebDriver.findElement(RemoteWebDriver.java:299)
	at hub.library.FunctionReference.click(FunctionReference.java:239)
	at hub.utilities.RegressionSuiteUtil.UserProductSelectionUtil.loanAmountMandatory(UserProductSelectionUtil.java:360)
	at hub.test.RegressionSuite.UserProductSelectionTest.RT_08846_Loan_Amount_Mandatory(UserProductSelectionTest.java:179)
	at sun.reflect.NativeMethodAccessorImpl.invoke0(Native Method)
	at sun.reflect.NativeMethodAccessorImpl.invoke(NativeMethodAccessorImpl.java:57)
	at sun.reflect.DelegatingMethodAccessorImpl.invoke(DelegatingMethodAccessorImpl.java:43)
	at java.lang.reflect.Method.invoke(Method.java:601)
	at org.testng.internal.MethodInvocationHelper.invokeMethod(MethodInvocationHelper.java:84)
	at org.testng.internal.Invoker.invokeMethod(Invoker.java:714)
	at org.testng.internal.Invoker.invokeTestMethod(Invoker.java:901)
	at org.testng.internal.Invoker.invokeTestMethods(Invoker.java:1231)
	at org.testng.internal.TestMethodWorker.invokeTestMethods(TestMethodWorker.java:127)
	at org.testng.internal.TestMethodWorker.run(TestMethodWorker.java:111)
	at org.testng.TestRunner.privateRun(TestRunner.java:767)
	at org.testng.TestRunner.run(TestRunner.java:617)
	at org.testng.SuiteRunner.runTest(SuiteRunner.java:335)
	at org.testng.SuiteRunner.runSequentially(SuiteRunner.java:330)
	at org.testng.SuiteRunner.privateRun(SuiteRunner.java:291)
	at org.testng.SuiteRunner.run(SuiteRunner.java:240)
	at org.testng.SuiteRunnerWorker.runSuite(SuiteRunnerWorker.java:52)
	at org.testng.SuiteRunnerWorker.run(SuiteRunnerWorker.java:86)
	at org.testng.TestNG.runSuitesSequentially(TestNG.java:1224)
	at org.testng.TestNG.runSuitesLocally(TestNG.java:1149)
	at org.testng.TestNG.run(TestNG.java:1057)
	at org.testng.remote.RemoteTestNG.run(RemoteTestNG.java:111)
	at org.testng.remote.RemoteTestNG.initAndRun(RemoteTestNG.java:204)
	at org.testng.remote.RemoteTestNG.main(RemoteTestNG.java:175)
Caused by: org.openqa.selenium.remote.ErrorHandler$UnknownServerException: Unable to locate element: {&quot;method&quot;:&quot;xpath&quot;,&quot;selector&quot;:&quot;//*[@id=&apos;7&apos;]&quot;}
Build info: version: &apos;2.38.0&apos;, revision: &apos;bd32d4e7247a32d801b3d2d4f84a4e7384300378&apos;, time: &apos;2013-12-05 09:01:37&apos;
System info: host: &apos;Crow.local&apos;, ip: &apos;10.0.10.167&apos;, os.name: &apos;Mac OS X&apos;, os.arch: &apos;x86_64&apos;, os.version: &apos;10.9.5&apos;, java.version: &apos;1.7.0_04&apos;
Driver info: driver.version: unknown
	at &lt;anonymous class&gt;.FirefoxDriver.prototype.findElementInternal_(file:///var/folders/yy/zxgm085n2zj299n6hyvsvd6m0000gp/T/anonymous8750456334572694865webdriver-profile/extensions/fxdriver@googlecode.com/components/driver_component.js:8860)
	at &lt;anonymous class&gt;.FirefoxDriver.prototype.findElement(file:///var/folders/yy/zxgm085n2zj299n6hyvsvd6m0000gp/T/anonymous8750456334572694865webdriver-profile/extensions/fxdriver@googlecode.com/components/driver_component.js:8869)
	at &lt;anonymous class&gt;.DelayedCommand.prototype.executeInternal_/h(file:///var/folders/yy/zxgm085n2zj299n6hyvsvd6m0000gp/T/anonymous8750456334572694865webdriver-profile/extensions/fxdriver@googlecode.com/components/command_processor.js:10831)
	at &lt;anonymous class&gt;.DelayedCommand.prototype.executeInternal_(file:///var/folders/yy/zxgm085n2zj299n6hyvsvd6m0000gp/T/anonymous8750456334572694865webdriver-profile/extensions/fxdriver@googlecode.com/components/command_processor.js:10836)
	at &lt;anonymous class&gt;.DelayedCommand.prototype.execute/&lt;(file:///var/folders/yy/zxgm085n2zj299n6hyvsvd6m0000gp/T/anonymous8750456334572694865webdriver-profile/extensions/fxdriver@googlecode.com/components/command_processor.js:10778)
</pre></div><a href='#' onClick='toggleBox("stack-trace1451795427", this, "Click to show all stack frames", "Click to hide stack frames")'>Click to show all stack frames</a>
<div class='stack-trace' id='stack-trace1451795427'><pre>org.openqa.selenium.NoSuchElementException: Unable to locate element: {&quot;method&quot;:&quot;xpath&quot;,&quot;selector&quot;:&quot;//*[@id=&apos;7&apos;]&quot;}
Command duration or timeout: 9 milliseconds
For documentation on this error, please visit: http://seleniumhq.org/exceptions/no_such_element.html
Build info: version: &apos;2.38.0&apos;, revision: &apos;bd32d4e7247a32d801b3d2d4f84a4e7384300378&apos;, time: &apos;2013-12-05 09:01:37&apos;
System info: host: &apos;Crow.local&apos;, ip: &apos;10.0.10.167&apos;, os.name: &apos;Mac OS X&apos;, os.arch: &apos;x86_64&apos;, os.version: &apos;10.9.5&apos;, java.version: &apos;1.7.0_04&apos;
Session ID: a6108154-9ebd-d640-8af8-5ea76a3dfc70
Driver info: org.openqa.selenium.firefox.FirefoxDriver
Capabilities [{platform=MAC, acceptSslCerts=true, javascriptEnabled=true, browserName=firefox, rotatable=false, locationContextEnabled=true, version=23.0, cssSelectorsEnabled=true, databaseEnabled=true, handlesAlerts=true, browserConnectionEnabled=true, nativeEvents=false, webStorageEnabled=true, applicationCacheEnabled=true, takesScreenshot=true}]
	at sun.reflect.GeneratedConstructorAccessor16.newInstance(Unknown Source)
	at sun.reflect.DelegatingConstructorAccessorImpl.newInstance(DelegatingConstructorAccessorImpl.java:45)
	at java.lang.reflect.Constructor.newInstance(Constructor.java:525)
	at org.openqa.selenium.remote.ErrorHandler.createThrowable(ErrorHandler.java:193)
	at org.openqa.selenium.remote.ErrorHandler.throwIfResponseFailed(ErrorHandler.java:145)
	at org.openqa.selenium.remote.RemoteWebDriver.execute(RemoteWebDriver.java:554)
	at org.openqa.selenium.remote.RemoteWebDriver.findElement(RemoteWebDriver.java:307)
	at org.openqa.selenium.remote.RemoteWebDriver.findElementByXPath(RemoteWebDriver.java:404)
	at org.openqa.selenium.By$ByXPath.findElement(By.java:363)
	at org.openqa.selenium.remote.RemoteWebDriver.findElement(RemoteWebDriver.java:299)
	at hub.library.FunctionReference.click(FunctionReference.java:239)
	at hub.utilities.RegressionSuiteUtil.UserProductSelectionUtil.loanAmountMandatory(UserProductSelectionUtil.java:360)
	at hub.test.RegressionSuite.UserProductSelectionTest.RT_08846_Loan_Amount_Mandatory(UserProductSelectionTest.java:179)
	at sun.reflect.NativeMethodAccessorImpl.invoke0(Native Method)
	at sun.reflect.NativeMethodAccessorImpl.invoke(NativeMethodAccessorImpl.java:57)
	at sun.reflect.DelegatingMethodAccessorImpl.invoke(DelegatingMethodAccessorImpl.java:43)
	at java.lang.reflect.Method.invoke(Method.java:601)
	at org.testng.internal.MethodInvocationHelper.invokeMethod(MethodInvocationHelper.java:84)
	at org.testng.internal.Invoker.invokeMethod(Invoker.java:714)
	at org.testng.internal.Invoker.invokeTestMethod(Invoker.java:901)
	at org.testng.internal.Invoker.invokeTestMethods(Invoker.java:1231)
	at org.testng.internal.TestMethodWorker.invokeTestMethods(TestMethodWorker.java:127)
	at org.testng.internal.TestMethodWorker.run(TestMethodWorker.java:111)
	at org.testng.TestRunner.privateRun(TestRunner.java:767)
	at org.testng.TestRunner.run(TestRunner.java:617)
	at org.testng.SuiteRunner.runTest(SuiteRunner.java:335)
	at org.testng.SuiteRunner.runSequentially(SuiteRunner.java:330)
	at org.testng.SuiteRunner.privateRun(SuiteRunner.java:291)
	at org.testng.SuiteRunner.run(SuiteRunner.java:240)
	at org.testng.SuiteRunnerWorker.runSuite(SuiteRunnerWorker.java:52)
	at org.testng.SuiteRunnerWorker.run(SuiteRunnerWorker.java:86)
	at org.testng.TestNG.runSuitesSequentially(TestNG.java:1224)
	at org.testng.TestNG.runSuitesLocally(TestNG.java:1149)
	at org.testng.TestNG.run(TestNG.java:1057)
	at org.testng.remote.RemoteTestNG.run(RemoteTestNG.java:111)
	at org.testng.remote.RemoteTestNG.initAndRun(RemoteTestNG.java:204)
	at org.testng.remote.RemoteTestNG.main(RemoteTestNG.java:175)
Caused by: org.openqa.selenium.remote.ErrorHandler$UnknownServerException: Unable to locate element: {&quot;method&quot;:&quot;xpath&quot;,&quot;selector&quot;:&quot;//*[@id=&apos;7&apos;]&quot;}
Build info: version: &apos;2.38.0&apos;, revision: &apos;bd32d4e7247a32d801b3d2d4f84a4e7384300378&apos;, time: &apos;2013-12-05 09:01:37&apos;
System info: host: &apos;Crow.local&apos;, ip: &apos;10.0.10.167&apos;, os.name: &apos;Mac OS X&apos;, os.arch: &apos;x86_64&apos;, os.version: &apos;10.9.5&apos;, java.version: &apos;1.7.0_04&apos;
Driver info: driver.version: unknown
	at &lt;anonymous class&gt;.FirefoxDriver.prototype.findElementInternal_(file:///var/folders/yy/zxgm085n2zj299n6hyvsvd6m0000gp/T/anonymous8750456334572694865webdriver-profile/extensions/fxdriver@googlecode.com/components/driver_component.js:8860)
	at &lt;anonymous class&gt;.FirefoxDriver.prototype.findElement(file:///var/folders/yy/zxgm085n2zj299n6hyvsvd6m0000gp/T/anonymous8750456334572694865webdriver-profile/extensions/fxdriver@googlecode.com/components/driver_component.js:8869)
	at &lt;anonymous class&gt;.DelayedCommand.prototype.executeInternal_/h(file:///var/folders/yy/zxgm085n2zj299n6hyvsvd6m0000gp/T/anonymous8750456334572694865webdriver-profile/extensions/fxdriver@googlecode.com/components/command_processor.js:10831)
	at &lt;anonymous class&gt;.DelayedCommand.prototype.executeInternal_(file:///var/folders/yy/zxgm085n2zj299n6hyvsvd6m0000gp/T/anonymous8750456334572694865webdriver-profile/extensions/fxdriver@googlecode.com/components/command_processor.js:10836)
	at &lt;anonymous class&gt;.DelayedCommand.prototype.execute/&lt;(file:///var/folders/yy/zxgm085n2zj299n6hyvsvd6m0000gp/T/anonymous8750456334572694865webdriver-profile/extensions/fxdriver@googlecode.com/components/command_processor.js:10778)
</pre></div></td>
<td>5</td>
<td>hub.test.RegressionSuite.UserProductSelectionTest@68d6c6eb</td></tr>
</table><p>
<table width='100%' border='1' class='invocation-passed'>
<tr><td colspan='4' align='center'><b>PASSED TESTS</b></td></tr>
<tr><td><b>Test method</b></td>
<td width="30%"><b>Exception</b></td>
<td width="10%"><b>Time (seconds)</b></td>
<td><b>Instance</b></td>
</tr>
<tr>
<td title='hub.test.RegressionSuite.UserProductSelectionTest.RT_02269_Proceed_Product_Selection_Link()'><b>RT_02269_Proceed_Product_Selection_Link</b><br>Test class: hub.test.RegressionSuite.UserProductSelectionTest<br>Test method: User - Product Selection</td>
<td></td>
<td>0</td>
<td>hub.test.RegressionSuite.UserProductSelectionTest@68d6c6eb</td></tr>
<tr>
<td title='hub.test.RegressionSuite.UserProductSelectionTest.RT_02375_OEVPP_Formatted()'><b>RT_02375_OEVPP_Formatted</b><br>Test class: hub.test.RegressionSuite.UserProductSelectionTest<br>Test method: User - Product Selection</td>
<td></td>
<td>12</td>
<td>hub.test.RegressionSuite.UserProductSelectionTest@68d6c6eb</td></tr>
<tr>
<td title='hub.test.RegressionSuite.UserProductSelectionTest.RT_02619_No_Prompt_Originator_Details()'><b>RT_02619_No_Prompt_Originator_Details</b><br>Test class: hub.test.RegressionSuite.UserProductSelectionTest<br>Test method: User - Product Selection</td>
<td></td>
<td>30</td>
<td>hub.test.RegressionSuite.UserProductSelectionTest@68d6c6eb</td></tr>
<tr>
<td title='hub.test.RegressionSuite.UserProductSelectionTest.RT_02654_Prompt_Originator_Details()'><b>RT_02654_Prompt_Originator_Details</b><br>Test class: hub.test.RegressionSuite.UserProductSelectionTest<br>Test method: User - Product Selection</td>
<td></td>
<td>5</td>
<td>hub.test.RegressionSuite.UserProductSelectionTest@68d6c6eb</td></tr>
<tr>
<td title='hub.test.RegressionSuite.UserProductSelectionTest.RT_02678_OEVPP_Required_Numeric()'><b>RT_02678_OEVPP_Required_Numeric</b><br>Test class: hub.test.RegressionSuite.UserProductSelectionTest<br>Test method: User - Product Selection</td>
<td></td>
<td>4</td>
<td>hub.test.RegressionSuite.UserProductSelectionTest@68d6c6eb</td></tr>
<tr>
<td title='hub.test.RegressionSuite.UserProductSelectionTest.RT_02704_Url_Https()'><b>RT_02704_Url_Https</b><br>Test class: hub.test.RegressionSuite.UserProductSelectionTest<br>Test method: User - Product Selection</td>
<td></td>
<td>0</td>
<td>hub.test.RegressionSuite.UserProductSelectionTest@68d6c6eb</td></tr>
<tr>
<td title='hub.test.RegressionSuite.UserProductSelectionTest.RT_02904_PP_No_RPID()'><b>RT_02904_PP_No_RPID</b><br>Test class: hub.test.RegressionSuite.UserProductSelectionTest<br>Test method: User - Product Selection</td>
<td></td>
<td>31</td>
<td>hub.test.RegressionSuite.UserProductSelectionTest@68d6c6eb</td></tr>
<tr>
<td title='hub.test.RegressionSuite.UserProductSelectionTest.RT_02977_DAOTA_Exclusions()'><b>RT_02977_DAOTA_Exclusions</b><br>Test class: hub.test.RegressionSuite.UserProductSelectionTest<br>Test method: User - Product Selection</td>
<td></td>
<td>6</td>
<td>hub.test.RegressionSuite.UserProductSelectionTest@68d6c6eb</td></tr>
<tr>
<td title='hub.test.RegressionSuite.UserProductSelectionTest.RT_03107_Property_Type_Field()'><b>RT_03107_Property_Type_Field</b><br>Test class: hub.test.RegressionSuite.UserProductSelectionTest<br>Test method: User - Product Selection</td>
<td></td>
<td>4</td>
<td>hub.test.RegressionSuite.UserProductSelectionTest@68d6c6eb</td></tr>
<tr>
<td title='hub.test.RegressionSuite.UserProductSelectionTest.RT_03108_DAOTA_Required()'><b>RT_03108_DAOTA_Required</b><br>Test class: hub.test.RegressionSuite.UserProductSelectionTest<br>Test method: User - Product Selection</td>
<td></td>
<td>6</td>
<td>hub.test.RegressionSuite.UserProductSelectionTest@68d6c6eb</td></tr>
<tr>
<td title='hub.test.RegressionSuite.UserProductSelectionTest.RT_03109_AVM_Ack_Display()'><b>RT_03109_AVM_Ack_Display</b><br>Test class: hub.test.RegressionSuite.UserProductSelectionTest<br>Test method: User - Product Selection</td>
<td></td>
<td>0</td>
<td>hub.test.RegressionSuite.UserProductSelectionTest@68d6c6eb</td></tr>
<tr>
<td title='hub.test.RegressionSuite.UserProductSelectionTest.RT_03110_AVM_Ack_Required()'><b>RT_03110_AVM_Ack_Required</b><br>Test class: hub.test.RegressionSuite.UserProductSelectionTest<br>Test method: User - Product Selection</td>
<td></td>
<td>6</td>
<td>hub.test.RegressionSuite.UserProductSelectionTest@68d6c6eb</td></tr>
<tr>
<td title='hub.test.RegressionSuite.UserProductSelectionTest.RT_03111_AVM_Ack_Replaced()'><b>RT_03111_AVM_Ack_Replaced</b><br>Test class: hub.test.RegressionSuite.UserProductSelectionTest<br>Test method: User - Product Selection</td>
<td></td>
<td>2</td>
<td>hub.test.RegressionSuite.UserProductSelectionTest@68d6c6eb</td></tr>
<tr>
<td title='hub.test.RegressionSuite.UserProductSelectionTest.RT_03117_Information_Icon_Hover()'><b>RT_03117_Information_Icon_Hover</b><br>Test class: hub.test.RegressionSuite.UserProductSelectionTest<br>Test method: User - Product Selection</td>
<td></td>
<td>0</td>
<td>hub.test.RegressionSuite.UserProductSelectionTest@68d6c6eb</td></tr>
<tr>
<td title='hub.test.RegressionSuite.UserProductSelectionTest.RT_03127_Product_Tab_Not_Active()'><b>RT_03127_Product_Tab_Not_Active</b><br>Test class: hub.test.RegressionSuite.UserProductSelectionTest<br>Test method: User - Product Selection</td>
<td></td>
<td>0</td>
<td>hub.test.RegressionSuite.UserProductSelectionTest@68d6c6eb</td></tr>
<tr>
<td title='hub.test.RegressionSuite.UserProductSelectionTest.RT_08844_Loan_Amount_Not_Active()'><b>RT_08844_Loan_Amount_Not_Active</b><br>Test class: hub.test.RegressionSuite.UserProductSelectionTest<br>Test method: User - Product Selection</td>
<td></td>
<td>0</td>
<td>hub.test.RegressionSuite.UserProductSelectionTest@68d6c6eb</td></tr>
<tr>
<td title='hub.test.RegressionSuite.UserProductSelectionTest.RT_Loan_App_Required()'><b>RT_Loan_App_Required</b><br>Test class: hub.test.RegressionSuite.UserProductSelectionTest<br>Test method: User - Product Selection</td>
<td></td>
<td>9</td>
<td>hub.test.RegressionSuite.UserProductSelectionTest@68d6c6eb</td></tr>
<tr>
<td title='hub.test.RegressionSuite.UserProductSelectionTest.RT_Loan_Purpose()'><b>RT_Loan_Purpose</b><br>Test class: hub.test.RegressionSuite.UserProductSelectionTest<br>Test method: User - Product Selection</td>
<td></td>
<td>1</td>
<td>hub.test.RegressionSuite.UserProductSelectionTest@68d6c6eb</td></tr>
</table><p>
</body>
</html>