<!DOCTYPE html>

<html>
  <head>
  <title>TestNG reports</title>

    <link type="text/css" href="testng-reports.css" rel="stylesheet" />  
    <script type="text/javascript" src="jquery-1.7.1.min.js"></script>
    <script type="text/javascript" src="testng-reports.js"></script>
    <script type="text/javascript" src="https://www.google.com/jsapi"></script>
    <script type='text/javascript'>
      google.load('visualization', '1', {packages:['table']});
      google.setOnLoadCallback(drawTable);
      var suiteTableInitFunctions = new Array();
      var suiteTableData = new Array();
    </script>
    <!--
      <script type="text/javascript" src="jquery-ui/js/jquery-ui-1.8.16.custom.min.js"></script>
     -->
  </head>

  <body>
    <div class="top-banner-root">
      <span class="top-banner-title-font">Test results</span>
      <br/>
      <span class="top-banner-font-1">1 suite, 8 failed tests</span>
    </div> <!-- top-banner-root -->
    <div class="navigator-root">
      <div class="navigator-suite-header">
        <span>All suites</span>
        <a href="#" class="collapse-all-link" title="Collapse/expand all the suites">
          <img class="collapse-all-icon" src="collapseall.gif">
          </img> <!-- collapse-all-icon -->
        </a> <!-- collapse-all-link -->
      </div> <!-- navigator-suite-header -->
      <div class="suite">
        <div class="rounded-window">
          <div class="suite-header light-rounded-window-top">
            <a href="#" class="navigator-link" panel-name="suite-Default_suite">
              <span class="suite-name border-failed">Default suite</span>
            </a> <!-- navigator-link -->
          </div> <!-- suite-header light-rounded-window-top -->
          <div class="navigator-suite-content">
            <div class="suite-section-title">
              <span>Info</span>
            </div> <!-- suite-section-title -->
            <div class="suite-section-content">
              <ul>
                <li>
                  <a href="#" class="navigator-link " panel-name="test-xml-Default_suite">
                    <span>testng-customsuite.xml</span>
                  </a> <!-- navigator-link  -->
                </li>
                <li>
                  <a href="#" class="navigator-link " panel-name="testlist-Default_suite">
                    <span class="test-stats">1 test</span>
                  </a> <!-- navigator-link  -->
                </li>
                <li>
                  <a href="#" class="navigator-link " panel-name="group-Default_suite">
                    <span>0 groups</span>
                  </a> <!-- navigator-link  -->
                </li>
                <li>
                  <a href="#" class="navigator-link " panel-name="times-Default_suite">
                    <span>Times</span>
                  </a> <!-- navigator-link  -->
                </li>
                <li>
                  <a href="#" class="navigator-link " panel-name="reporter-Default_suite">
                    <span>Reporter output</span>
                  </a> <!-- navigator-link  -->
                </li>
                <li>
                  <a href="#" class="navigator-link " panel-name="ignored-methods-Default_suite">
                    <span>Ignored methods</span>
                  </a> <!-- navigator-link  -->
                </li>
                <li>
                  <a href="#" class="navigator-link " panel-name="chronological-Default_suite">
                    <span>Chronological view</span>
                  </a> <!-- navigator-link  -->
                </li>
              </ul>
            </div> <!-- suite-section-content -->
            <div class="result-section">
              <div class="suite-section-title">
                <span>Results</span>
              </div> <!-- suite-section-title -->
              <div class="suite-section-content">
                <ul>
                  <li>
                    <span class="method-stats">26 methods, 8 failed,   18 passed</span>
                  </li>
                  <li>
                    <span class="method-list-title failed">Failed methods</span>
                    <span class="show-or-hide-methods failed">
                      <a href="#" panel-name="suite-Default_suite" class="hide-methods failed suite-Default_suite"> (hide)</a> <!-- hide-methods failed suite-Default_suite -->
                      <a href="#" panel-name="suite-Default_suite" class="show-methods failed suite-Default_suite"> (show)</a> <!-- show-methods failed suite-Default_suite -->
                    </span>
                    <div class="method-list-content failed suite-Default_suite">
                      <span>
                        <img width="3%" src="failed.png"/>
                        <a href="#" class="method navigator-link" panel-name="suite-Default_suite" title="hub.test.RegressionSuite.UserProductSelectionTest" hash-for-method="RT_02617_Workflow_Bar">RT_02617_Workflow_Bar</a> <!-- method navigator-link -->
                      </span>
                      <br/>
                      <span>
                        <img width="3%" src="failed.png"/>
                        <a href="#" class="method navigator-link" panel-name="suite-Default_suite" title="hub.test.RegressionSuite.UserProductSelectionTest" hash-for-method="RT_02620_Product_Details">RT_02620_Product_Details</a> <!-- method navigator-link -->
                      </span>
                      <br/>
                      <span>
                        <img width="3%" src="failed.png"/>
                        <a href="#" class="method navigator-link" panel-name="suite-Default_suite" title="hub.test.RegressionSuite.UserProductSelectionTest" hash-for-method="RT_02650_Cart_Link">RT_02650_Cart_Link</a> <!-- method navigator-link -->
                      </span>
                      <br/>
                      <span>
                        <img width="3%" src="failed.png"/>
                        <a href="#" class="method navigator-link" panel-name="suite-Default_suite" title="hub.test.RegressionSuite.UserProductSelectionTest" hash-for-method="RT_02658_On_Account">RT_02658_On_Account</a> <!-- method navigator-link -->
                      </span>
                      <br/>
                      <span>
                        <img width="3%" src="failed.png"/>
                        <a href="#" class="method navigator-link" panel-name="suite-Default_suite" title="hub.test.RegressionSuite.UserProductSelectionTest" hash-for-method="RT_02903_Empowerment_Metropolitan_Regional">RT_02903_Empowerment_Metropolitan_Regional</a> <!-- method navigator-link -->
                      </span>
                      <br/>
                      <span>
                        <img width="3%" src="failed.png"/>
                        <a href="#" class="method navigator-link" panel-name="suite-Default_suite" title="hub.test.RegressionSuite.UserProductSelectionTest" hash-for-method="RT_03099_Product_Details_More">RT_03099_Product_Details_More</a> <!-- method navigator-link -->
                      </span>
                      <br/>
                      <span>
                        <img width="3%" src="failed.png"/>
                        <a href="#" class="method navigator-link" panel-name="suite-Default_suite" title="hub.test.RegressionSuite.UserProductSelectionTest" hash-for-method="RT_08845_Loan_Amount_Active">RT_08845_Loan_Amount_Active</a> <!-- method navigator-link -->
                      </span>
                      <br/>
                      <span>
                        <img width="3%" src="failed.png"/>
                        <a href="#" class="method navigator-link" panel-name="suite-Default_suite" title="hub.test.RegressionSuite.UserProductSelectionTest" hash-for-method="RT_08846_Loan_Amount_Mandatory">RT_08846_Loan_Amount_Mandatory</a> <!-- method navigator-link -->
                      </span>
                      <br/>
                    </div> <!-- method-list-content failed suite-Default_suite -->
                  </li>
                  <li>
                    <span class="method-list-title passed">Passed methods</span>
                    <span class="show-or-hide-methods passed">
                      <a href="#" panel-name="suite-Default_suite" class="hide-methods passed suite-Default_suite"> (hide)</a> <!-- hide-methods passed suite-Default_suite -->
                      <a href="#" panel-name="suite-Default_suite" class="show-methods passed suite-Default_suite"> (show)</a> <!-- show-methods passed suite-Default_suite -->
                    </span>
                    <div class="method-list-content passed suite-Default_suite">
                      <span>
                        <img width="3%" src="passed.png"/>
                        <a href="#" class="method navigator-link" panel-name="suite-Default_suite" title="hub.test.RegressionSuite.UserProductSelectionTest" hash-for-method="RT_02269_Proceed_Product_Selection_Link">RT_02269_Proceed_Product_Selection_Link</a> <!-- method navigator-link -->
                      </span>
                      <br/>
                      <span>
                        <img width="3%" src="passed.png"/>
                        <a href="#" class="method navigator-link" panel-name="suite-Default_suite" title="hub.test.RegressionSuite.UserProductSelectionTest" hash-for-method="RT_02375_OEVPP_Formatted">RT_02375_OEVPP_Formatted</a> <!-- method navigator-link -->
                      </span>
                      <br/>
                      <span>
                        <img width="3%" src="passed.png"/>
                        <a href="#" class="method navigator-link" panel-name="suite-Default_suite" title="hub.test.RegressionSuite.UserProductSelectionTest" hash-for-method="RT_02619_No_Prompt_Originator_Details">RT_02619_No_Prompt_Originator_Details</a> <!-- method navigator-link -->
                      </span>
                      <br/>
                      <span>
                        <img width="3%" src="passed.png"/>
                        <a href="#" class="method navigator-link" panel-name="suite-Default_suite" title="hub.test.RegressionSuite.UserProductSelectionTest" hash-for-method="RT_02654_Prompt_Originator_Details">RT_02654_Prompt_Originator_Details</a> <!-- method navigator-link -->
                      </span>
                      <br/>
                      <span>
                        <img width="3%" src="passed.png"/>
                        <a href="#" class="method navigator-link" panel-name="suite-Default_suite" title="hub.test.RegressionSuite.UserProductSelectionTest" hash-for-method="RT_02678_OEVPP_Required_Numeric">RT_02678_OEVPP_Required_Numeric</a> <!-- method navigator-link -->
                      </span>
                      <br/>
                      <span>
                        <img width="3%" src="passed.png"/>
                        <a href="#" class="method navigator-link" panel-name="suite-Default_suite" title="hub.test.RegressionSuite.UserProductSelectionTest" hash-for-method="RT_02704_Url_Https">RT_02704_Url_Https</a> <!-- method navigator-link -->
                      </span>
                      <br/>
                      <span>
                        <img width="3%" src="passed.png"/>
                        <a href="#" class="method navigator-link" panel-name="suite-Default_suite" title="hub.test.RegressionSuite.UserProductSelectionTest" hash-for-method="RT_02904_PP_No_RPID">RT_02904_PP_No_RPID</a> <!-- method navigator-link -->
                      </span>
                      <br/>
                      <span>
                        <img width="3%" src="passed.png"/>
                        <a href="#" class="method navigator-link" panel-name="suite-Default_suite" title="hub.test.RegressionSuite.UserProductSelectionTest" hash-for-method="RT_02977_DAOTA_Exclusions">RT_02977_DAOTA_Exclusions</a> <!-- method navigator-link -->
                      </span>
                      <br/>
                      <span>
                        <img width="3%" src="passed.png"/>
                        <a href="#" class="method navigator-link" panel-name="suite-Default_suite" title="hub.test.RegressionSuite.UserProductSelectionTest" hash-for-method="RT_03107_Property_Type_Field">RT_03107_Property_Type_Field</a> <!-- method navigator-link -->
                      </span>
                      <br/>
                      <span>
                        <img width="3%" src="passed.png"/>
                        <a href="#" class="method navigator-link" panel-name="suite-Default_suite" title="hub.test.RegressionSuite.UserProductSelectionTest" hash-for-method="RT_03108_DAOTA_Required">RT_03108_DAOTA_Required</a> <!-- method navigator-link -->
                      </span>
                      <br/>
                      <span>
                        <img width="3%" src="passed.png"/>
                        <a href="#" class="method navigator-link" panel-name="suite-Default_suite" title="hub.test.RegressionSuite.UserProductSelectionTest" hash-for-method="RT_03109_AVM_Ack_Display">RT_03109_AVM_Ack_Display</a> <!-- method navigator-link -->
                      </span>
                      <br/>
                      <span>
                        <img width="3%" src="passed.png"/>
                        <a href="#" class="method navigator-link" panel-name="suite-Default_suite" title="hub.test.RegressionSuite.UserProductSelectionTest" hash-for-method="RT_03110_AVM_Ack_Required">RT_03110_AVM_Ack_Required</a> <!-- method navigator-link -->
                      </span>
                      <br/>
                      <span>
                        <img width="3%" src="passed.png"/>
                        <a href="#" class="method navigator-link" panel-name="suite-Default_suite" title="hub.test.RegressionSuite.UserProductSelectionTest" hash-for-method="RT_03111_AVM_Ack_Replaced">RT_03111_AVM_Ack_Replaced</a> <!-- method navigator-link -->
                      </span>
                      <br/>
                      <span>
                        <img width="3%" src="passed.png"/>
                        <a href="#" class="method navigator-link" panel-name="suite-Default_suite" title="hub.test.RegressionSuite.UserProductSelectionTest" hash-for-method="RT_03117_Information_Icon_Hover">RT_03117_Information_Icon_Hover</a> <!-- method navigator-link -->
                      </span>
                      <br/>
                      <span>
                        <img width="3%" src="passed.png"/>
                        <a href="#" class="method navigator-link" panel-name="suite-Default_suite" title="hub.test.RegressionSuite.UserProductSelectionTest" hash-for-method="RT_03127_Product_Tab_Not_Active">RT_03127_Product_Tab_Not_Active</a> <!-- method navigator-link -->
                      </span>
                      <br/>
                      <span>
                        <img width="3%" src="passed.png"/>
                        <a href="#" class="method navigator-link" panel-name="suite-Default_suite" title="hub.test.RegressionSuite.UserProductSelectionTest" hash-for-method="RT_08844_Loan_Amount_Not_Active">RT_08844_Loan_Amount_Not_Active</a> <!-- method navigator-link -->
                      </span>
                      <br/>
                      <span>
                        <img width="3%" src="passed.png"/>
                        <a href="#" class="method navigator-link" panel-name="suite-Default_suite" title="hub.test.RegressionSuite.UserProductSelectionTest" hash-for-method="RT_Loan_App_Required">RT_Loan_App_Required</a> <!-- method navigator-link -->
                      </span>
                      <br/>
                      <span>
                        <img width="3%" src="passed.png"/>
                        <a href="#" class="method navigator-link" panel-name="suite-Default_suite" title="hub.test.RegressionSuite.UserProductSelectionTest" hash-for-method="RT_Loan_Purpose">RT_Loan_Purpose</a> <!-- method navigator-link -->
                      </span>
                      <br/>
                    </div> <!-- method-list-content passed suite-Default_suite -->
                  </li>
                </ul>
              </div> <!-- suite-section-content -->
            </div> <!-- result-section -->
          </div> <!-- navigator-suite-content -->
        </div> <!-- rounded-window -->
      </div> <!-- suite -->
    </div> <!-- navigator-root -->
    <div class="wrapper">
      <div class="main-panel-root">
        <div panel-name="suite-Default_suite" class="panel Default_suite">
          <div class="suite-Default_suite-class-failed">
            <div class="main-panel-header rounded-window-top">
              <img src="failed.png"/>
              <span class="class-name">hub.test.RegressionSuite.UserProductSelectionTest</span>
            </div> <!-- main-panel-header rounded-window-top -->
            <div class="main-panel-content rounded-window-bottom">
              <div class="method">
                <div class="method-content">
                  <a name="RT_02617_Workflow_Bar">
                  </a> <!-- RT_02617_Workflow_Bar -->
                  <span class="method-name">RT_02617_Workflow_Bar</span>
                  <div class="stack-trace">org.openqa.selenium.NoSuchElementException: Unable to locate element: {&quot;method&quot;:&quot;xpath&quot;,&quot;selector&quot;:&quot;//*[@id=&apos;flowbar&apos;]&quot;}
Command duration or timeout: 12 milliseconds
For documentation on this error, please visit: http://seleniumhq.org/exceptions/no_such_element.html
Build info: version: &apos;2.38.0&apos;, revision: &apos;bd32d4e7247a32d801b3d2d4f84a4e7384300378&apos;, time: &apos;2013-12-05 09:01:37&apos;
System info: host: &apos;Crow.local&apos;, ip: &apos;10.0.10.167&apos;, os.name: &apos;Mac OS X&apos;, os.arch: &apos;x86_64&apos;, os.version: &apos;10.9.5&apos;, java.version: &apos;1.7.0_04&apos;
Session ID: a6108154-9ebd-d640-8af8-5ea76a3dfc70
Driver info: org.openqa.selenium.firefox.FirefoxDriver
Capabilities [{platform=MAC, acceptSslCerts=true, javascriptEnabled=true, browserName=firefox, rotatable=false, locationContextEnabled=true, version=23.0, cssSelectorsEnabled=true, databaseEnabled=true, handlesAlerts=true, browserConnectionEnabled=true, nativeEvents=false, webStorageEnabled=true, applicationCacheEnabled=true, takesScreenshot=true}]
	at sun.reflect.GeneratedConstructorAccessor16.newInstance(Unknown Source)
	at sun.reflect.DelegatingConstructorAccessorImpl.newInstance(DelegatingConstructorAccessorImpl.java:45)
	at java.lang.reflect.Constructor.newInstance(Constructor.java:525)
	at org.openqa.selenium.remote.ErrorHandler.createThrowable(ErrorHandler.java:193)
	at org.openqa.selenium.remote.ErrorHandler.throwIfResponseFailed(ErrorHandler.java:145)
	at org.openqa.selenium.remote.RemoteWebDriver.execute(RemoteWebDriver.java:554)
	at org.openqa.selenium.remote.RemoteWebDriver.findElement(RemoteWebDriver.java:307)
	at org.openqa.selenium.remote.RemoteWebDriver.findElementByXPath(RemoteWebDriver.java:404)
	at org.openqa.selenium.By$ByXPath.findElement(By.java:363)
	at org.openqa.selenium.remote.RemoteWebDriver.findElement(RemoteWebDriver.java:299)
	at hub.library.FunctionReference.isElementVisible(FunctionReference.java:400)
	at hub.utilities.RegressionSuiteUtil.UserProductSelectionUtil.workflowBar(UserProductSelectionUtil.java:331)
	at hub.test.RegressionSuite.UserProductSelectionTest.RT_02617_Workflow_Bar(UserProductSelectionTest.java:164)
	at sun.reflect.NativeMethodAccessorImpl.invoke0(Native Method)
	at sun.reflect.NativeMethodAccessorImpl.invoke(NativeMethodAccessorImpl.java:57)
	at sun.reflect.DelegatingMethodAccessorImpl.invoke(DelegatingMethodAccessorImpl.java:43)
	at java.lang.reflect.Method.invoke(Method.java:601)
	at org.testng.internal.MethodInvocationHelper.invokeMethod(MethodInvocationHelper.java:84)
	at org.testng.internal.Invoker.invokeMethod(Invoker.java:714)
	at org.testng.internal.Invoker.invokeTestMethod(Invoker.java:901)
	at org.testng.internal.Invoker.invokeTestMethods(Invoker.java:1231)
	at org.testng.internal.TestMethodWorker.invokeTestMethods(TestMethodWorker.java:127)
	at org.testng.internal.TestMethodWorker.run(TestMethodWorker.java:111)
	at org.testng.TestRunner.privateRun(TestRunner.java:767)
	at org.testng.TestRunner.run(TestRunner.java:617)
	at org.testng.SuiteRunner.runTest(SuiteRunner.java:335)
	at org.testng.SuiteRunner.runSequentially(SuiteRunner.java:330)
	at org.testng.SuiteRunner.privateRun(SuiteRunner.java:291)
	at org.testng.SuiteRunner.run(SuiteRunner.java:240)
	at org.testng.SuiteRunnerWorker.runSuite(SuiteRunnerWorker.java:52)
	at org.testng.SuiteRunnerWorker.run(SuiteRunnerWorker.java:86)
	at org.testng.TestNG.runSuitesSequentially(TestNG.java:1224)
	at org.testng.TestNG.runSuitesLocally(TestNG.java:1149)
	at org.testng.TestNG.run(TestNG.java:1057)
	at org.testng.remote.RemoteTestNG.run(RemoteTestNG.java:111)
	at org.testng.remote.RemoteTestNG.initAndRun(RemoteTestNG.java:204)
	at org.testng.remote.RemoteTestNG.main(RemoteTestNG.java:175)
Caused by: org.openqa.selenium.remote.ErrorHandler$UnknownServerException: Unable to locate element: {&quot;method&quot;:&quot;xpath&quot;,&quot;selector&quot;:&quot;//*[@id=&apos;flowbar&apos;]&quot;}
Build info: version: &apos;2.38.0&apos;, revision: &apos;bd32d4e7247a32d801b3d2d4f84a4e7384300378&apos;, time: &apos;2013-12-05 09:01:37&apos;
System info: host: &apos;Crow.local&apos;, ip: &apos;10.0.10.167&apos;, os.name: &apos;Mac OS X&apos;, os.arch: &apos;x86_64&apos;, os.version: &apos;10.9.5&apos;, java.version: &apos;1.7.0_04&apos;
Driver info: driver.version: unknown
	at &lt;anonymous class&gt;.FirefoxDriver.prototype.findElementInternal_(file:///var/folders/yy/zxgm085n2zj299n6hyvsvd6m0000gp/T/anonymous8750456334572694865webdriver-profile/extensions/fxdriver@googlecode.com/components/driver_component.js:8860)
	at &lt;anonymous class&gt;.FirefoxDriver.prototype.findElement(file:///var/folders/yy/zxgm085n2zj299n6hyvsvd6m0000gp/T/anonymous8750456334572694865webdriver-profile/extensions/fxdriver@googlecode.com/components/driver_component.js:8869)
	at &lt;anonymous class&gt;.DelayedCommand.prototype.executeInternal_/h(file:///var/folders/yy/zxgm085n2zj299n6hyvsvd6m0000gp/T/anonymous8750456334572694865webdriver-profile/extensions/fxdriver@googlecode.com/components/command_processor.js:10831)
	at &lt;anonymous class&gt;.DelayedCommand.prototype.executeInternal_(file:///var/folders/yy/zxgm085n2zj299n6hyvsvd6m0000gp/T/anonymous8750456334572694865webdriver-profile/extensions/fxdriver@googlecode.com/components/command_processor.js:10836)
	at &lt;anonymous class&gt;.DelayedCommand.prototype.execute/&lt;(file:///var/folders/yy/zxgm085n2zj299n6hyvsvd6m0000gp/T/anonymous8750456334572694865webdriver-profile/extensions/fxdriver@googlecode.com/components/command_processor.js:10778)

</div> <!-- stack-trace -->
                  <em>
(User - Product Selection)                  </em>
                </div> <!-- method-content -->
              </div> <!-- method -->
              <div class="method">
                <div class="method-content">
                  <a name="RT_02620_Product_Details">
                  </a> <!-- RT_02620_Product_Details -->
                  <span class="method-name">RT_02620_Product_Details</span>
                  <div class="stack-trace">org.openqa.selenium.NoSuchElementException: Unable to locate element: {&quot;method&quot;:&quot;xpath&quot;,&quot;selector&quot;:&quot;//*[@id=&apos;tabReports&apos;]//h2[@class=&apos;hubHeaderBodyText&apos;]&quot;}
Command duration or timeout: 12 milliseconds
For documentation on this error, please visit: http://seleniumhq.org/exceptions/no_such_element.html
Build info: version: &apos;2.38.0&apos;, revision: &apos;bd32d4e7247a32d801b3d2d4f84a4e7384300378&apos;, time: &apos;2013-12-05 09:01:37&apos;
System info: host: &apos;Crow.local&apos;, ip: &apos;10.0.10.167&apos;, os.name: &apos;Mac OS X&apos;, os.arch: &apos;x86_64&apos;, os.version: &apos;10.9.5&apos;, java.version: &apos;1.7.0_04&apos;
Session ID: a6108154-9ebd-d640-8af8-5ea76a3dfc70
Driver info: org.openqa.selenium.firefox.FirefoxDriver
Capabilities [{platform=MAC, acceptSslCerts=true, javascriptEnabled=true, browserName=firefox, rotatable=false, locationContextEnabled=true, version=23.0, cssSelectorsEnabled=true, databaseEnabled=true, handlesAlerts=true, browserConnectionEnabled=true, nativeEvents=false, webStorageEnabled=true, applicationCacheEnabled=true, takesScreenshot=true}]
	at sun.reflect.GeneratedConstructorAccessor16.newInstance(Unknown Source)
	at sun.reflect.DelegatingConstructorAccessorImpl.newInstance(DelegatingConstructorAccessorImpl.java:45)
	at java.lang.reflect.Constructor.newInstance(Constructor.java:525)
	at org.openqa.selenium.remote.ErrorHandler.createThrowable(ErrorHandler.java:193)
	at org.openqa.selenium.remote.ErrorHandler.throwIfResponseFailed(ErrorHandler.java:145)
	at org.openqa.selenium.remote.RemoteWebDriver.execute(RemoteWebDriver.java:554)
	at org.openqa.selenium.remote.RemoteWebDriver.findElement(RemoteWebDriver.java:307)
	at org.openqa.selenium.remote.RemoteWebDriver.findElementByXPath(RemoteWebDriver.java:404)
	at org.openqa.selenium.By$ByXPath.findElement(By.java:363)
	at org.openqa.selenium.remote.RemoteWebDriver.findElement(RemoteWebDriver.java:299)
	at hub.library.FunctionReference.isElementVisible(FunctionReference.java:400)
	at hub.utilities.RegressionSuiteUtil.UserProductSelectionUtil.productDetails(UserProductSelectionUtil.java:280)
	at hub.test.RegressionSuite.UserProductSelectionTest.RT_02620_Product_Details(UserProductSelectionTest.java:144)
	at sun.reflect.NativeMethodAccessorImpl.invoke0(Native Method)
	at sun.reflect.NativeMethodAccessorImpl.invoke(NativeMethodAccessorImpl.java:57)
	at sun.reflect.DelegatingMethodAccessorImpl.invoke(DelegatingMethodAccessorImpl.java:43)
	at java.lang.reflect.Method.invoke(Method.java:601)
	at org.testng.internal.MethodInvocationHelper.invokeMethod(MethodInvocationHelper.java:84)
	at org.testng.internal.Invoker.invokeMethod(Invoker.java:714)
	at org.testng.internal.Invoker.invokeTestMethod(Invoker.java:901)
	at org.testng.internal.Invoker.invokeTestMethods(Invoker.java:1231)
	at org.testng.internal.TestMethodWorker.invokeTestMethods(TestMethodWorker.java:127)
	at org.testng.internal.TestMethodWorker.run(TestMethodWorker.java:111)
	at org.testng.TestRunner.privateRun(TestRunner.java:767)
	at org.testng.TestRunner.run(TestRunner.java:617)
	at org.testng.SuiteRunner.runTest(SuiteRunner.java:335)
	at org.testng.SuiteRunner.runSequentially(SuiteRunner.java:330)
	at org.testng.SuiteRunner.privateRun(SuiteRunner.java:291)
	at org.testng.SuiteRunner.run(SuiteRunner.java:240)
	at org.testng.SuiteRunnerWorker.runSuite(SuiteRunnerWorker.java:52)
	at org.testng.SuiteRunnerWorker.run(SuiteRunnerWorker.java:86)
	at org.testng.TestNG.runSuitesSequentially(TestNG.java:1224)
	at org.testng.TestNG.runSuitesLocally(TestNG.java:1149)
	at org.testng.TestNG.run(TestNG.java:1057)
	at org.testng.remote.RemoteTestNG.run(RemoteTestNG.java:111)
	at org.testng.remote.RemoteTestNG.initAndRun(RemoteTestNG.java:204)
	at org.testng.remote.RemoteTestNG.main(RemoteTestNG.java:175)
Caused by: org.openqa.selenium.remote.ErrorHandler$UnknownServerException: Unable to locate element: {&quot;method&quot;:&quot;xpath&quot;,&quot;selector&quot;:&quot;//*[@id=&apos;tabReports&apos;]//h2[@class=&apos;hubHeaderBodyText&apos;]&quot;}
Build info: version: &apos;2.38.0&apos;, revision: &apos;bd32d4e7247a32d801b3d2d4f84a4e7384300378&apos;, time: &apos;2013-12-05 09:01:37&apos;
System info: host: &apos;Crow.local&apos;, ip: &apos;10.0.10.167&apos;, os.name: &apos;Mac OS X&apos;, os.arch: &apos;x86_64&apos;, os.version: &apos;10.9.5&apos;, java.version: &apos;1.7.0_04&apos;
Driver info: driver.version: unknown
	at &lt;anonymous class&gt;.FirefoxDriver.prototype.findElementInternal_(file:///var/folders/yy/zxgm085n2zj299n6hyvsvd6m0000gp/T/anonymous8750456334572694865webdriver-profile/extensions/fxdriver@googlecode.com/components/driver_component.js:8860)
	at &lt;anonymous class&gt;.FirefoxDriver.prototype.findElement(file:///var/folders/yy/zxgm085n2zj299n6hyvsvd6m0000gp/T/anonymous8750456334572694865webdriver-profile/extensions/fxdriver@googlecode.com/components/driver_component.js:8869)
	at &lt;anonymous class&gt;.DelayedCommand.prototype.executeInternal_/h(file:///var/folders/yy/zxgm085n2zj299n6hyvsvd6m0000gp/T/anonymous8750456334572694865webdriver-profile/extensions/fxdriver@googlecode.com/components/command_processor.js:10831)
	at &lt;anonymous class&gt;.DelayedCommand.prototype.executeInternal_(file:///var/folders/yy/zxgm085n2zj299n6hyvsvd6m0000gp/T/anonymous8750456334572694865webdriver-profile/extensions/fxdriver@googlecode.com/components/command_processor.js:10836)
	at &lt;anonymous class&gt;.DelayedCommand.prototype.execute/&lt;(file:///var/folders/yy/zxgm085n2zj299n6hyvsvd6m0000gp/T/anonymous8750456334572694865webdriver-profile/extensions/fxdriver@googlecode.com/components/command_processor.js:10778)

</div> <!-- stack-trace -->
                  <em>
(User - Product Selection)                  </em>
                </div> <!-- method-content -->
              </div> <!-- method -->
              <div class="method">
                <div class="method-content">
                  <a name="RT_02650_Cart_Link">
                  </a> <!-- RT_02650_Cart_Link -->
                  <span class="method-name">RT_02650_Cart_Link</span>
                  <div class="stack-trace">org.openqa.selenium.NoSuchElementException: Unable to locate element: {&quot;method&quot;:&quot;xpath&quot;,&quot;selector&quot;:&quot;//a[@id=&apos;cartCount&apos;]&quot;}
Command duration or timeout: 11 milliseconds
For documentation on this error, please visit: http://seleniumhq.org/exceptions/no_such_element.html
Build info: version: &apos;2.38.0&apos;, revision: &apos;bd32d4e7247a32d801b3d2d4f84a4e7384300378&apos;, time: &apos;2013-12-05 09:01:37&apos;
System info: host: &apos;Crow.local&apos;, ip: &apos;10.0.10.167&apos;, os.name: &apos;Mac OS X&apos;, os.arch: &apos;x86_64&apos;, os.version: &apos;10.9.5&apos;, java.version: &apos;1.7.0_04&apos;
Session ID: a6108154-9ebd-d640-8af8-5ea76a3dfc70
Driver info: org.openqa.selenium.firefox.FirefoxDriver
Capabilities [{platform=MAC, acceptSslCerts=true, javascriptEnabled=true, browserName=firefox, rotatable=false, locationContextEnabled=true, version=23.0, cssSelectorsEnabled=true, databaseEnabled=true, handlesAlerts=true, browserConnectionEnabled=true, nativeEvents=false, webStorageEnabled=true, applicationCacheEnabled=true, takesScreenshot=true}]
	at sun.reflect.GeneratedConstructorAccessor16.newInstance(Unknown Source)
	at sun.reflect.DelegatingConstructorAccessorImpl.newInstance(DelegatingConstructorAccessorImpl.java:45)
	at java.lang.reflect.Constructor.newInstance(Constructor.java:525)
	at org.openqa.selenium.remote.ErrorHandler.createThrowable(ErrorHandler.java:193)
	at org.openqa.selenium.remote.ErrorHandler.throwIfResponseFailed(ErrorHandler.java:145)
	at org.openqa.selenium.remote.RemoteWebDriver.execute(RemoteWebDriver.java:554)
	at org.openqa.selenium.remote.RemoteWebDriver.findElement(RemoteWebDriver.java:307)
	at org.openqa.selenium.remote.RemoteWebDriver.findElementByXPath(RemoteWebDriver.java:404)
	at org.openqa.selenium.By$ByXPath.findElement(By.java:363)
	at org.openqa.selenium.remote.RemoteWebDriver.findElement(RemoteWebDriver.java:299)
	at hub.library.FunctionReference.isElementVisible(FunctionReference.java:400)
	at hub.utilities.RegressionSuiteUtil.UserProductSelectionUtil.cartLinkFunctionality(UserProductSelectionUtil.java:300)
	at hub.test.RegressionSuite.UserProductSelectionTest.RT_02650_Cart_Link(UserProductSelectionTest.java:159)
	at sun.reflect.NativeMethodAccessorImpl.invoke0(Native Method)
	at sun.reflect.NativeMethodAccessorImpl.invoke(NativeMethodAccessorImpl.java:57)
	at sun.reflect.DelegatingMethodAccessorImpl.invoke(DelegatingMethodAccessorImpl.java:43)
	at java.lang.reflect.Method.invoke(Method.java:601)
	at org.testng.internal.MethodInvocationHelper.invokeMethod(MethodInvocationHelper.java:84)
	at org.testng.internal.Invoker.invokeMethod(Invoker.java:714)
	at org.testng.internal.Invoker.invokeTestMethod(Invoker.java:901)
	at org.testng.internal.Invoker.invokeTestMethods(Invoker.java:1231)
	at org.testng.internal.TestMethodWorker.invokeTestMethods(TestMethodWorker.java:127)
	at org.testng.internal.TestMethodWorker.run(TestMethodWorker.java:111)
	at org.testng.TestRunner.privateRun(TestRunner.java:767)
	at org.testng.TestRunner.run(TestRunner.java:617)
	at org.testng.SuiteRunner.runTest(SuiteRunner.java:335)
	at org.testng.SuiteRunner.runSequentially(SuiteRunner.java:330)
	at org.testng.SuiteRunner.privateRun(SuiteRunner.java:291)
	at org.testng.SuiteRunner.run(SuiteRunner.java:240)
	at org.testng.SuiteRunnerWorker.runSuite(SuiteRunnerWorker.java:52)
	at org.testng.SuiteRunnerWorker.run(SuiteRunnerWorker.java:86)
	at org.testng.TestNG.runSuitesSequentially(TestNG.java:1224)
	at org.testng.TestNG.runSuitesLocally(TestNG.java:1149)
	at org.testng.TestNG.run(TestNG.java:1057)
	at org.testng.remote.RemoteTestNG.run(RemoteTestNG.java:111)
	at org.testng.remote.RemoteTestNG.initAndRun(RemoteTestNG.java:204)
	at org.testng.remote.RemoteTestNG.main(RemoteTestNG.java:175)
Caused by: org.openqa.selenium.remote.ErrorHandler$UnknownServerException: Unable to locate element: {&quot;method&quot;:&quot;xpath&quot;,&quot;selector&quot;:&quot;//a[@id=&apos;cartCount&apos;]&quot;}
Build info: version: &apos;2.38.0&apos;, revision: &apos;bd32d4e7247a32d801b3d2d4f84a4e7384300378&apos;, time: &apos;2013-12-05 09:01:37&apos;
System info: host: &apos;Crow.local&apos;, ip: &apos;10.0.10.167&apos;, os.name: &apos;Mac OS X&apos;, os.arch: &apos;x86_64&apos;, os.version: &apos;10.9.5&apos;, java.version: &apos;1.7.0_04&apos;
Driver info: driver.version: unknown
	at &lt;anonymous class&gt;.FirefoxDriver.prototype.findElementInternal_(file:///var/folders/yy/zxgm085n2zj299n6hyvsvd6m0000gp/T/anonymous8750456334572694865webdriver-profile/extensions/fxdriver@googlecode.com/components/driver_component.js:8860)
	at &lt;anonymous class&gt;.FirefoxDriver.prototype.findElement(file:///var/folders/yy/zxgm085n2zj299n6hyvsvd6m0000gp/T/anonymous8750456334572694865webdriver-profile/extensions/fxdriver@googlecode.com/components/driver_component.js:8869)
	at &lt;anonymous class&gt;.DelayedCommand.prototype.executeInternal_/h(file:///var/folders/yy/zxgm085n2zj299n6hyvsvd6m0000gp/T/anonymous8750456334572694865webdriver-profile/extensions/fxdriver@googlecode.com/components/command_processor.js:10831)
	at &lt;anonymous class&gt;.DelayedCommand.prototype.executeInternal_(file:///var/folders/yy/zxgm085n2zj299n6hyvsvd6m0000gp/T/anonymous8750456334572694865webdriver-profile/extensions/fxdriver@googlecode.com/components/command_processor.js:10836)
	at &lt;anonymous class&gt;.DelayedCommand.prototype.execute/&lt;(file:///var/folders/yy/zxgm085n2zj299n6hyvsvd6m0000gp/T/anonymous8750456334572694865webdriver-profile/extensions/fxdriver@googlecode.com/components/command_processor.js:10778)

</div> <!-- stack-trace -->
                  <em>
(User - Product Selection)                  </em>
                </div> <!-- method-content -->
              </div> <!-- method -->
              <div class="method">
                <div class="method-content">
                  <a name="RT_02658_On_Account">
                  </a> <!-- RT_02658_On_Account -->
                  <span class="method-name">RT_02658_On_Account</span>
                  <div class="stack-trace">org.openqa.selenium.NoSuchElementException: Unable to locate element: {&quot;method&quot;:&quot;xpath&quot;,&quot;selector&quot;:&quot;//*[@id=&apos;tabReports&apos;]//*[contains(@class,&apos;price&apos;)]&quot;}
Command duration or timeout: 12 milliseconds
For documentation on this error, please visit: http://seleniumhq.org/exceptions/no_such_element.html
Build info: version: &apos;2.38.0&apos;, revision: &apos;bd32d4e7247a32d801b3d2d4f84a4e7384300378&apos;, time: &apos;2013-12-05 09:01:37&apos;
System info: host: &apos;Crow.local&apos;, ip: &apos;10.0.10.167&apos;, os.name: &apos;Mac OS X&apos;, os.arch: &apos;x86_64&apos;, os.version: &apos;10.9.5&apos;, java.version: &apos;1.7.0_04&apos;
Session ID: a6108154-9ebd-d640-8af8-5ea76a3dfc70
Driver info: org.openqa.selenium.firefox.FirefoxDriver
Capabilities [{platform=MAC, acceptSslCerts=true, javascriptEnabled=true, browserName=firefox, rotatable=false, locationContextEnabled=true, version=23.0, cssSelectorsEnabled=true, databaseEnabled=true, handlesAlerts=true, browserConnectionEnabled=true, nativeEvents=false, webStorageEnabled=true, applicationCacheEnabled=true, takesScreenshot=true}]
	at sun.reflect.GeneratedConstructorAccessor16.newInstance(Unknown Source)
	at sun.reflect.DelegatingConstructorAccessorImpl.newInstance(DelegatingConstructorAccessorImpl.java:45)
	at java.lang.reflect.Constructor.newInstance(Constructor.java:525)
	at org.openqa.selenium.remote.ErrorHandler.createThrowable(ErrorHandler.java:193)
	at org.openqa.selenium.remote.ErrorHandler.throwIfResponseFailed(ErrorHandler.java:145)
	at org.openqa.selenium.remote.RemoteWebDriver.execute(RemoteWebDriver.java:554)
	at org.openqa.selenium.remote.RemoteWebDriver.findElement(RemoteWebDriver.java:307)
	at org.openqa.selenium.remote.RemoteWebDriver.findElementByXPath(RemoteWebDriver.java:404)
	at org.openqa.selenium.By$ByXPath.findElement(By.java:363)
	at org.openqa.selenium.remote.RemoteWebDriver.findElement(RemoteWebDriver.java:299)
	at hub.library.FunctionReference.isElementVisible(FunctionReference.java:400)
	at hub.utilities.RegressionSuiteUtil.UserProductSelectionUtil.productOnAccount(UserProductSelectionUtil.java:295)
	at hub.test.RegressionSuite.UserProductSelectionTest.RT_02658_On_Account(UserProductSelectionTest.java:154)
	at sun.reflect.NativeMethodAccessorImpl.invoke0(Native Method)
	at sun.reflect.NativeMethodAccessorImpl.invoke(NativeMethodAccessorImpl.java:57)
	at sun.reflect.DelegatingMethodAccessorImpl.invoke(DelegatingMethodAccessorImpl.java:43)
	at java.lang.reflect.Method.invoke(Method.java:601)
	at org.testng.internal.MethodInvocationHelper.invokeMethod(MethodInvocationHelper.java:84)
	at org.testng.internal.Invoker.invokeMethod(Invoker.java:714)
	at org.testng.internal.Invoker.invokeTestMethod(Invoker.java:901)
	at org.testng.internal.Invoker.invokeTestMethods(Invoker.java:1231)
	at org.testng.internal.TestMethodWorker.invokeTestMethods(TestMethodWorker.java:127)
	at org.testng.internal.TestMethodWorker.run(TestMethodWorker.java:111)
	at org.testng.TestRunner.privateRun(TestRunner.java:767)
	at org.testng.TestRunner.run(TestRunner.java:617)
	at org.testng.SuiteRunner.runTest(SuiteRunner.java:335)
	at org.testng.SuiteRunner.runSequentially(SuiteRunner.java:330)
	at org.testng.SuiteRunner.privateRun(SuiteRunner.java:291)
	at org.testng.SuiteRunner.run(SuiteRunner.java:240)
	at org.testng.SuiteRunnerWorker.runSuite(SuiteRunnerWorker.java:52)
	at org.testng.SuiteRunnerWorker.run(SuiteRunnerWorker.java:86)
	at org.testng.TestNG.runSuitesSequentially(TestNG.java:1224)
	at org.testng.TestNG.runSuitesLocally(TestNG.java:1149)
	at org.testng.TestNG.run(TestNG.java:1057)
	at org.testng.remote.RemoteTestNG.run(RemoteTestNG.java:111)
	at org.testng.remote.RemoteTestNG.initAndRun(RemoteTestNG.java:204)
	at org.testng.remote.RemoteTestNG.main(RemoteTestNG.java:175)
Caused by: org.openqa.selenium.remote.ErrorHandler$UnknownServerException: Unable to locate element: {&quot;method&quot;:&quot;xpath&quot;,&quot;selector&quot;:&quot;//*[@id=&apos;tabReports&apos;]//*[contains(@class,&apos;price&apos;)]&quot;}
Build info: version: &apos;2.38.0&apos;, revision: &apos;bd32d4e7247a32d801b3d2d4f84a4e7384300378&apos;, time: &apos;2013-12-05 09:01:37&apos;
System info: host: &apos;Crow.local&apos;, ip: &apos;10.0.10.167&apos;, os.name: &apos;Mac OS X&apos;, os.arch: &apos;x86_64&apos;, os.version: &apos;10.9.5&apos;, java.version: &apos;1.7.0_04&apos;
Driver info: driver.version: unknown
	at &lt;anonymous class&gt;.FirefoxDriver.prototype.findElementInternal_(file:///var/folders/yy/zxgm085n2zj299n6hyvsvd6m0000gp/T/anonymous8750456334572694865webdriver-profile/extensions/fxdriver@googlecode.com/components/driver_component.js:8860)
	at &lt;anonymous class&gt;.FirefoxDriver.prototype.findElement(file:///var/folders/yy/zxgm085n2zj299n6hyvsvd6m0000gp/T/anonymous8750456334572694865webdriver-profile/extensions/fxdriver@googlecode.com/components/driver_component.js:8869)
	at &lt;anonymous class&gt;.DelayedCommand.prototype.executeInternal_/h(file:///var/folders/yy/zxgm085n2zj299n6hyvsvd6m0000gp/T/anonymous8750456334572694865webdriver-profile/extensions/fxdriver@googlecode.com/components/command_processor.js:10831)
	at &lt;anonymous class&gt;.DelayedCommand.prototype.executeInternal_(file:///var/folders/yy/zxgm085n2zj299n6hyvsvd6m0000gp/T/anonymous8750456334572694865webdriver-profile/extensions/fxdriver@googlecode.com/components/command_processor.js:10836)
	at &lt;anonymous class&gt;.DelayedCommand.prototype.execute/&lt;(file:///var/folders/yy/zxgm085n2zj299n6hyvsvd6m0000gp/T/anonymous8750456334572694865webdriver-profile/extensions/fxdriver@googlecode.com/components/command_processor.js:10778)

</div> <!-- stack-trace -->
                  <em>
(User - Product Selection)                  </em>
                </div> <!-- method-content -->
              </div> <!-- method -->
              <div class="method">
                <div class="method-content">
                  <a name="RT_02903_Empowerment_Metropolitan_Regional">
                  </a> <!-- RT_02903_Empowerment_Metropolitan_Regional -->
                  <span class="method-name">RT_02903_Empowerment_Metropolitan_Regional</span>
                  <div class="stack-trace">org.openqa.selenium.NoSuchElementException: Unable to locate element: {&quot;method&quot;:&quot;xpath&quot;,&quot;selector&quot;:&quot;(//a[@class=&apos;hubTextlink&apos;])[4]&quot;}
Command duration or timeout: 11 milliseconds
For documentation on this error, please visit: http://seleniumhq.org/exceptions/no_such_element.html
Build info: version: &apos;2.38.0&apos;, revision: &apos;bd32d4e7247a32d801b3d2d4f84a4e7384300378&apos;, time: &apos;2013-12-05 09:01:37&apos;
System info: host: &apos;Crow.local&apos;, ip: &apos;10.0.10.167&apos;, os.name: &apos;Mac OS X&apos;, os.arch: &apos;x86_64&apos;, os.version: &apos;10.9.5&apos;, java.version: &apos;1.7.0_04&apos;
Session ID: a6108154-9ebd-d640-8af8-5ea76a3dfc70
Driver info: org.openqa.selenium.firefox.FirefoxDriver
Capabilities [{platform=MAC, acceptSslCerts=true, javascriptEnabled=true, browserName=firefox, rotatable=false, locationContextEnabled=true, version=23.0, cssSelectorsEnabled=true, databaseEnabled=true, handlesAlerts=true, browserConnectionEnabled=true, nativeEvents=false, webStorageEnabled=true, applicationCacheEnabled=true, takesScreenshot=true}]
	at sun.reflect.GeneratedConstructorAccessor16.newInstance(Unknown Source)
	at sun.reflect.DelegatingConstructorAccessorImpl.newInstance(DelegatingConstructorAccessorImpl.java:45)
	at java.lang.reflect.Constructor.newInstance(Constructor.java:525)
	at org.openqa.selenium.remote.ErrorHandler.createThrowable(ErrorHandler.java:193)
	at org.openqa.selenium.remote.ErrorHandler.throwIfResponseFailed(ErrorHandler.java:145)
	at org.openqa.selenium.remote.RemoteWebDriver.execute(RemoteWebDriver.java:554)
	at org.openqa.selenium.remote.RemoteWebDriver.findElement(RemoteWebDriver.java:307)
	at org.openqa.selenium.remote.RemoteWebDriver.findElementByXPath(RemoteWebDriver.java:404)
	at org.openqa.selenium.By$ByXPath.findElement(By.java:363)
	at org.openqa.selenium.remote.RemoteWebDriver.findElement(RemoteWebDriver.java:299)
	at hub.library.FunctionReference.isElementVisible(FunctionReference.java:400)
	at hub.library.FunctionReference.waitForElementVisible(FunctionReference.java:411)
	at hub.utilities.RegressionSuiteUtil.UserProductSelectionUtil.proceedProductSelection(UserProductSelectionUtil.java:68)
	at hub.utilities.RegressionSuiteUtil.UserProductSelectionUtil.lenderEmpowermentMetropolitan(UserProductSelectionUtil.java:275)
	at hub.test.RegressionSuite.UserProductSelectionTest.RT_02903_Empowerment_Metropolitan_Regional(UserProductSelectionTest.java:139)
	at sun.reflect.NativeMethodAccessorImpl.invoke0(Native Method)
	at sun.reflect.NativeMethodAccessorImpl.invoke(NativeMethodAccessorImpl.java:57)
	at sun.reflect.DelegatingMethodAccessorImpl.invoke(DelegatingMethodAccessorImpl.java:43)
	at java.lang.reflect.Method.invoke(Method.java:601)
	at org.testng.internal.MethodInvocationHelper.invokeMethod(MethodInvocationHelper.java:84)
	at org.testng.internal.Invoker.invokeMethod(Invoker.java:714)
	at org.testng.internal.Invoker.invokeTestMethod(Invoker.java:901)
	at org.testng.internal.Invoker.invokeTestMethods(Invoker.java:1231)
	at org.testng.internal.TestMethodWorker.invokeTestMethods(TestMethodWorker.java:127)
	at org.testng.internal.TestMethodWorker.run(TestMethodWorker.java:111)
	at org.testng.TestRunner.privateRun(TestRunner.java:767)
	at org.testng.TestRunner.run(TestRunner.java:617)
	at org.testng.SuiteRunner.runTest(SuiteRunner.java:335)
	at org.testng.SuiteRunner.runSequentially(SuiteRunner.java:330)
	at org.testng.SuiteRunner.privateRun(SuiteRunner.java:291)
	at org.testng.SuiteRunner.run(SuiteRunner.java:240)
	at org.testng.SuiteRunnerWorker.runSuite(SuiteRunnerWorker.java:52)
	at org.testng.SuiteRunnerWorker.run(SuiteRunnerWorker.java:86)
	at org.testng.TestNG.runSuitesSequentially(TestNG.java:1224)
	at org.testng.TestNG.runSuitesLocally(TestNG.java:1149)
	at org.testng.TestNG.run(TestNG.java:1057)
	at org.testng.remote.RemoteTestNG.run(RemoteTestNG.java:111)
	at org.testng.remote.RemoteTestNG.initAndRun(RemoteTestNG.java:204)
	at org.testng.remote.RemoteTestNG.main(RemoteTestNG.java:175)
Caused by: org.openqa.selenium.remote.ErrorHandler$UnknownServerException: Unable to locate element: {&quot;method&quot;:&quot;xpath&quot;,&quot;selector&quot;:&quot;(//a[@class=&apos;hubTextlink&apos;])[4]&quot;}
Build info: version: &apos;2.38.0&apos;, revision: &apos;bd32d4e7247a32d801b3d2d4f84a4e7384300378&apos;, time: &apos;2013-12-05 09:01:37&apos;
System info: host: &apos;Crow.local&apos;, ip: &apos;10.0.10.167&apos;, os.name: &apos;Mac OS X&apos;, os.arch: &apos;x86_64&apos;, os.version: &apos;10.9.5&apos;, java.version: &apos;1.7.0_04&apos;
Driver info: driver.version: unknown
	at &lt;anonymous class&gt;.FirefoxDriver.prototype.findElementInternal_(file:///var/folders/yy/zxgm085n2zj299n6hyvsvd6m0000gp/T/anonymous8750456334572694865webdriver-profile/extensions/fxdriver@googlecode.com/components/driver_component.js:8860)
	at &lt;anonymous class&gt;.FirefoxDriver.prototype.findElement(file:///var/folders/yy/zxgm085n2zj299n6hyvsvd6m0000gp/T/anonymous8750456334572694865webdriver-profile/extensions/fxdriver@googlecode.com/components/driver_component.js:8869)
	at &lt;anonymous class&gt;.DelayedCommand.prototype.executeInternal_/h(file:///var/folders/yy/zxgm085n2zj299n6hyvsvd6m0000gp/T/anonymous8750456334572694865webdriver-profile/extensions/fxdriver@googlecode.com/components/command_processor.js:10831)
	at &lt;anonymous class&gt;.DelayedCommand.prototype.executeInternal_(file:///var/folders/yy/zxgm085n2zj299n6hyvsvd6m0000gp/T/anonymous8750456334572694865webdriver-profile/extensions/fxdriver@googlecode.com/components/command_processor.js:10836)
	at &lt;anonymous class&gt;.DelayedCommand.prototype.execute/&lt;(file:///var/folders/yy/zxgm085n2zj299n6hyvsvd6m0000gp/T/anonymous8750456334572694865webdriver-profile/extensions/fxdriver@googlecode.com/components/command_processor.js:10778)

</div> <!-- stack-trace -->
                  <em>
(User - Product Selection)                  </em>
                </div> <!-- method-content -->
              </div> <!-- method -->
              <div class="method">
                <div class="method-content">
                  <a name="RT_03099_Product_Details_More">
                  </a> <!-- RT_03099_Product_Details_More -->
                  <span class="method-name">RT_03099_Product_Details_More</span>
                  <div class="stack-trace">org.openqa.selenium.NoSuchElementException: Unable to locate element: {&quot;method&quot;:&quot;xpath&quot;,&quot;selector&quot;:&quot;//*[@id=&apos;tabReports&apos;]//*[contains(@class,&apos;longDescription&apos;)]&quot;}
Command duration or timeout: 12 milliseconds
For documentation on this error, please visit: http://seleniumhq.org/exceptions/no_such_element.html
Build info: version: &apos;2.38.0&apos;, revision: &apos;bd32d4e7247a32d801b3d2d4f84a4e7384300378&apos;, time: &apos;2013-12-05 09:01:37&apos;
System info: host: &apos;Crow.local&apos;, ip: &apos;10.0.10.167&apos;, os.name: &apos;Mac OS X&apos;, os.arch: &apos;x86_64&apos;, os.version: &apos;10.9.5&apos;, java.version: &apos;1.7.0_04&apos;
Session ID: a6108154-9ebd-d640-8af8-5ea76a3dfc70
Driver info: org.openqa.selenium.firefox.FirefoxDriver
Capabilities [{platform=MAC, acceptSslCerts=true, javascriptEnabled=true, browserName=firefox, rotatable=false, locationContextEnabled=true, version=23.0, cssSelectorsEnabled=true, databaseEnabled=true, handlesAlerts=true, browserConnectionEnabled=true, nativeEvents=false, webStorageEnabled=true, applicationCacheEnabled=true, takesScreenshot=true}]
	at sun.reflect.GeneratedConstructorAccessor16.newInstance(Unknown Source)
	at sun.reflect.DelegatingConstructorAccessorImpl.newInstance(DelegatingConstructorAccessorImpl.java:45)
	at java.lang.reflect.Constructor.newInstance(Constructor.java:525)
	at org.openqa.selenium.remote.ErrorHandler.createThrowable(ErrorHandler.java:193)
	at org.openqa.selenium.remote.ErrorHandler.throwIfResponseFailed(ErrorHandler.java:145)
	at org.openqa.selenium.remote.RemoteWebDriver.execute(RemoteWebDriver.java:554)
	at org.openqa.selenium.remote.RemoteWebDriver.findElement(RemoteWebDriver.java:307)
	at org.openqa.selenium.remote.RemoteWebDriver.findElementByXPath(RemoteWebDriver.java:404)
	at org.openqa.selenium.By$ByXPath.findElement(By.java:363)
	at org.openqa.selenium.remote.RemoteWebDriver.findElement(RemoteWebDriver.java:299)
	at hub.library.FunctionReference.isElementVisible(FunctionReference.java:400)
	at hub.utilities.RegressionSuiteUtil.UserProductSelectionUtil.productDetailsMore(UserProductSelectionUtil.java:288)
	at hub.test.RegressionSuite.UserProductSelectionTest.RT_03099_Product_Details_More(UserProductSelectionTest.java:149)
	at sun.reflect.NativeMethodAccessorImpl.invoke0(Native Method)
	at sun.reflect.NativeMethodAccessorImpl.invoke(NativeMethodAccessorImpl.java:57)
	at sun.reflect.DelegatingMethodAccessorImpl.invoke(DelegatingMethodAccessorImpl.java:43)
	at java.lang.reflect.Method.invoke(Method.java:601)
	at org.testng.internal.MethodInvocationHelper.invokeMethod(MethodInvocationHelper.java:84)
	at org.testng.internal.Invoker.invokeMethod(Invoker.java:714)
	at org.testng.internal.Invoker.invokeTestMethod(Invoker.java:901)
	at org.testng.internal.Invoker.invokeTestMethods(Invoker.java:1231)
	at org.testng.internal.TestMethodWorker.invokeTestMethods(TestMethodWorker.java:127)
	at org.testng.internal.TestMethodWorker.run(TestMethodWorker.java:111)
	at org.testng.TestRunner.privateRun(TestRunner.java:767)
	at org.testng.TestRunner.run(TestRunner.java:617)
	at org.testng.SuiteRunner.runTest(SuiteRunner.java:335)
	at org.testng.SuiteRunner.runSequentially(SuiteRunner.java:330)
	at org.testng.SuiteRunner.privateRun(SuiteRunner.java:291)
	at org.testng.SuiteRunner.run(SuiteRunner.java:240)
	at org.testng.SuiteRunnerWorker.runSuite(SuiteRunnerWorker.java:52)
	at org.testng.SuiteRunnerWorker.run(SuiteRunnerWorker.java:86)
	at org.testng.TestNG.runSuitesSequentially(TestNG.java:1224)
	at org.testng.TestNG.runSuitesLocally(TestNG.java:1149)
	at org.testng.TestNG.run(TestNG.java:1057)
	at org.testng.remote.RemoteTestNG.run(RemoteTestNG.java:111)
	at org.testng.remote.RemoteTestNG.initAndRun(RemoteTestNG.java:204)
	at org.testng.remote.RemoteTestNG.main(RemoteTestNG.java:175)
Caused by: org.openqa.selenium.remote.ErrorHandler$UnknownServerException: Unable to locate element: {&quot;method&quot;:&quot;xpath&quot;,&quot;selector&quot;:&quot;//*[@id=&apos;tabReports&apos;]//*[contains(@class,&apos;longDescription&apos;)]&quot;}
Build info: version: &apos;2.38.0&apos;, revision: &apos;bd32d4e7247a32d801b3d2d4f84a4e7384300378&apos;, time: &apos;2013-12-05 09:01:37&apos;
System info: host: &apos;Crow.local&apos;, ip: &apos;10.0.10.167&apos;, os.name: &apos;Mac OS X&apos;, os.arch: &apos;x86_64&apos;, os.version: &apos;10.9.5&apos;, java.version: &apos;1.7.0_04&apos;
Driver info: driver.version: unknown
	at &lt;anonymous class&gt;.FirefoxDriver.prototype.findElementInternal_(file:///var/folders/yy/zxgm085n2zj299n6hyvsvd6m0000gp/T/anonymous8750456334572694865webdriver-profile/extensions/fxdriver@googlecode.com/components/driver_component.js:8860)
	at &lt;anonymous class&gt;.FirefoxDriver.prototype.findElement(file:///var/folders/yy/zxgm085n2zj299n6hyvsvd6m0000gp/T/anonymous8750456334572694865webdriver-profile/extensions/fxdriver@googlecode.com/components/driver_component.js:8869)
	at &lt;anonymous class&gt;.DelayedCommand.prototype.executeInternal_/h(file:///var/folders/yy/zxgm085n2zj299n6hyvsvd6m0000gp/T/anonymous8750456334572694865webdriver-profile/extensions/fxdriver@googlecode.com/components/command_processor.js:10831)
	at &lt;anonymous class&gt;.DelayedCommand.prototype.executeInternal_(file:///var/folders/yy/zxgm085n2zj299n6hyvsvd6m0000gp/T/anonymous8750456334572694865webdriver-profile/extensions/fxdriver@googlecode.com/components/command_processor.js:10836)
	at &lt;anonymous class&gt;.DelayedCommand.prototype.execute/&lt;(file:///var/folders/yy/zxgm085n2zj299n6hyvsvd6m0000gp/T/anonymous8750456334572694865webdriver-profile/extensions/fxdriver@googlecode.com/components/command_processor.js:10778)

</div> <!-- stack-trace -->
                  <em>
(User - Product Selection)                  </em>
                </div> <!-- method-content -->
              </div> <!-- method -->
              <div class="method">
                <div class="method-content">
                  <a name="RT_08845_Loan_Amount_Active">
                  </a> <!-- RT_08845_Loan_Amount_Active -->
                  <span class="method-name">RT_08845_Loan_Amount_Active</span>
                  <div class="stack-trace">java.lang.ArrayIndexOutOfBoundsException: 40
	at jxl.read.biff.SheetImpl.getCell(SheetImpl.java:318)
	at hub.library.FunctionReference.getDataFromxls(FunctionReference.java:530)
	at hub.utilities.RegressionSuiteUtil.UserProductSelectionUtil.loanAmountActive(UserProductSelectionUtil.java:347)
	at hub.test.RegressionSuite.UserProductSelectionTest.RT_08845_Loan_Amount_Active(UserProductSelectionTest.java:174)
	at sun.reflect.NativeMethodAccessorImpl.invoke0(Native Method)
	at sun.reflect.NativeMethodAccessorImpl.invoke(NativeMethodAccessorImpl.java:57)
	at sun.reflect.DelegatingMethodAccessorImpl.invoke(DelegatingMethodAccessorImpl.java:43)
	at java.lang.reflect.Method.invoke(Method.java:601)
	at org.testng.internal.MethodInvocationHelper.invokeMethod(MethodInvocationHelper.java:84)
	at org.testng.internal.Invoker.invokeMethod(Invoker.java:714)
	at org.testng.internal.Invoker.invokeTestMethod(Invoker.java:901)
	at org.testng.internal.Invoker.invokeTestMethods(Invoker.java:1231)
	at org.testng.internal.TestMethodWorker.invokeTestMethods(TestMethodWorker.java:127)
	at org.testng.internal.TestMethodWorker.run(TestMethodWorker.java:111)
	at org.testng.TestRunner.privateRun(TestRunner.java:767)
	at org.testng.TestRunner.run(TestRunner.java:617)
	at org.testng.SuiteRunner.runTest(SuiteRunner.java:335)
	at org.testng.SuiteRunner.runSequentially(SuiteRunner.java:330)
	at org.testng.SuiteRunner.privateRun(SuiteRunner.java:291)
	at org.testng.SuiteRunner.run(SuiteRunner.java:240)
	at org.testng.SuiteRunnerWorker.runSuite(SuiteRunnerWorker.java:52)
	at org.testng.SuiteRunnerWorker.run(SuiteRunnerWorker.java:86)
	at org.testng.TestNG.runSuitesSequentially(TestNG.java:1224)
	at org.testng.TestNG.runSuitesLocally(TestNG.java:1149)
	at org.testng.TestNG.run(TestNG.java:1057)
	at org.testng.remote.RemoteTestNG.run(RemoteTestNG.java:111)
	at org.testng.remote.RemoteTestNG.initAndRun(RemoteTestNG.java:204)
	at org.testng.remote.RemoteTestNG.main(RemoteTestNG.java:175)

</div> <!-- stack-trace -->
                  <em>
(User - Product Selection)                  </em>
                </div> <!-- method-content -->
              </div> <!-- method -->
              <div class="method">
                <div class="method-content">
                  <a name="RT_08846_Loan_Amount_Mandatory">
                  </a> <!-- RT_08846_Loan_Amount_Mandatory -->
                  <span class="method-name">RT_08846_Loan_Amount_Mandatory</span>
                  <div class="stack-trace">org.openqa.selenium.NoSuchElementException: Unable to locate element: {&quot;method&quot;:&quot;xpath&quot;,&quot;selector&quot;:&quot;//*[@id=&apos;7&apos;]&quot;}
Command duration or timeout: 9 milliseconds
For documentation on this error, please visit: http://seleniumhq.org/exceptions/no_such_element.html
Build info: version: &apos;2.38.0&apos;, revision: &apos;bd32d4e7247a32d801b3d2d4f84a4e7384300378&apos;, time: &apos;2013-12-05 09:01:37&apos;
System info: host: &apos;Crow.local&apos;, ip: &apos;10.0.10.167&apos;, os.name: &apos;Mac OS X&apos;, os.arch: &apos;x86_64&apos;, os.version: &apos;10.9.5&apos;, java.version: &apos;1.7.0_04&apos;
Session ID: a6108154-9ebd-d640-8af8-5ea76a3dfc70
Driver info: org.openqa.selenium.firefox.FirefoxDriver
Capabilities [{platform=MAC, acceptSslCerts=true, javascriptEnabled=true, browserName=firefox, rotatable=false, locationContextEnabled=true, version=23.0, cssSelectorsEnabled=true, databaseEnabled=true, handlesAlerts=true, browserConnectionEnabled=true, nativeEvents=false, webStorageEnabled=true, applicationCacheEnabled=true, takesScreenshot=true}]
	at sun.reflect.GeneratedConstructorAccessor16.newInstance(Unknown Source)
	at sun.reflect.DelegatingConstructorAccessorImpl.newInstance(DelegatingConstructorAccessorImpl.java:45)
	at java.lang.reflect.Constructor.newInstance(Constructor.java:525)
	at org.openqa.selenium.remote.ErrorHandler.createThrowable(ErrorHandler.java:193)
	at org.openqa.selenium.remote.ErrorHandler.throwIfResponseFailed(ErrorHandler.java:145)
	at org.openqa.selenium.remote.RemoteWebDriver.execute(RemoteWebDriver.java:554)
	at org.openqa.selenium.remote.RemoteWebDriver.findElement(RemoteWebDriver.java:307)
	at org.openqa.selenium.remote.RemoteWebDriver.findElementByXPath(RemoteWebDriver.java:404)
	at org.openqa.selenium.By$ByXPath.findElement(By.java:363)
	at org.openqa.selenium.remote.RemoteWebDriver.findElement(RemoteWebDriver.java:299)
	at hub.library.FunctionReference.click(FunctionReference.java:239)
	at hub.utilities.RegressionSuiteUtil.UserProductSelectionUtil.loanAmountMandatory(UserProductSelectionUtil.java:360)
	at hub.test.RegressionSuite.UserProductSelectionTest.RT_08846_Loan_Amount_Mandatory(UserProductSelectionTest.java:179)
	at sun.reflect.NativeMethodAccessorImpl.invoke0(Native Method)
	at sun.reflect.NativeMethodAccessorImpl.invoke(NativeMethodAccessorImpl.java:57)
	at sun.reflect.DelegatingMethodAccessorImpl.invoke(DelegatingMethodAccessorImpl.java:43)
	at java.lang.reflect.Method.invoke(Method.java:601)
	at org.testng.internal.MethodInvocationHelper.invokeMethod(MethodInvocationHelper.java:84)
	at org.testng.internal.Invoker.invokeMethod(Invoker.java:714)
	at org.testng.internal.Invoker.invokeTestMethod(Invoker.java:901)
	at org.testng.internal.Invoker.invokeTestMethods(Invoker.java:1231)
	at org.testng.internal.TestMethodWorker.invokeTestMethods(TestMethodWorker.java:127)
	at org.testng.internal.TestMethodWorker.run(TestMethodWorker.java:111)
	at org.testng.TestRunner.privateRun(TestRunner.java:767)
	at org.testng.TestRunner.run(TestRunner.java:617)
	at org.testng.SuiteRunner.runTest(SuiteRunner.java:335)
	at org.testng.SuiteRunner.runSequentially(SuiteRunner.java:330)
	at org.testng.SuiteRunner.privateRun(SuiteRunner.java:291)
	at org.testng.SuiteRunner.run(SuiteRunner.java:240)
	at org.testng.SuiteRunnerWorker.runSuite(SuiteRunnerWorker.java:52)
	at org.testng.SuiteRunnerWorker.run(SuiteRunnerWorker.java:86)
	at org.testng.TestNG.runSuitesSequentially(TestNG.java:1224)
	at org.testng.TestNG.runSuitesLocally(TestNG.java:1149)
	at org.testng.TestNG.run(TestNG.java:1057)
	at org.testng.remote.RemoteTestNG.run(RemoteTestNG.java:111)
	at org.testng.remote.RemoteTestNG.initAndRun(RemoteTestNG.java:204)
	at org.testng.remote.RemoteTestNG.main(RemoteTestNG.java:175)
Caused by: org.openqa.selenium.remote.ErrorHandler$UnknownServerException: Unable to locate element: {&quot;method&quot;:&quot;xpath&quot;,&quot;selector&quot;:&quot;//*[@id=&apos;7&apos;]&quot;}
Build info: version: &apos;2.38.0&apos;, revision: &apos;bd32d4e7247a32d801b3d2d4f84a4e7384300378&apos;, time: &apos;2013-12-05 09:01:37&apos;
System info: host: &apos;Crow.local&apos;, ip: &apos;10.0.10.167&apos;, os.name: &apos;Mac OS X&apos;, os.arch: &apos;x86_64&apos;, os.version: &apos;10.9.5&apos;, java.version: &apos;1.7.0_04&apos;
Driver info: driver.version: unknown
	at &lt;anonymous class&gt;.FirefoxDriver.prototype.findElementInternal_(file:///var/folders/yy/zxgm085n2zj299n6hyvsvd6m0000gp/T/anonymous8750456334572694865webdriver-profile/extensions/fxdriver@googlecode.com/components/driver_component.js:8860)
	at &lt;anonymous class&gt;.FirefoxDriver.prototype.findElement(file:///var/folders/yy/zxgm085n2zj299n6hyvsvd6m0000gp/T/anonymous8750456334572694865webdriver-profile/extensions/fxdriver@googlecode.com/components/driver_component.js:8869)
	at &lt;anonymous class&gt;.DelayedCommand.prototype.executeInternal_/h(file:///var/folders/yy/zxgm085n2zj299n6hyvsvd6m0000gp/T/anonymous8750456334572694865webdriver-profile/extensions/fxdriver@googlecode.com/components/command_processor.js:10831)
	at &lt;anonymous class&gt;.DelayedCommand.prototype.executeInternal_(file:///var/folders/yy/zxgm085n2zj299n6hyvsvd6m0000gp/T/anonymous8750456334572694865webdriver-profile/extensions/fxdriver@googlecode.com/components/command_processor.js:10836)
	at &lt;anonymous class&gt;.DelayedCommand.prototype.execute/&lt;(file:///var/folders/yy/zxgm085n2zj299n6hyvsvd6m0000gp/T/anonymous8750456334572694865webdriver-profile/extensions/fxdriver@googlecode.com/components/command_processor.js:10778)

</div> <!-- stack-trace -->
                  <em>
(User - Product Selection)                  </em>
                </div> <!-- method-content -->
              </div> <!-- method -->
            </div> <!-- main-panel-content rounded-window-bottom -->
          </div> <!-- suite-Default_suite-class-failed -->
          <div class="suite-Default_suite-class-passed">
            <div class="main-panel-header rounded-window-top">
              <img src="passed.png"/>
              <span class="class-name">hub.test.RegressionSuite.UserProductSelectionTest</span>
            </div> <!-- main-panel-header rounded-window-top -->
            <div class="main-panel-content rounded-window-bottom">
              <div class="method">
                <div class="method-content">
                  <a name="RT_02269_Proceed_Product_Selection_Link">
                  </a> <!-- RT_02269_Proceed_Product_Selection_Link -->
                  <span class="method-name">RT_02269_Proceed_Product_Selection_Link</span>
                  <em>
(User - Product Selection)                  </em>
                </div> <!-- method-content -->
              </div> <!-- method -->
              <div class="method">
                <div class="method-content">
                  <a name="RT_02375_OEVPP_Formatted">
                  </a> <!-- RT_02375_OEVPP_Formatted -->
                  <span class="method-name">RT_02375_OEVPP_Formatted</span>
                  <em>
(User - Product Selection)                  </em>
                </div> <!-- method-content -->
              </div> <!-- method -->
              <div class="method">
                <div class="method-content">
                  <a name="RT_02619_No_Prompt_Originator_Details">
                  </a> <!-- RT_02619_No_Prompt_Originator_Details -->
                  <span class="method-name">RT_02619_No_Prompt_Originator_Details</span>
                  <em>
(User - Product Selection)                  </em>
                </div> <!-- method-content -->
              </div> <!-- method -->
              <div class="method">
                <div class="method-content">
                  <a name="RT_02654_Prompt_Originator_Details">
                  </a> <!-- RT_02654_Prompt_Originator_Details -->
                  <span class="method-name">RT_02654_Prompt_Originator_Details</span>
                  <em>
(User - Product Selection)                  </em>
                </div> <!-- method-content -->
              </div> <!-- method -->
              <div class="method">
                <div class="method-content">
                  <a name="RT_02678_OEVPP_Required_Numeric">
                  </a> <!-- RT_02678_OEVPP_Required_Numeric -->
                  <span class="method-name">RT_02678_OEVPP_Required_Numeric</span>
                  <em>
(User - Product Selection)                  </em>
                </div> <!-- method-content -->
              </div> <!-- method -->
              <div class="method">
                <div class="method-content">
                  <a name="RT_02704_Url_Https">
                  </a> <!-- RT_02704_Url_Https -->
                  <span class="method-name">RT_02704_Url_Https</span>
                  <em>
(User - Product Selection)                  </em>
                </div> <!-- method-content -->
              </div> <!-- method -->
              <div class="method">
                <div class="method-content">
                  <a name="RT_02904_PP_No_RPID">
                  </a> <!-- RT_02904_PP_No_RPID -->
                  <span class="method-name">RT_02904_PP_No_RPID</span>
                  <em>
(User - Product Selection)                  </em>
                </div> <!-- method-content -->
              </div> <!-- method -->
              <div class="method">
                <div class="method-content">
                  <a name="RT_02977_DAOTA_Exclusions">
                  </a> <!-- RT_02977_DAOTA_Exclusions -->
                  <span class="method-name">RT_02977_DAOTA_Exclusions</span>
                  <em>
(User - Product Selection)                  </em>
                </div> <!-- method-content -->
              </div> <!-- method -->
              <div class="method">
                <div class="method-content">
                  <a name="RT_03107_Property_Type_Field">
                  </a> <!-- RT_03107_Property_Type_Field -->
                  <span class="method-name">RT_03107_Property_Type_Field</span>
                  <em>
(User - Product Selection)                  </em>
                </div> <!-- method-content -->
              </div> <!-- method -->
              <div class="method">
                <div class="method-content">
                  <a name="RT_03108_DAOTA_Required">
                  </a> <!-- RT_03108_DAOTA_Required -->
                  <span class="method-name">RT_03108_DAOTA_Required</span>
                  <em>
(User - Product Selection)                  </em>
                </div> <!-- method-content -->
              </div> <!-- method -->
              <div class="method">
                <div class="method-content">
                  <a name="RT_03109_AVM_Ack_Display">
                  </a> <!-- RT_03109_AVM_Ack_Display -->
                  <span class="method-name">RT_03109_AVM_Ack_Display</span>
                  <em>
(User - Product Selection)                  </em>
                </div> <!-- method-content -->
              </div> <!-- method -->
              <div class="method">
                <div class="method-content">
                  <a name="RT_03110_AVM_Ack_Required">
                  </a> <!-- RT_03110_AVM_Ack_Required -->
                  <span class="method-name">RT_03110_AVM_Ack_Required</span>
                  <em>
(User - Product Selection)                  </em>
                </div> <!-- method-content -->
              </div> <!-- method -->
              <div class="method">
                <div class="method-content">
                  <a name="RT_03111_AVM_Ack_Replaced">
                  </a> <!-- RT_03111_AVM_Ack_Replaced -->
                  <span class="method-name">RT_03111_AVM_Ack_Replaced</span>
                  <em>
(User - Product Selection)                  </em>
                </div> <!-- method-content -->
              </div> <!-- method -->
              <div class="method">
                <div class="method-content">
                  <a name="RT_03117_Information_Icon_Hover">
                  </a> <!-- RT_03117_Information_Icon_Hover -->
                  <span class="method-name">RT_03117_Information_Icon_Hover</span>
                  <em>
(User - Product Selection)                  </em>
                </div> <!-- method-content -->
              </div> <!-- method -->
              <div class="method">
                <div class="method-content">
                  <a name="RT_03127_Product_Tab_Not_Active">
                  </a> <!-- RT_03127_Product_Tab_Not_Active -->
                  <span class="method-name">RT_03127_Product_Tab_Not_Active</span>
                  <em>
(User - Product Selection)                  </em>
                </div> <!-- method-content -->
              </div> <!-- method -->
              <div class="method">
                <div class="method-content">
                  <a name="RT_08844_Loan_Amount_Not_Active">
                  </a> <!-- RT_08844_Loan_Amount_Not_Active -->
                  <span class="method-name">RT_08844_Loan_Amount_Not_Active</span>
                  <em>
(User - Product Selection)                  </em>
                </div> <!-- method-content -->
              </div> <!-- method -->
              <div class="method">
                <div class="method-content">
                  <a name="RT_Loan_App_Required">
                  </a> <!-- RT_Loan_App_Required -->
                  <span class="method-name">RT_Loan_App_Required</span>
                  <em>
(User - Product Selection)                  </em>
                </div> <!-- method-content -->
              </div> <!-- method -->
              <div class="method">
                <div class="method-content">
                  <a name="RT_Loan_Purpose">
                  </a> <!-- RT_Loan_Purpose -->
                  <span class="method-name">RT_Loan_Purpose</span>
                  <em>
(User - Product Selection)                  </em>
                </div> <!-- method-content -->
              </div> <!-- method -->
            </div> <!-- main-panel-content rounded-window-bottom -->
          </div> <!-- suite-Default_suite-class-passed -->
        </div> <!-- panel Default_suite -->
        <div panel-name="test-xml-Default_suite" class="panel">
          <div class="main-panel-header rounded-window-top">
            <span class="header-content">/private/var/folders/yy/zxgm085n2zj299n6hyvsvd6m0000gp/T/testng-eclipse--1808380143/testng-customsuite.xml</span>
          </div> <!-- main-panel-header rounded-window-top -->
          <div class="main-panel-content rounded-window-bottom">
            <pre>
&lt;?xml version=&quot;1.0&quot; encoding=&quot;UTF-8&quot;?&gt;
&lt;!DOCTYPE suite SYSTEM &quot;http://testng.org/testng-1.0.dtd&quot;&gt;
&lt;suite name=&quot;Default suite&quot;&gt;
  &lt;test verbose=&quot;2&quot; name=&quot;Default test&quot;&gt;
    &lt;classes&gt;
      &lt;class name=&quot;hub.test.RegressionSuite.UserProductSelectionTest&quot;/&gt;
    &lt;/classes&gt;
  &lt;/test&gt; &lt;!-- Default test --&gt;
&lt;/suite&gt; &lt;!-- Default suite --&gt;
            </pre>
          </div> <!-- main-panel-content rounded-window-bottom -->
        </div> <!-- panel -->
        <div panel-name="testlist-Default_suite" class="panel">
          <div class="main-panel-header rounded-window-top">
            <span class="header-content">Tests for Default suite</span>
          </div> <!-- main-panel-header rounded-window-top -->
          <div class="main-panel-content rounded-window-bottom">
            <ul>
              <li>
                <span class="test-name">Default test (1 class)</span>
              </li>
            </ul>
          </div> <!-- main-panel-content rounded-window-bottom -->
        </div> <!-- panel -->
        <div panel-name="group-Default_suite" class="panel">
          <div class="main-panel-header rounded-window-top">
            <span class="header-content">Groups for Default suite</span>
          </div> <!-- main-panel-header rounded-window-top -->
          <div class="main-panel-content rounded-window-bottom">
          </div> <!-- main-panel-content rounded-window-bottom -->
        </div> <!-- panel -->
        <div panel-name="times-Default_suite" class="panel">
          <div class="main-panel-header rounded-window-top">
            <span class="header-content">Times for Default suite</span>
          </div> <!-- main-panel-header rounded-window-top -->
          <div class="main-panel-content rounded-window-bottom">
            <div class="times-div">
              <script type="text/javascript">
suiteTableInitFunctions.push('tableData_Default_suite');
function tableData_Default_suite() {
var data = new google.visualization.DataTable();
data.addColumn('number', 'Number');
data.addColumn('string', 'Method');
data.addColumn('string', 'Class');
data.addColumn('number', 'Time (ms)');
data.addRows(26);
data.setCell(0, 0, 0)
data.setCell(0, 1, 'RT_02903_Empowerment_Metropolitan_Regional')
data.setCell(0, 2, 'hub.test.RegressionSuite.UserProductSelectionTest')
data.setCell(0, 3, 44068);
data.setCell(1, 0, 1)
data.setCell(1, 1, 'RT_02904_PP_No_RPID')
data.setCell(1, 2, 'hub.test.RegressionSuite.UserProductSelectionTest')
data.setCell(1, 3, 31008);
data.setCell(2, 0, 2)
data.setCell(2, 1, 'RT_02619_No_Prompt_Originator_Details')
data.setCell(2, 2, 'hub.test.RegressionSuite.UserProductSelectionTest')
data.setCell(2, 3, 30015);
data.setCell(3, 0, 3)
data.setCell(3, 1, 'RT_08845_Loan_Amount_Active')
data.setCell(3, 2, 'hub.test.RegressionSuite.UserProductSelectionTest')
data.setCell(3, 3, 16437);
data.setCell(4, 0, 4)
data.setCell(4, 1, 'RT_02620_Product_Details')
data.setCell(4, 2, 'hub.test.RegressionSuite.UserProductSelectionTest')
data.setCell(4, 3, 15358);
data.setCell(5, 0, 5)
data.setCell(5, 1, 'RT_03099_Product_Details_More')
data.setCell(5, 2, 'hub.test.RegressionSuite.UserProductSelectionTest')
data.setCell(5, 3, 15263);
data.setCell(6, 0, 6)
data.setCell(6, 1, 'RT_02650_Cart_Link')
data.setCell(6, 2, 'hub.test.RegressionSuite.UserProductSelectionTest')
data.setCell(6, 3, 15250);
data.setCell(7, 0, 7)
data.setCell(7, 1, 'RT_02658_On_Account')
data.setCell(7, 2, 'hub.test.RegressionSuite.UserProductSelectionTest')
data.setCell(7, 3, 15227);
data.setCell(8, 0, 8)
data.setCell(8, 1, 'RT_02617_Workflow_Bar')
data.setCell(8, 2, 'hub.test.RegressionSuite.UserProductSelectionTest')
data.setCell(8, 3, 15224);
data.setCell(9, 0, 9)
data.setCell(9, 1, 'RT_02375_OEVPP_Formatted')
data.setCell(9, 2, 'hub.test.RegressionSuite.UserProductSelectionTest')
data.setCell(9, 3, 12316);
data.setCell(10, 0, 10)
data.setCell(10, 1, 'RT_Loan_App_Required')
data.setCell(10, 2, 'hub.test.RegressionSuite.UserProductSelectionTest')
data.setCell(10, 3, 9624);
data.setCell(11, 0, 11)
data.setCell(11, 1, 'RT_03108_DAOTA_Required')
data.setCell(11, 2, 'hub.test.RegressionSuite.UserProductSelectionTest')
data.setCell(11, 3, 6723);
data.setCell(12, 0, 12)
data.setCell(12, 1, 'RT_03110_AVM_Ack_Required')
data.setCell(12, 2, 'hub.test.RegressionSuite.UserProductSelectionTest')
data.setCell(12, 3, 6601);
data.setCell(13, 0, 13)
data.setCell(13, 1, 'RT_02977_DAOTA_Exclusions')
data.setCell(13, 2, 'hub.test.RegressionSuite.UserProductSelectionTest')
data.setCell(13, 3, 6258);
data.setCell(14, 0, 14)
data.setCell(14, 1, 'RT_02654_Prompt_Originator_Details')
data.setCell(14, 2, 'hub.test.RegressionSuite.UserProductSelectionTest')
data.setCell(14, 3, 5618);
data.setCell(15, 0, 15)
data.setCell(15, 1, 'RT_08846_Loan_Amount_Mandatory')
data.setCell(15, 2, 'hub.test.RegressionSuite.UserProductSelectionTest')
data.setCell(15, 3, 5104);
data.setCell(16, 0, 16)
data.setCell(16, 1, 'RT_03107_Property_Type_Field')
data.setCell(16, 2, 'hub.test.RegressionSuite.UserProductSelectionTest')
data.setCell(16, 3, 4521);
data.setCell(17, 0, 17)
data.setCell(17, 1, 'RT_02678_OEVPP_Required_Numeric')
data.setCell(17, 2, 'hub.test.RegressionSuite.UserProductSelectionTest')
data.setCell(17, 3, 4047);
data.setCell(18, 0, 18)
data.setCell(18, 1, 'RT_03111_AVM_Ack_Replaced')
data.setCell(18, 2, 'hub.test.RegressionSuite.UserProductSelectionTest')
data.setCell(18, 3, 2309);
data.setCell(19, 0, 19)
data.setCell(19, 1, 'RT_Loan_Purpose')
data.setCell(19, 2, 'hub.test.RegressionSuite.UserProductSelectionTest')
data.setCell(19, 3, 1261);
data.setCell(20, 0, 20)
data.setCell(20, 1, 'RT_03117_Information_Icon_Hover')
data.setCell(20, 2, 'hub.test.RegressionSuite.UserProductSelectionTest')
data.setCell(20, 3, 427);
data.setCell(21, 0, 21)
data.setCell(21, 1, 'RT_03109_AVM_Ack_Display')
data.setCell(21, 2, 'hub.test.RegressionSuite.UserProductSelectionTest')
data.setCell(21, 3, 197);
data.setCell(22, 0, 22)
data.setCell(22, 1, 'RT_02269_Proceed_Product_Selection_Link')
data.setCell(22, 2, 'hub.test.RegressionSuite.UserProductSelectionTest')
data.setCell(22, 3, 108);
data.setCell(23, 0, 23)
data.setCell(23, 1, 'RT_08844_Loan_Amount_Not_Active')
data.setCell(23, 2, 'hub.test.RegressionSuite.UserProductSelectionTest')
data.setCell(23, 3, 66);
data.setCell(24, 0, 24)
data.setCell(24, 1, 'RT_02704_Url_Https')
data.setCell(24, 2, 'hub.test.RegressionSuite.UserProductSelectionTest')
data.setCell(24, 3, 28);
data.setCell(25, 0, 25)
data.setCell(25, 1, 'RT_03127_Product_Tab_Not_Active')
data.setCell(25, 2, 'hub.test.RegressionSuite.UserProductSelectionTest')
data.setCell(25, 3, 23);
window.suiteTableData['Default_suite']= { tableData: data, tableDiv: 'times-div-Default_suite'}
return data;
}
              </script>
              <span class="suite-total-time">Total running time: 4 minutes</span>
              <div id="times-div-Default_suite">
              </div> <!-- times-div-Default_suite -->
            </div> <!-- times-div -->
          </div> <!-- main-panel-content rounded-window-bottom -->
        </div> <!-- panel -->
        <div panel-name="reporter-Default_suite" class="panel">
          <div class="main-panel-header rounded-window-top">
            <span class="header-content">Reporter output for Default suite</span>
          </div> <!-- main-panel-header rounded-window-top -->
          <div class="main-panel-content rounded-window-bottom">
          </div> <!-- main-panel-content rounded-window-bottom -->
        </div> <!-- panel -->
        <div panel-name="ignored-methods-Default_suite" class="panel">
          <div class="main-panel-header rounded-window-top">
            <span class="header-content">0 ignored methods</span>
          </div> <!-- main-panel-header rounded-window-top -->
          <div class="main-panel-content rounded-window-bottom">
          </div> <!-- main-panel-content rounded-window-bottom -->
        </div> <!-- panel -->
        <div panel-name="chronological-Default_suite" class="panel">
          <div class="main-panel-header rounded-window-top">
            <span class="header-content">Methods in chronological order</span>
          </div> <!-- main-panel-header rounded-window-top -->
          <div class="main-panel-content rounded-window-bottom">
            <div class="chronological-class">
              <div class="chronological-class-name">hub.test.RegressionSuite.UserProductSelectionTest</div> <!-- chronological-class-name -->
              <div class="configuration-class before">
                <span class="method-name">Startup(null)</span>
                <span class="method-start">0 ms</span>
              </div> <!-- configuration-class before -->
              <div class="configuration-class before">
                <span class="method-name">init</span>
                <span class="method-start">28989 ms</span>
              </div> <!-- configuration-class before -->
              <div class="test-method">
                <span class="method-name">RT_02619_No_Prompt_Originator_Details</span>
                <span class="method-start">42381 ms</span>
              </div> <!-- test-method -->
              <div class="test-method">
                <span class="method-name">RT_02654_Prompt_Originator_Details</span>
                <span class="method-start">72399 ms</span>
              </div> <!-- test-method -->
              <div class="test-method">
                <span class="method-name">RT_02269_Proceed_Product_Selection_Link</span>
                <span class="method-start">78019 ms</span>
              </div> <!-- test-method -->
              <div class="test-method">
                <span class="method-name">RT_03117_Information_Icon_Hover</span>
                <span class="method-start">78128 ms</span>
              </div> <!-- test-method -->
              <div class="test-method">
                <span class="method-name">RT_03107_Property_Type_Field</span>
                <span class="method-start">78557 ms</span>
              </div> <!-- test-method -->
              <div class="test-method">
                <span class="method-name">RT_02678_OEVPP_Required_Numeric</span>
                <span class="method-start">83080 ms</span>
              </div> <!-- test-method -->
              <div class="test-method">
                <span class="method-name">RT_02375_OEVPP_Formatted</span>
                <span class="method-start">87128 ms</span>
              </div> <!-- test-method -->
              <div class="test-method">
                <span class="method-name">RT_08844_Loan_Amount_Not_Active</span>
                <span class="method-start">99446 ms</span>
              </div> <!-- test-method -->
              <div class="test-method">
                <span class="method-name">RT_02977_DAOTA_Exclusions</span>
                <span class="method-start">99513 ms</span>
              </div> <!-- test-method -->
              <div class="test-method">
                <span class="method-name">RT_03108_DAOTA_Required</span>
                <span class="method-start">105772 ms</span>
              </div> <!-- test-method -->
              <div class="test-method">
                <span class="method-name">RT_Loan_Purpose</span>
                <span class="method-start">112497 ms</span>
              </div> <!-- test-method -->
              <div class="test-method">
                <span class="method-name">RT_03109_AVM_Ack_Display</span>
                <span class="method-start">113761 ms</span>
              </div> <!-- test-method -->
              <div class="test-method">
                <span class="method-name">RT_03110_AVM_Ack_Required</span>
                <span class="method-start">113959 ms</span>
              </div> <!-- test-method -->
              <div class="test-method">
                <span class="method-name">RT_03111_AVM_Ack_Replaced</span>
                <span class="method-start">120563 ms</span>
              </div> <!-- test-method -->
              <div class="test-method">
                <span class="method-name">RT_Loan_App_Required</span>
                <span class="method-start">122873 ms</span>
              </div> <!-- test-method -->
              <div class="test-method">
                <span class="method-name">RT_02704_Url_Https</span>
                <span class="method-start">132499 ms</span>
              </div> <!-- test-method -->
              <div class="test-method">
                <span class="method-name">RT_02904_PP_No_RPID</span>
                <span class="method-start">132529 ms</span>
              </div> <!-- test-method -->
              <div class="test-method">
                <img src="failed.png">
                </img>
                <span class="method-name">RT_02903_Empowerment_Metropolitan_Regional</span>
                <span class="method-start">163538 ms</span>
              </div> <!-- test-method -->
              <div class="test-method">
                <img src="failed.png">
                </img>
                <span class="method-name">RT_02620_Product_Details</span>
                <span class="method-start">208040 ms</span>
              </div> <!-- test-method -->
              <div class="test-method">
                <img src="failed.png">
                </img>
                <span class="method-name">RT_03099_Product_Details_More</span>
                <span class="method-start">223403 ms</span>
              </div> <!-- test-method -->
              <div class="test-method">
                <img src="failed.png">
                </img>
                <span class="method-name">RT_02658_On_Account</span>
                <span class="method-start">238676 ms</span>
              </div> <!-- test-method -->
              <div class="test-method">
                <img src="failed.png">
                </img>
                <span class="method-name">RT_02650_Cart_Link</span>
                <span class="method-start">253910 ms</span>
              </div> <!-- test-method -->
              <div class="test-method">
                <img src="failed.png">
                </img>
                <span class="method-name">RT_02617_Workflow_Bar</span>
                <span class="method-start">269170 ms</span>
              </div> <!-- test-method -->
              <div class="test-method">
                <span class="method-name">RT_03127_Product_Tab_Not_Active</span>
                <span class="method-start">284402 ms</span>
              </div> <!-- test-method -->
              <div class="test-method">
                <img src="failed.png">
                </img>
                <span class="method-name">RT_08845_Loan_Amount_Active</span>
                <span class="method-start">284426 ms</span>
              </div> <!-- test-method -->
              <div class="test-method">
                <img src="failed.png">
                </img>
                <span class="method-name">RT_08846_Loan_Amount_Mandatory</span>
                <span class="method-start">300864 ms</span>
              </div> <!-- test-method -->
              <div class="configuration-class after">
                <span class="method-name">teardown</span>
                <span class="method-start">305973 ms</span>
              </div> <!-- configuration-class after -->
          </div> <!-- main-panel-content rounded-window-bottom -->
        </div> <!-- panel -->
      </div> <!-- main-panel-root -->
    </div> <!-- wrapper -->
  </body>
</html>
