<?xml version="1.0" encoding="UTF-8"?>
<!-- Generated by org.testng.reporters.JUnitReportReporter -->
<testsuite hostname="Skylark.local" name="hub.test.RegressionSuite.PropertyDetailTest" tests="13" failures="0" timestamp="26 Jan 2015 02:45:20 GMT" time="652.785" errors="1">
  <testcase name="testEndtoEnd" time="53.772" classname="hub.test.RegressionSuite.PropertyDetailTest"/>
  <testcase name="testEndtoEnd" time="41.902" classname="hub.test.RegressionSuite.PropertyDetailTest"/>
  <testcase name="testEndtoEnd" time="41.795" classname="hub.test.RegressionSuite.PropertyDetailTest"/>
  <testcase name="testEndtoEnd" time="40.484" classname="hub.test.RegressionSuite.PropertyDetailTest"/>
  <testcase name="testEndtoEnd" time="35.848" classname="hub.test.RegressionSuite.PropertyDetailTest"/>
  <testcase name="testEndtoEnd" time="43.819" classname="hub.test.RegressionSuite.PropertyDetailTest"/>
  <testcase name="testEndtoEnd" time="124.111" classname="hub.test.RegressionSuite.PropertyDetailTest"/>
  <testcase name="testEndtoEnd" time="27.971" classname="hub.test.RegressionSuite.PropertyDetailTest"/>
  <testcase name="testEndtoEnd" time="95.330" classname="hub.test.RegressionSuite.PropertyDetailTest">
    <error type="java.lang.AssertionError" message="expected [true] but found [false]">
      <![CDATA[java.lang.AssertionError: expected [true] but found [false]
	at org.testng.Assert.fail(Assert.java:94)
	at org.testng.Assert.failNotEquals(Assert.java:494)
	at org.testng.Assert.assertTrue(Assert.java:42)
	at org.testng.Assert.assertTrue(Assert.java:52)
	at hub.utilities.RegressionSuiteUtil.PropertyDetailUtil.proceedProductSelection(PropertyDetailUtil.java:555)
	at hub.test.RegressionSuite.PropertyDetailTest.testEndtoEnd(PropertyDetailTest.java:179)
	at sun.reflect.NativeMethodAccessorImpl.invoke0(Native Method)
	at sun.reflect.NativeMethodAccessorImpl.invoke(NativeMethodAccessorImpl.java:57)
	at sun.reflect.DelegatingMethodAccessorImpl.invoke(DelegatingMethodAccessorImpl.java:43)
	at java.lang.reflect.Method.invoke(Method.java:601)
	at org.testng.internal.MethodInvocationHelper.invokeMethod(MethodInvocationHelper.java:84)
	at org.testng.internal.Invoker.invokeMethod(Invoker.java:714)
	at org.testng.internal.Invoker.invokeTestMethod(Invoker.java:901)
	at org.testng.internal.Invoker.invokeTestMethods(Invoker.java:1231)
	at org.testng.internal.TestMethodWorker.invokeTestMethods(TestMethodWorker.java:127)
	at org.testng.internal.TestMethodWorker.run(TestMethodWorker.java:111)
	at org.testng.TestRunner.privateRun(TestRunner.java:767)
	at org.testng.TestRunner.run(TestRunner.java:617)
	at org.testng.SuiteRunner.runTest(SuiteRunner.java:335)
	at org.testng.SuiteRunner.runSequentially(SuiteRunner.java:330)
	at org.testng.SuiteRunner.privateRun(SuiteRunner.java:291)
	at org.testng.SuiteRunner.run(SuiteRunner.java:240)
	at org.testng.SuiteRunnerWorker.runSuite(SuiteRunnerWorker.java:52)
	at org.testng.SuiteRunnerWorker.run(SuiteRunnerWorker.java:86)
	at org.testng.TestNG.runSuitesSequentially(TestNG.java:1224)
	at org.testng.TestNG.runSuitesLocally(TestNG.java:1149)
	at org.testng.TestNG.run(TestNG.java:1057)
	at org.testng.remote.RemoteTestNG.run(RemoteTestNG.java:111)
	at org.testng.remote.RemoteTestNG.initAndRun(RemoteTestNG.java:204)
	at org.testng.remote.RemoteTestNG.main(RemoteTestNG.java:175)
]]>
    </error>
  </testcase> <!-- testEndtoEnd -->
  <testcase name="testEndtoEnd" time="27.820" classname="hub.test.RegressionSuite.PropertyDetailTest"/>
  <testcase name="testEndtoEnd" time="34.047" classname="hub.test.RegressionSuite.PropertyDetailTest"/>
  <testcase name="testEndtoEnd" time="29.439" classname="hub.test.RegressionSuite.PropertyDetailTest"/>
  <testcase name="testEndtoEnd" time="56.447" classname="hub.test.RegressionSuite.PropertyDetailTest"/>
</testsuite> <!-- hub.test.RegressionSuite.PropertyDetailTest -->
