<?xml version="1.0" encoding="UTF-8"?>
<!-- Generated by org.testng.reporters.JUnitReportReporter -->
<testsuite hostname="woodpecker.local" name="hub.test.LoginTest" tests="8" failures="8" timestamp="2 May 2014 02:33:22 GMT" time="0.011" errors="0">
  <testcase name="testLogin" time="0.001" classname="hub.test.LoginTest">
    <failure type="org.openqa.selenium.WebDriverException" message="Target URL /tooltwist/eclipse/Selenium/chromedriver is not well-formed.
Build info: version: &#039;2.38.0&#039;, revision: &#039;bd32d4e&#039;, time: &#039;2013-12-05 16:15:38&#039;
System info: host: &#039;Asity&#039;, ip: &#039;10.0.1.229&#039;, os.name: &#039;Windows 7&#039;, os.arch: &#039;x86&#039;, os.version: &#039;6.1&#039;, java.version: &#039;1.7.0_25&#039;
Driver info: driver.version: unknown
Command duration or timeout: 1.58 seconds
Build info: version: &#039;2.38.0&#039;, revision: &#039;bd32d4e7247a32d801b3d2d4f84a4e7384300378&#039;, time: &#039;2013-12-05 09:01:37&#039;
System info: host: &#039;woodpecker.local&#039;, ip: &#039;10.0.1.238&#039;, os.name: &#039;Mac OS X&#039;, os.arch: &#039;x86_64&#039;, os.version: &#039;10.9&#039;, java.version: &#039;1.7.0_04&#039;
Session ID: 96652ff7-0069-4a30-a9f6-e32e685c1cbb
Driver info: org.openqa.selenium.remote.RemoteWebDriver
Capabilities [{platform=XP, acceptSslCerts=true, javascriptEnabled=true, browserName=firefox, rotatable=false, locationContextEnabled=true, webdriver.remote.sessionid=96652ff7-0069-4a30-a9f6-e32e685c1cbb, version=7.0.1, cssSelectorsEnabled=true, databaseEnabled=true, handlesAlerts=true, webStorageEnabled=true, nativeEvents=false, applicationCacheEnabled=true, takesScreenshot=true}]">
      <![CDATA[org.openqa.selenium.WebDriverException: Target URL /tooltwist/eclipse/Selenium/chromedriver is not well-formed.
Build info: version: '2.38.0', revision: 'bd32d4e', time: '2013-12-05 16:15:38'
System info: host: 'Asity', ip: '10.0.1.229', os.name: 'Windows 7', os.arch: 'x86', os.version: '6.1', java.version: '1.7.0_25'
Driver info: driver.version: unknown
Command duration or timeout: 1.58 seconds
Build info: version: '2.38.0', revision: 'bd32d4e7247a32d801b3d2d4f84a4e7384300378', time: '2013-12-05 09:01:37'
System info: host: 'woodpecker.local', ip: '10.0.1.238', os.name: 'Mac OS X', os.arch: 'x86_64', os.version: '10.9', java.version: '1.7.0_04'
Session ID: 96652ff7-0069-4a30-a9f6-e32e685c1cbb
Driver info: org.openqa.selenium.remote.RemoteWebDriver
Capabilities [{platform=XP, acceptSslCerts=true, javascriptEnabled=true, browserName=firefox, rotatable=false, locationContextEnabled=true, webdriver.remote.sessionid=96652ff7-0069-4a30-a9f6-e32e685c1cbb, version=7.0.1, cssSelectorsEnabled=true, databaseEnabled=true, handlesAlerts=true, webStorageEnabled=true, nativeEvents=false, applicationCacheEnabled=true, takesScreenshot=true}]
	at sun.reflect.NativeConstructorAccessorImpl.newInstance0(Native Method)
	at sun.reflect.NativeConstructorAccessorImpl.newInstance(NativeConstructorAccessorImpl.java:57)
	at sun.reflect.DelegatingConstructorAccessorImpl.newInstance(DelegatingConstructorAccessorImpl.java:45)
	at java.lang.reflect.Constructor.newInstance(Constructor.java:525)
	at org.openqa.selenium.remote.ErrorHandler.createThrowable(ErrorHandler.java:193)
	at org.openqa.selenium.remote.ErrorHandler.throwIfResponseFailed(ErrorHandler.java:145)
	at org.openqa.selenium.remote.RemoteWebDriver.execute(RemoteWebDriver.java:554)
	at org.openqa.selenium.remote.RemoteWebDriver.get(RemoteWebDriver.java:276)
	at hub.library.TestInitReference.Startup(TestInitReference.java:106)
	at sun.reflect.NativeMethodAccessorImpl.invoke0(Native Method)
	at sun.reflect.NativeMethodAccessorImpl.invoke(NativeMethodAccessorImpl.java:57)
	at sun.reflect.DelegatingMethodAccessorImpl.invoke(DelegatingMethodAccessorImpl.java:43)
	at java.lang.reflect.Method.invoke(Method.java:601)
	at org.testng.internal.MethodInvocationHelper.invokeMethod(MethodInvocationHelper.java:84)
	at org.testng.internal.Invoker.invokeConfigurationMethod(Invoker.java:564)
	at org.testng.internal.Invoker.invokeConfigurations(Invoker.java:213)
	at org.testng.internal.Invoker.invokeConfigurations(Invoker.java:138)
	at org.testng.internal.TestMethodWorker.invokeBeforeClassMethods(TestMethodWorker.java:175)
	at org.testng.internal.TestMethodWorker.run(TestMethodWorker.java:107)
	at org.testng.TestRunner.privateRun(TestRunner.java:767)
	at org.testng.TestRunner.run(TestRunner.java:617)
	at org.testng.SuiteRunner.runTest(SuiteRunner.java:335)
	at org.testng.SuiteRunner.runSequentially(SuiteRunner.java:330)
	at org.testng.SuiteRunner.privateRun(SuiteRunner.java:291)
	at org.testng.SuiteRunner.run(SuiteRunner.java:240)
	at org.testng.SuiteRunnerWorker.runSuite(SuiteRunnerWorker.java:52)
	at org.testng.SuiteRunnerWorker.run(SuiteRunnerWorker.java:86)
	at org.testng.TestNG.runSuitesSequentially(TestNG.java:1224)
	at org.testng.TestNG.runSuitesLocally(TestNG.java:1149)
	at org.testng.TestNG.run(TestNG.java:1057)
	at org.testng.remote.RemoteTestNG.run(RemoteTestNG.java:111)
	at org.testng.remote.RemoteTestNG.initAndRun(RemoteTestNG.java:204)
	at org.testng.remote.RemoteTestNG.main(RemoteTestNG.java:175)
Caused by: org.openqa.selenium.remote.ScreenshotException: Screen shot has been taken
Build info: version: '2.38.0', revision: 'bd32d4e7247a32d801b3d2d4f84a4e7384300378', time: '2013-12-05 09:01:37'
System info: host: 'woodpecker.local', ip: '10.0.1.238', os.name: 'Mac OS X', os.arch: 'x86_64', os.version: '10.9', java.version: '1.7.0_04'
Driver info: driver.version: RemoteWebDriver
	at org.openqa.selenium.remote.ErrorHandler.throwIfResponseFailed(ErrorHandler.java:125)
	... 27 more
Caused by: org.openqa.selenium.remote.ErrorHandler$UnknownServerException: Target URL /tooltwist/eclipse/Selenium/chromedriver is not well-formed.
Build info: version: '2.38.0', revision: 'bd32d4e', time: '2013-12-05 16:15:38'
System info: host: 'Asity', ip: '10.0.1.229', os.name: 'Windows 7', os.arch: 'x86', os.version: '6.1', java.version: '1.7.0_25'
Driver info: driver.version: unknown
Build info: version: '2.38.0', revision: 'bd32d4e7247a32d801b3d2d4f84a4e7384300378', time: '2013-12-05 09:01:37'
System info: host: 'woodpecker.local', ip: '10.0.1.238', os.name: 'Mac OS X', os.arch: 'x86_64', os.version: '10.9', java.version: '1.7.0_04'
Driver info: driver.version: unknown
	at <anonymous class>.<anonymous method>(file:///C:/Users/AIMEEG~1/AppData/Local/Temp/anonymous4692822900566782935webdriver-profile/extensions/fxdriver@googlecode.com/components/driver_component.js:8722)
	at <anonymous class>.<anonymous method>(file:///C:/Users/AIMEEG~1/AppData/Local/Temp/anonymous4692822900566782935webdriver-profile/extensions/fxdriver@googlecode.com/components/command_processor.js:10831)
	at <anonymous class>.<anonymous method>(file:///C:/Users/AIMEEG~1/AppData/Local/Temp/anonymous4692822900566782935webdriver-profile/extensions/fxdriver@googlecode.com/components/command_processor.js:10836)
	at <anonymous class>.<anonymous method>(file:///C:/Users/AIMEEG~1/AppData/Local/Temp/anonymous4692822900566782935webdriver-profile/extensions/fxdriver@googlecode.com/components/command_processor.js:10778)
]]>
    </failure>
  </testcase> <!-- testLogin -->
  <testcase name="testLogin" time="0.001" classname="hub.test.LoginTest">
    <failure type="org.openqa.selenium.WebDriverException" message="Target URL /tooltwist/eclipse/Selenium/chromedriver is not well-formed.
Build info: version: &#039;2.38.0&#039;, revision: &#039;bd32d4e&#039;, time: &#039;2013-12-05 16:15:38&#039;
System info: host: &#039;Asity&#039;, ip: &#039;10.0.1.229&#039;, os.name: &#039;Windows 7&#039;, os.arch: &#039;x86&#039;, os.version: &#039;6.1&#039;, java.version: &#039;1.7.0_25&#039;
Driver info: driver.version: unknown
Command duration or timeout: 1.58 seconds
Build info: version: &#039;2.38.0&#039;, revision: &#039;bd32d4e7247a32d801b3d2d4f84a4e7384300378&#039;, time: &#039;2013-12-05 09:01:37&#039;
System info: host: &#039;woodpecker.local&#039;, ip: &#039;10.0.1.238&#039;, os.name: &#039;Mac OS X&#039;, os.arch: &#039;x86_64&#039;, os.version: &#039;10.9&#039;, java.version: &#039;1.7.0_04&#039;
Session ID: 96652ff7-0069-4a30-a9f6-e32e685c1cbb
Driver info: org.openqa.selenium.remote.RemoteWebDriver
Capabilities [{platform=XP, acceptSslCerts=true, javascriptEnabled=true, browserName=firefox, rotatable=false, locationContextEnabled=true, webdriver.remote.sessionid=96652ff7-0069-4a30-a9f6-e32e685c1cbb, version=7.0.1, cssSelectorsEnabled=true, databaseEnabled=true, handlesAlerts=true, webStorageEnabled=true, nativeEvents=false, applicationCacheEnabled=true, takesScreenshot=true}]">
      <![CDATA[org.openqa.selenium.WebDriverException: Target URL /tooltwist/eclipse/Selenium/chromedriver is not well-formed.
Build info: version: '2.38.0', revision: 'bd32d4e', time: '2013-12-05 16:15:38'
System info: host: 'Asity', ip: '10.0.1.229', os.name: 'Windows 7', os.arch: 'x86', os.version: '6.1', java.version: '1.7.0_25'
Driver info: driver.version: unknown
Command duration or timeout: 1.58 seconds
Build info: version: '2.38.0', revision: 'bd32d4e7247a32d801b3d2d4f84a4e7384300378', time: '2013-12-05 09:01:37'
System info: host: 'woodpecker.local', ip: '10.0.1.238', os.name: 'Mac OS X', os.arch: 'x86_64', os.version: '10.9', java.version: '1.7.0_04'
Session ID: 96652ff7-0069-4a30-a9f6-e32e685c1cbb
Driver info: org.openqa.selenium.remote.RemoteWebDriver
Capabilities [{platform=XP, acceptSslCerts=true, javascriptEnabled=true, browserName=firefox, rotatable=false, locationContextEnabled=true, webdriver.remote.sessionid=96652ff7-0069-4a30-a9f6-e32e685c1cbb, version=7.0.1, cssSelectorsEnabled=true, databaseEnabled=true, handlesAlerts=true, webStorageEnabled=true, nativeEvents=false, applicationCacheEnabled=true, takesScreenshot=true}]
	at sun.reflect.NativeConstructorAccessorImpl.newInstance0(Native Method)
	at sun.reflect.NativeConstructorAccessorImpl.newInstance(NativeConstructorAccessorImpl.java:57)
	at sun.reflect.DelegatingConstructorAccessorImpl.newInstance(DelegatingConstructorAccessorImpl.java:45)
	at java.lang.reflect.Constructor.newInstance(Constructor.java:525)
	at org.openqa.selenium.remote.ErrorHandler.createThrowable(ErrorHandler.java:193)
	at org.openqa.selenium.remote.ErrorHandler.throwIfResponseFailed(ErrorHandler.java:145)
	at org.openqa.selenium.remote.RemoteWebDriver.execute(RemoteWebDriver.java:554)
	at org.openqa.selenium.remote.RemoteWebDriver.get(RemoteWebDriver.java:276)
	at hub.library.TestInitReference.Startup(TestInitReference.java:106)
	at sun.reflect.NativeMethodAccessorImpl.invoke0(Native Method)
	at sun.reflect.NativeMethodAccessorImpl.invoke(NativeMethodAccessorImpl.java:57)
	at sun.reflect.DelegatingMethodAccessorImpl.invoke(DelegatingMethodAccessorImpl.java:43)
	at java.lang.reflect.Method.invoke(Method.java:601)
	at org.testng.internal.MethodInvocationHelper.invokeMethod(MethodInvocationHelper.java:84)
	at org.testng.internal.Invoker.invokeConfigurationMethod(Invoker.java:564)
	at org.testng.internal.Invoker.invokeConfigurations(Invoker.java:213)
	at org.testng.internal.Invoker.invokeConfigurations(Invoker.java:138)
	at org.testng.internal.TestMethodWorker.invokeBeforeClassMethods(TestMethodWorker.java:175)
	at org.testng.internal.TestMethodWorker.run(TestMethodWorker.java:107)
	at org.testng.TestRunner.privateRun(TestRunner.java:767)
	at org.testng.TestRunner.run(TestRunner.java:617)
	at org.testng.SuiteRunner.runTest(SuiteRunner.java:335)
	at org.testng.SuiteRunner.runSequentially(SuiteRunner.java:330)
	at org.testng.SuiteRunner.privateRun(SuiteRunner.java:291)
	at org.testng.SuiteRunner.run(SuiteRunner.java:240)
	at org.testng.SuiteRunnerWorker.runSuite(SuiteRunnerWorker.java:52)
	at org.testng.SuiteRunnerWorker.run(SuiteRunnerWorker.java:86)
	at org.testng.TestNG.runSuitesSequentially(TestNG.java:1224)
	at org.testng.TestNG.runSuitesLocally(TestNG.java:1149)
	at org.testng.TestNG.run(TestNG.java:1057)
	at org.testng.remote.RemoteTestNG.run(RemoteTestNG.java:111)
	at org.testng.remote.RemoteTestNG.initAndRun(RemoteTestNG.java:204)
	at org.testng.remote.RemoteTestNG.main(RemoteTestNG.java:175)
Caused by: org.openqa.selenium.remote.ScreenshotException: Screen shot has been taken
Build info: version: '2.38.0', revision: 'bd32d4e7247a32d801b3d2d4f84a4e7384300378', time: '2013-12-05 09:01:37'
System info: host: 'woodpecker.local', ip: '10.0.1.238', os.name: 'Mac OS X', os.arch: 'x86_64', os.version: '10.9', java.version: '1.7.0_04'
Driver info: driver.version: RemoteWebDriver
	at org.openqa.selenium.remote.ErrorHandler.throwIfResponseFailed(ErrorHandler.java:125)
	... 27 more
Caused by: org.openqa.selenium.remote.ErrorHandler$UnknownServerException: Target URL /tooltwist/eclipse/Selenium/chromedriver is not well-formed.
Build info: version: '2.38.0', revision: 'bd32d4e', time: '2013-12-05 16:15:38'
System info: host: 'Asity', ip: '10.0.1.229', os.name: 'Windows 7', os.arch: 'x86', os.version: '6.1', java.version: '1.7.0_25'
Driver info: driver.version: unknown
Build info: version: '2.38.0', revision: 'bd32d4e7247a32d801b3d2d4f84a4e7384300378', time: '2013-12-05 09:01:37'
System info: host: 'woodpecker.local', ip: '10.0.1.238', os.name: 'Mac OS X', os.arch: 'x86_64', os.version: '10.9', java.version: '1.7.0_04'
Driver info: driver.version: unknown
	at <anonymous class>.<anonymous method>(file:///C:/Users/AIMEEG~1/AppData/Local/Temp/anonymous4692822900566782935webdriver-profile/extensions/fxdriver@googlecode.com/components/driver_component.js:8722)
	at <anonymous class>.<anonymous method>(file:///C:/Users/AIMEEG~1/AppData/Local/Temp/anonymous4692822900566782935webdriver-profile/extensions/fxdriver@googlecode.com/components/command_processor.js:10831)
	at <anonymous class>.<anonymous method>(file:///C:/Users/AIMEEG~1/AppData/Local/Temp/anonymous4692822900566782935webdriver-profile/extensions/fxdriver@googlecode.com/components/command_processor.js:10836)
	at <anonymous class>.<anonymous method>(file:///C:/Users/AIMEEG~1/AppData/Local/Temp/anonymous4692822900566782935webdriver-profile/extensions/fxdriver@googlecode.com/components/command_processor.js:10778)
]]>
    </failure>
  </testcase> <!-- testLogin -->
  <testcase name="testLogin" time="0.001" classname="hub.test.LoginTest">
    <failure type="org.openqa.selenium.WebDriverException" message="Target URL /tooltwist/eclipse/Selenium/chromedriver is not well-formed.
Build info: version: &#039;2.38.0&#039;, revision: &#039;bd32d4e&#039;, time: &#039;2013-12-05 16:15:38&#039;
System info: host: &#039;Asity&#039;, ip: &#039;10.0.1.229&#039;, os.name: &#039;Windows 7&#039;, os.arch: &#039;x86&#039;, os.version: &#039;6.1&#039;, java.version: &#039;1.7.0_25&#039;
Driver info: driver.version: unknown
Command duration or timeout: 1.58 seconds
Build info: version: &#039;2.38.0&#039;, revision: &#039;bd32d4e7247a32d801b3d2d4f84a4e7384300378&#039;, time: &#039;2013-12-05 09:01:37&#039;
System info: host: &#039;woodpecker.local&#039;, ip: &#039;10.0.1.238&#039;, os.name: &#039;Mac OS X&#039;, os.arch: &#039;x86_64&#039;, os.version: &#039;10.9&#039;, java.version: &#039;1.7.0_04&#039;
Session ID: 96652ff7-0069-4a30-a9f6-e32e685c1cbb
Driver info: org.openqa.selenium.remote.RemoteWebDriver
Capabilities [{platform=XP, acceptSslCerts=true, javascriptEnabled=true, browserName=firefox, rotatable=false, locationContextEnabled=true, webdriver.remote.sessionid=96652ff7-0069-4a30-a9f6-e32e685c1cbb, version=7.0.1, cssSelectorsEnabled=true, databaseEnabled=true, handlesAlerts=true, webStorageEnabled=true, nativeEvents=false, applicationCacheEnabled=true, takesScreenshot=true}]">
      <![CDATA[org.openqa.selenium.WebDriverException: Target URL /tooltwist/eclipse/Selenium/chromedriver is not well-formed.
Build info: version: '2.38.0', revision: 'bd32d4e', time: '2013-12-05 16:15:38'
System info: host: 'Asity', ip: '10.0.1.229', os.name: 'Windows 7', os.arch: 'x86', os.version: '6.1', java.version: '1.7.0_25'
Driver info: driver.version: unknown
Command duration or timeout: 1.58 seconds
Build info: version: '2.38.0', revision: 'bd32d4e7247a32d801b3d2d4f84a4e7384300378', time: '2013-12-05 09:01:37'
System info: host: 'woodpecker.local', ip: '10.0.1.238', os.name: 'Mac OS X', os.arch: 'x86_64', os.version: '10.9', java.version: '1.7.0_04'
Session ID: 96652ff7-0069-4a30-a9f6-e32e685c1cbb
Driver info: org.openqa.selenium.remote.RemoteWebDriver
Capabilities [{platform=XP, acceptSslCerts=true, javascriptEnabled=true, browserName=firefox, rotatable=false, locationContextEnabled=true, webdriver.remote.sessionid=96652ff7-0069-4a30-a9f6-e32e685c1cbb, version=7.0.1, cssSelectorsEnabled=true, databaseEnabled=true, handlesAlerts=true, webStorageEnabled=true, nativeEvents=false, applicationCacheEnabled=true, takesScreenshot=true}]
	at sun.reflect.NativeConstructorAccessorImpl.newInstance0(Native Method)
	at sun.reflect.NativeConstructorAccessorImpl.newInstance(NativeConstructorAccessorImpl.java:57)
	at sun.reflect.DelegatingConstructorAccessorImpl.newInstance(DelegatingConstructorAccessorImpl.java:45)
	at java.lang.reflect.Constructor.newInstance(Constructor.java:525)
	at org.openqa.selenium.remote.ErrorHandler.createThrowable(ErrorHandler.java:193)
	at org.openqa.selenium.remote.ErrorHandler.throwIfResponseFailed(ErrorHandler.java:145)
	at org.openqa.selenium.remote.RemoteWebDriver.execute(RemoteWebDriver.java:554)
	at org.openqa.selenium.remote.RemoteWebDriver.get(RemoteWebDriver.java:276)
	at hub.library.TestInitReference.Startup(TestInitReference.java:106)
	at sun.reflect.NativeMethodAccessorImpl.invoke0(Native Method)
	at sun.reflect.NativeMethodAccessorImpl.invoke(NativeMethodAccessorImpl.java:57)
	at sun.reflect.DelegatingMethodAccessorImpl.invoke(DelegatingMethodAccessorImpl.java:43)
	at java.lang.reflect.Method.invoke(Method.java:601)
	at org.testng.internal.MethodInvocationHelper.invokeMethod(MethodInvocationHelper.java:84)
	at org.testng.internal.Invoker.invokeConfigurationMethod(Invoker.java:564)
	at org.testng.internal.Invoker.invokeConfigurations(Invoker.java:213)
	at org.testng.internal.Invoker.invokeConfigurations(Invoker.java:138)
	at org.testng.internal.TestMethodWorker.invokeBeforeClassMethods(TestMethodWorker.java:175)
	at org.testng.internal.TestMethodWorker.run(TestMethodWorker.java:107)
	at org.testng.TestRunner.privateRun(TestRunner.java:767)
	at org.testng.TestRunner.run(TestRunner.java:617)
	at org.testng.SuiteRunner.runTest(SuiteRunner.java:335)
	at org.testng.SuiteRunner.runSequentially(SuiteRunner.java:330)
	at org.testng.SuiteRunner.privateRun(SuiteRunner.java:291)
	at org.testng.SuiteRunner.run(SuiteRunner.java:240)
	at org.testng.SuiteRunnerWorker.runSuite(SuiteRunnerWorker.java:52)
	at org.testng.SuiteRunnerWorker.run(SuiteRunnerWorker.java:86)
	at org.testng.TestNG.runSuitesSequentially(TestNG.java:1224)
	at org.testng.TestNG.runSuitesLocally(TestNG.java:1149)
	at org.testng.TestNG.run(TestNG.java:1057)
	at org.testng.remote.RemoteTestNG.run(RemoteTestNG.java:111)
	at org.testng.remote.RemoteTestNG.initAndRun(RemoteTestNG.java:204)
	at org.testng.remote.RemoteTestNG.main(RemoteTestNG.java:175)
Caused by: org.openqa.selenium.remote.ScreenshotException: Screen shot has been taken
Build info: version: '2.38.0', revision: 'bd32d4e7247a32d801b3d2d4f84a4e7384300378', time: '2013-12-05 09:01:37'
System info: host: 'woodpecker.local', ip: '10.0.1.238', os.name: 'Mac OS X', os.arch: 'x86_64', os.version: '10.9', java.version: '1.7.0_04'
Driver info: driver.version: RemoteWebDriver
	at org.openqa.selenium.remote.ErrorHandler.throwIfResponseFailed(ErrorHandler.java:125)
	... 27 more
Caused by: org.openqa.selenium.remote.ErrorHandler$UnknownServerException: Target URL /tooltwist/eclipse/Selenium/chromedriver is not well-formed.
Build info: version: '2.38.0', revision: 'bd32d4e', time: '2013-12-05 16:15:38'
System info: host: 'Asity', ip: '10.0.1.229', os.name: 'Windows 7', os.arch: 'x86', os.version: '6.1', java.version: '1.7.0_25'
Driver info: driver.version: unknown
Build info: version: '2.38.0', revision: 'bd32d4e7247a32d801b3d2d4f84a4e7384300378', time: '2013-12-05 09:01:37'
System info: host: 'woodpecker.local', ip: '10.0.1.238', os.name: 'Mac OS X', os.arch: 'x86_64', os.version: '10.9', java.version: '1.7.0_04'
Driver info: driver.version: unknown
	at <anonymous class>.<anonymous method>(file:///C:/Users/AIMEEG~1/AppData/Local/Temp/anonymous4692822900566782935webdriver-profile/extensions/fxdriver@googlecode.com/components/driver_component.js:8722)
	at <anonymous class>.<anonymous method>(file:///C:/Users/AIMEEG~1/AppData/Local/Temp/anonymous4692822900566782935webdriver-profile/extensions/fxdriver@googlecode.com/components/command_processor.js:10831)
	at <anonymous class>.<anonymous method>(file:///C:/Users/AIMEEG~1/AppData/Local/Temp/anonymous4692822900566782935webdriver-profile/extensions/fxdriver@googlecode.com/components/command_processor.js:10836)
	at <anonymous class>.<anonymous method>(file:///C:/Users/AIMEEG~1/AppData/Local/Temp/anonymous4692822900566782935webdriver-profile/extensions/fxdriver@googlecode.com/components/command_processor.js:10778)
]]>
    </failure>
  </testcase> <!-- testLogin -->
  <testcase name="testLogin" time="0.003" classname="hub.test.LoginTest">
    <failure type="org.openqa.selenium.WebDriverException" message="Target URL /tooltwist/eclipse/Selenium/chromedriver is not well-formed.
Build info: version: &#039;2.38.0&#039;, revision: &#039;bd32d4e&#039;, time: &#039;2013-12-05 16:15:38&#039;
System info: host: &#039;Asity&#039;, ip: &#039;10.0.1.229&#039;, os.name: &#039;Windows 7&#039;, os.arch: &#039;x86&#039;, os.version: &#039;6.1&#039;, java.version: &#039;1.7.0_25&#039;
Driver info: driver.version: unknown
Command duration or timeout: 1.58 seconds
Build info: version: &#039;2.38.0&#039;, revision: &#039;bd32d4e7247a32d801b3d2d4f84a4e7384300378&#039;, time: &#039;2013-12-05 09:01:37&#039;
System info: host: &#039;woodpecker.local&#039;, ip: &#039;10.0.1.238&#039;, os.name: &#039;Mac OS X&#039;, os.arch: &#039;x86_64&#039;, os.version: &#039;10.9&#039;, java.version: &#039;1.7.0_04&#039;
Session ID: 96652ff7-0069-4a30-a9f6-e32e685c1cbb
Driver info: org.openqa.selenium.remote.RemoteWebDriver
Capabilities [{platform=XP, acceptSslCerts=true, javascriptEnabled=true, browserName=firefox, rotatable=false, locationContextEnabled=true, webdriver.remote.sessionid=96652ff7-0069-4a30-a9f6-e32e685c1cbb, version=7.0.1, cssSelectorsEnabled=true, databaseEnabled=true, handlesAlerts=true, webStorageEnabled=true, nativeEvents=false, applicationCacheEnabled=true, takesScreenshot=true}]">
      <![CDATA[org.openqa.selenium.WebDriverException: Target URL /tooltwist/eclipse/Selenium/chromedriver is not well-formed.
Build info: version: '2.38.0', revision: 'bd32d4e', time: '2013-12-05 16:15:38'
System info: host: 'Asity', ip: '10.0.1.229', os.name: 'Windows 7', os.arch: 'x86', os.version: '6.1', java.version: '1.7.0_25'
Driver info: driver.version: unknown
Command duration or timeout: 1.58 seconds
Build info: version: '2.38.0', revision: 'bd32d4e7247a32d801b3d2d4f84a4e7384300378', time: '2013-12-05 09:01:37'
System info: host: 'woodpecker.local', ip: '10.0.1.238', os.name: 'Mac OS X', os.arch: 'x86_64', os.version: '10.9', java.version: '1.7.0_04'
Session ID: 96652ff7-0069-4a30-a9f6-e32e685c1cbb
Driver info: org.openqa.selenium.remote.RemoteWebDriver
Capabilities [{platform=XP, acceptSslCerts=true, javascriptEnabled=true, browserName=firefox, rotatable=false, locationContextEnabled=true, webdriver.remote.sessionid=96652ff7-0069-4a30-a9f6-e32e685c1cbb, version=7.0.1, cssSelectorsEnabled=true, databaseEnabled=true, handlesAlerts=true, webStorageEnabled=true, nativeEvents=false, applicationCacheEnabled=true, takesScreenshot=true}]
	at sun.reflect.NativeConstructorAccessorImpl.newInstance0(Native Method)
	at sun.reflect.NativeConstructorAccessorImpl.newInstance(NativeConstructorAccessorImpl.java:57)
	at sun.reflect.DelegatingConstructorAccessorImpl.newInstance(DelegatingConstructorAccessorImpl.java:45)
	at java.lang.reflect.Constructor.newInstance(Constructor.java:525)
	at org.openqa.selenium.remote.ErrorHandler.createThrowable(ErrorHandler.java:193)
	at org.openqa.selenium.remote.ErrorHandler.throwIfResponseFailed(ErrorHandler.java:145)
	at org.openqa.selenium.remote.RemoteWebDriver.execute(RemoteWebDriver.java:554)
	at org.openqa.selenium.remote.RemoteWebDriver.get(RemoteWebDriver.java:276)
	at hub.library.TestInitReference.Startup(TestInitReference.java:106)
	at sun.reflect.NativeMethodAccessorImpl.invoke0(Native Method)
	at sun.reflect.NativeMethodAccessorImpl.invoke(NativeMethodAccessorImpl.java:57)
	at sun.reflect.DelegatingMethodAccessorImpl.invoke(DelegatingMethodAccessorImpl.java:43)
	at java.lang.reflect.Method.invoke(Method.java:601)
	at org.testng.internal.MethodInvocationHelper.invokeMethod(MethodInvocationHelper.java:84)
	at org.testng.internal.Invoker.invokeConfigurationMethod(Invoker.java:564)
	at org.testng.internal.Invoker.invokeConfigurations(Invoker.java:213)
	at org.testng.internal.Invoker.invokeConfigurations(Invoker.java:138)
	at org.testng.internal.TestMethodWorker.invokeBeforeClassMethods(TestMethodWorker.java:175)
	at org.testng.internal.TestMethodWorker.run(TestMethodWorker.java:107)
	at org.testng.TestRunner.privateRun(TestRunner.java:767)
	at org.testng.TestRunner.run(TestRunner.java:617)
	at org.testng.SuiteRunner.runTest(SuiteRunner.java:335)
	at org.testng.SuiteRunner.runSequentially(SuiteRunner.java:330)
	at org.testng.SuiteRunner.privateRun(SuiteRunner.java:291)
	at org.testng.SuiteRunner.run(SuiteRunner.java:240)
	at org.testng.SuiteRunnerWorker.runSuite(SuiteRunnerWorker.java:52)
	at org.testng.SuiteRunnerWorker.run(SuiteRunnerWorker.java:86)
	at org.testng.TestNG.runSuitesSequentially(TestNG.java:1224)
	at org.testng.TestNG.runSuitesLocally(TestNG.java:1149)
	at org.testng.TestNG.run(TestNG.java:1057)
	at org.testng.remote.RemoteTestNG.run(RemoteTestNG.java:111)
	at org.testng.remote.RemoteTestNG.initAndRun(RemoteTestNG.java:204)
	at org.testng.remote.RemoteTestNG.main(RemoteTestNG.java:175)
Caused by: org.openqa.selenium.remote.ScreenshotException: Screen shot has been taken
Build info: version: '2.38.0', revision: 'bd32d4e7247a32d801b3d2d4f84a4e7384300378', time: '2013-12-05 09:01:37'
System info: host: 'woodpecker.local', ip: '10.0.1.238', os.name: 'Mac OS X', os.arch: 'x86_64', os.version: '10.9', java.version: '1.7.0_04'
Driver info: driver.version: RemoteWebDriver
	at org.openqa.selenium.remote.ErrorHandler.throwIfResponseFailed(ErrorHandler.java:125)
	... 27 more
Caused by: org.openqa.selenium.remote.ErrorHandler$UnknownServerException: Target URL /tooltwist/eclipse/Selenium/chromedriver is not well-formed.
Build info: version: '2.38.0', revision: 'bd32d4e', time: '2013-12-05 16:15:38'
System info: host: 'Asity', ip: '10.0.1.229', os.name: 'Windows 7', os.arch: 'x86', os.version: '6.1', java.version: '1.7.0_25'
Driver info: driver.version: unknown
Build info: version: '2.38.0', revision: 'bd32d4e7247a32d801b3d2d4f84a4e7384300378', time: '2013-12-05 09:01:37'
System info: host: 'woodpecker.local', ip: '10.0.1.238', os.name: 'Mac OS X', os.arch: 'x86_64', os.version: '10.9', java.version: '1.7.0_04'
Driver info: driver.version: unknown
	at <anonymous class>.<anonymous method>(file:///C:/Users/AIMEEG~1/AppData/Local/Temp/anonymous4692822900566782935webdriver-profile/extensions/fxdriver@googlecode.com/components/driver_component.js:8722)
	at <anonymous class>.<anonymous method>(file:///C:/Users/AIMEEG~1/AppData/Local/Temp/anonymous4692822900566782935webdriver-profile/extensions/fxdriver@googlecode.com/components/command_processor.js:10831)
	at <anonymous class>.<anonymous method>(file:///C:/Users/AIMEEG~1/AppData/Local/Temp/anonymous4692822900566782935webdriver-profile/extensions/fxdriver@googlecode.com/components/command_processor.js:10836)
	at <anonymous class>.<anonymous method>(file:///C:/Users/AIMEEG~1/AppData/Local/Temp/anonymous4692822900566782935webdriver-profile/extensions/fxdriver@googlecode.com/components/command_processor.js:10778)
]]>
    </failure>
  </testcase> <!-- testLogin -->
  <testcase name="testLogin" time="0.002" classname="hub.test.LoginTest">
    <failure type="org.openqa.selenium.WebDriverException" message="Target URL /tooltwist/eclipse/Selenium/chromedriver is not well-formed.
Build info: version: &#039;2.38.0&#039;, revision: &#039;bd32d4e&#039;, time: &#039;2013-12-05 16:15:38&#039;
System info: host: &#039;Asity&#039;, ip: &#039;10.0.1.229&#039;, os.name: &#039;Windows 7&#039;, os.arch: &#039;x86&#039;, os.version: &#039;6.1&#039;, java.version: &#039;1.7.0_25&#039;
Driver info: driver.version: unknown
Command duration or timeout: 1.58 seconds
Build info: version: &#039;2.38.0&#039;, revision: &#039;bd32d4e7247a32d801b3d2d4f84a4e7384300378&#039;, time: &#039;2013-12-05 09:01:37&#039;
System info: host: &#039;woodpecker.local&#039;, ip: &#039;10.0.1.238&#039;, os.name: &#039;Mac OS X&#039;, os.arch: &#039;x86_64&#039;, os.version: &#039;10.9&#039;, java.version: &#039;1.7.0_04&#039;
Session ID: 96652ff7-0069-4a30-a9f6-e32e685c1cbb
Driver info: org.openqa.selenium.remote.RemoteWebDriver
Capabilities [{platform=XP, acceptSslCerts=true, javascriptEnabled=true, browserName=firefox, rotatable=false, locationContextEnabled=true, webdriver.remote.sessionid=96652ff7-0069-4a30-a9f6-e32e685c1cbb, version=7.0.1, cssSelectorsEnabled=true, databaseEnabled=true, handlesAlerts=true, webStorageEnabled=true, nativeEvents=false, applicationCacheEnabled=true, takesScreenshot=true}]">
      <![CDATA[org.openqa.selenium.WebDriverException: Target URL /tooltwist/eclipse/Selenium/chromedriver is not well-formed.
Build info: version: '2.38.0', revision: 'bd32d4e', time: '2013-12-05 16:15:38'
System info: host: 'Asity', ip: '10.0.1.229', os.name: 'Windows 7', os.arch: 'x86', os.version: '6.1', java.version: '1.7.0_25'
Driver info: driver.version: unknown
Command duration or timeout: 1.58 seconds
Build info: version: '2.38.0', revision: 'bd32d4e7247a32d801b3d2d4f84a4e7384300378', time: '2013-12-05 09:01:37'
System info: host: 'woodpecker.local', ip: '10.0.1.238', os.name: 'Mac OS X', os.arch: 'x86_64', os.version: '10.9', java.version: '1.7.0_04'
Session ID: 96652ff7-0069-4a30-a9f6-e32e685c1cbb
Driver info: org.openqa.selenium.remote.RemoteWebDriver
Capabilities [{platform=XP, acceptSslCerts=true, javascriptEnabled=true, browserName=firefox, rotatable=false, locationContextEnabled=true, webdriver.remote.sessionid=96652ff7-0069-4a30-a9f6-e32e685c1cbb, version=7.0.1, cssSelectorsEnabled=true, databaseEnabled=true, handlesAlerts=true, webStorageEnabled=true, nativeEvents=false, applicationCacheEnabled=true, takesScreenshot=true}]
	at sun.reflect.NativeConstructorAccessorImpl.newInstance0(Native Method)
	at sun.reflect.NativeConstructorAccessorImpl.newInstance(NativeConstructorAccessorImpl.java:57)
	at sun.reflect.DelegatingConstructorAccessorImpl.newInstance(DelegatingConstructorAccessorImpl.java:45)
	at java.lang.reflect.Constructor.newInstance(Constructor.java:525)
	at org.openqa.selenium.remote.ErrorHandler.createThrowable(ErrorHandler.java:193)
	at org.openqa.selenium.remote.ErrorHandler.throwIfResponseFailed(ErrorHandler.java:145)
	at org.openqa.selenium.remote.RemoteWebDriver.execute(RemoteWebDriver.java:554)
	at org.openqa.selenium.remote.RemoteWebDriver.get(RemoteWebDriver.java:276)
	at hub.library.TestInitReference.Startup(TestInitReference.java:106)
	at sun.reflect.NativeMethodAccessorImpl.invoke0(Native Method)
	at sun.reflect.NativeMethodAccessorImpl.invoke(NativeMethodAccessorImpl.java:57)
	at sun.reflect.DelegatingMethodAccessorImpl.invoke(DelegatingMethodAccessorImpl.java:43)
	at java.lang.reflect.Method.invoke(Method.java:601)
	at org.testng.internal.MethodInvocationHelper.invokeMethod(MethodInvocationHelper.java:84)
	at org.testng.internal.Invoker.invokeConfigurationMethod(Invoker.java:564)
	at org.testng.internal.Invoker.invokeConfigurations(Invoker.java:213)
	at org.testng.internal.Invoker.invokeConfigurations(Invoker.java:138)
	at org.testng.internal.TestMethodWorker.invokeBeforeClassMethods(TestMethodWorker.java:175)
	at org.testng.internal.TestMethodWorker.run(TestMethodWorker.java:107)
	at org.testng.TestRunner.privateRun(TestRunner.java:767)
	at org.testng.TestRunner.run(TestRunner.java:617)
	at org.testng.SuiteRunner.runTest(SuiteRunner.java:335)
	at org.testng.SuiteRunner.runSequentially(SuiteRunner.java:330)
	at org.testng.SuiteRunner.privateRun(SuiteRunner.java:291)
	at org.testng.SuiteRunner.run(SuiteRunner.java:240)
	at org.testng.SuiteRunnerWorker.runSuite(SuiteRunnerWorker.java:52)
	at org.testng.SuiteRunnerWorker.run(SuiteRunnerWorker.java:86)
	at org.testng.TestNG.runSuitesSequentially(TestNG.java:1224)
	at org.testng.TestNG.runSuitesLocally(TestNG.java:1149)
	at org.testng.TestNG.run(TestNG.java:1057)
	at org.testng.remote.RemoteTestNG.run(RemoteTestNG.java:111)
	at org.testng.remote.RemoteTestNG.initAndRun(RemoteTestNG.java:204)
	at org.testng.remote.RemoteTestNG.main(RemoteTestNG.java:175)
Caused by: org.openqa.selenium.remote.ScreenshotException: Screen shot has been taken
Build info: version: '2.38.0', revision: 'bd32d4e7247a32d801b3d2d4f84a4e7384300378', time: '2013-12-05 09:01:37'
System info: host: 'woodpecker.local', ip: '10.0.1.238', os.name: 'Mac OS X', os.arch: 'x86_64', os.version: '10.9', java.version: '1.7.0_04'
Driver info: driver.version: RemoteWebDriver
	at org.openqa.selenium.remote.ErrorHandler.throwIfResponseFailed(ErrorHandler.java:125)
	... 27 more
Caused by: org.openqa.selenium.remote.ErrorHandler$UnknownServerException: Target URL /tooltwist/eclipse/Selenium/chromedriver is not well-formed.
Build info: version: '2.38.0', revision: 'bd32d4e', time: '2013-12-05 16:15:38'
System info: host: 'Asity', ip: '10.0.1.229', os.name: 'Windows 7', os.arch: 'x86', os.version: '6.1', java.version: '1.7.0_25'
Driver info: driver.version: unknown
Build info: version: '2.38.0', revision: 'bd32d4e7247a32d801b3d2d4f84a4e7384300378', time: '2013-12-05 09:01:37'
System info: host: 'woodpecker.local', ip: '10.0.1.238', os.name: 'Mac OS X', os.arch: 'x86_64', os.version: '10.9', java.version: '1.7.0_04'
Driver info: driver.version: unknown
	at <anonymous class>.<anonymous method>(file:///C:/Users/AIMEEG~1/AppData/Local/Temp/anonymous4692822900566782935webdriver-profile/extensions/fxdriver@googlecode.com/components/driver_component.js:8722)
	at <anonymous class>.<anonymous method>(file:///C:/Users/AIMEEG~1/AppData/Local/Temp/anonymous4692822900566782935webdriver-profile/extensions/fxdriver@googlecode.com/components/command_processor.js:10831)
	at <anonymous class>.<anonymous method>(file:///C:/Users/AIMEEG~1/AppData/Local/Temp/anonymous4692822900566782935webdriver-profile/extensions/fxdriver@googlecode.com/components/command_processor.js:10836)
	at <anonymous class>.<anonymous method>(file:///C:/Users/AIMEEG~1/AppData/Local/Temp/anonymous4692822900566782935webdriver-profile/extensions/fxdriver@googlecode.com/components/command_processor.js:10778)
]]>
    </failure>
  </testcase> <!-- testLogin -->
  <testcase name="testLogin" time="0.001" classname="hub.test.LoginTest">
    <failure type="org.openqa.selenium.WebDriverException" message="Target URL /tooltwist/eclipse/Selenium/chromedriver is not well-formed.
Build info: version: &#039;2.38.0&#039;, revision: &#039;bd32d4e&#039;, time: &#039;2013-12-05 16:15:38&#039;
System info: host: &#039;Asity&#039;, ip: &#039;10.0.1.229&#039;, os.name: &#039;Windows 7&#039;, os.arch: &#039;x86&#039;, os.version: &#039;6.1&#039;, java.version: &#039;1.7.0_25&#039;
Driver info: driver.version: unknown
Command duration or timeout: 1.58 seconds
Build info: version: &#039;2.38.0&#039;, revision: &#039;bd32d4e7247a32d801b3d2d4f84a4e7384300378&#039;, time: &#039;2013-12-05 09:01:37&#039;
System info: host: &#039;woodpecker.local&#039;, ip: &#039;10.0.1.238&#039;, os.name: &#039;Mac OS X&#039;, os.arch: &#039;x86_64&#039;, os.version: &#039;10.9&#039;, java.version: &#039;1.7.0_04&#039;
Session ID: 96652ff7-0069-4a30-a9f6-e32e685c1cbb
Driver info: org.openqa.selenium.remote.RemoteWebDriver
Capabilities [{platform=XP, acceptSslCerts=true, javascriptEnabled=true, browserName=firefox, rotatable=false, locationContextEnabled=true, webdriver.remote.sessionid=96652ff7-0069-4a30-a9f6-e32e685c1cbb, version=7.0.1, cssSelectorsEnabled=true, databaseEnabled=true, handlesAlerts=true, webStorageEnabled=true, nativeEvents=false, applicationCacheEnabled=true, takesScreenshot=true}]">
      <![CDATA[org.openqa.selenium.WebDriverException: Target URL /tooltwist/eclipse/Selenium/chromedriver is not well-formed.
Build info: version: '2.38.0', revision: 'bd32d4e', time: '2013-12-05 16:15:38'
System info: host: 'Asity', ip: '10.0.1.229', os.name: 'Windows 7', os.arch: 'x86', os.version: '6.1', java.version: '1.7.0_25'
Driver info: driver.version: unknown
Command duration or timeout: 1.58 seconds
Build info: version: '2.38.0', revision: 'bd32d4e7247a32d801b3d2d4f84a4e7384300378', time: '2013-12-05 09:01:37'
System info: host: 'woodpecker.local', ip: '10.0.1.238', os.name: 'Mac OS X', os.arch: 'x86_64', os.version: '10.9', java.version: '1.7.0_04'
Session ID: 96652ff7-0069-4a30-a9f6-e32e685c1cbb
Driver info: org.openqa.selenium.remote.RemoteWebDriver
Capabilities [{platform=XP, acceptSslCerts=true, javascriptEnabled=true, browserName=firefox, rotatable=false, locationContextEnabled=true, webdriver.remote.sessionid=96652ff7-0069-4a30-a9f6-e32e685c1cbb, version=7.0.1, cssSelectorsEnabled=true, databaseEnabled=true, handlesAlerts=true, webStorageEnabled=true, nativeEvents=false, applicationCacheEnabled=true, takesScreenshot=true}]
	at sun.reflect.NativeConstructorAccessorImpl.newInstance0(Native Method)
	at sun.reflect.NativeConstructorAccessorImpl.newInstance(NativeConstructorAccessorImpl.java:57)
	at sun.reflect.DelegatingConstructorAccessorImpl.newInstance(DelegatingConstructorAccessorImpl.java:45)
	at java.lang.reflect.Constructor.newInstance(Constructor.java:525)
	at org.openqa.selenium.remote.ErrorHandler.createThrowable(ErrorHandler.java:193)
	at org.openqa.selenium.remote.ErrorHandler.throwIfResponseFailed(ErrorHandler.java:145)
	at org.openqa.selenium.remote.RemoteWebDriver.execute(RemoteWebDriver.java:554)
	at org.openqa.selenium.remote.RemoteWebDriver.get(RemoteWebDriver.java:276)
	at hub.library.TestInitReference.Startup(TestInitReference.java:106)
	at sun.reflect.NativeMethodAccessorImpl.invoke0(Native Method)
	at sun.reflect.NativeMethodAccessorImpl.invoke(NativeMethodAccessorImpl.java:57)
	at sun.reflect.DelegatingMethodAccessorImpl.invoke(DelegatingMethodAccessorImpl.java:43)
	at java.lang.reflect.Method.invoke(Method.java:601)
	at org.testng.internal.MethodInvocationHelper.invokeMethod(MethodInvocationHelper.java:84)
	at org.testng.internal.Invoker.invokeConfigurationMethod(Invoker.java:564)
	at org.testng.internal.Invoker.invokeConfigurations(Invoker.java:213)
	at org.testng.internal.Invoker.invokeConfigurations(Invoker.java:138)
	at org.testng.internal.TestMethodWorker.invokeBeforeClassMethods(TestMethodWorker.java:175)
	at org.testng.internal.TestMethodWorker.run(TestMethodWorker.java:107)
	at org.testng.TestRunner.privateRun(TestRunner.java:767)
	at org.testng.TestRunner.run(TestRunner.java:617)
	at org.testng.SuiteRunner.runTest(SuiteRunner.java:335)
	at org.testng.SuiteRunner.runSequentially(SuiteRunner.java:330)
	at org.testng.SuiteRunner.privateRun(SuiteRunner.java:291)
	at org.testng.SuiteRunner.run(SuiteRunner.java:240)
	at org.testng.SuiteRunnerWorker.runSuite(SuiteRunnerWorker.java:52)
	at org.testng.SuiteRunnerWorker.run(SuiteRunnerWorker.java:86)
	at org.testng.TestNG.runSuitesSequentially(TestNG.java:1224)
	at org.testng.TestNG.runSuitesLocally(TestNG.java:1149)
	at org.testng.TestNG.run(TestNG.java:1057)
	at org.testng.remote.RemoteTestNG.run(RemoteTestNG.java:111)
	at org.testng.remote.RemoteTestNG.initAndRun(RemoteTestNG.java:204)
	at org.testng.remote.RemoteTestNG.main(RemoteTestNG.java:175)
Caused by: org.openqa.selenium.remote.ScreenshotException: Screen shot has been taken
Build info: version: '2.38.0', revision: 'bd32d4e7247a32d801b3d2d4f84a4e7384300378', time: '2013-12-05 09:01:37'
System info: host: 'woodpecker.local', ip: '10.0.1.238', os.name: 'Mac OS X', os.arch: 'x86_64', os.version: '10.9', java.version: '1.7.0_04'
Driver info: driver.version: RemoteWebDriver
	at org.openqa.selenium.remote.ErrorHandler.throwIfResponseFailed(ErrorHandler.java:125)
	... 27 more
Caused by: org.openqa.selenium.remote.ErrorHandler$UnknownServerException: Target URL /tooltwist/eclipse/Selenium/chromedriver is not well-formed.
Build info: version: '2.38.0', revision: 'bd32d4e', time: '2013-12-05 16:15:38'
System info: host: 'Asity', ip: '10.0.1.229', os.name: 'Windows 7', os.arch: 'x86', os.version: '6.1', java.version: '1.7.0_25'
Driver info: driver.version: unknown
Build info: version: '2.38.0', revision: 'bd32d4e7247a32d801b3d2d4f84a4e7384300378', time: '2013-12-05 09:01:37'
System info: host: 'woodpecker.local', ip: '10.0.1.238', os.name: 'Mac OS X', os.arch: 'x86_64', os.version: '10.9', java.version: '1.7.0_04'
Driver info: driver.version: unknown
	at <anonymous class>.<anonymous method>(file:///C:/Users/AIMEEG~1/AppData/Local/Temp/anonymous4692822900566782935webdriver-profile/extensions/fxdriver@googlecode.com/components/driver_component.js:8722)
	at <anonymous class>.<anonymous method>(file:///C:/Users/AIMEEG~1/AppData/Local/Temp/anonymous4692822900566782935webdriver-profile/extensions/fxdriver@googlecode.com/components/command_processor.js:10831)
	at <anonymous class>.<anonymous method>(file:///C:/Users/AIMEEG~1/AppData/Local/Temp/anonymous4692822900566782935webdriver-profile/extensions/fxdriver@googlecode.com/components/command_processor.js:10836)
	at <anonymous class>.<anonymous method>(file:///C:/Users/AIMEEG~1/AppData/Local/Temp/anonymous4692822900566782935webdriver-profile/extensions/fxdriver@googlecode.com/components/command_processor.js:10778)
]]>
    </failure>
  </testcase> <!-- testLogin -->
  <testcase name="testLogin" time="0.001" classname="hub.test.LoginTest">
    <failure type="org.openqa.selenium.WebDriverException" message="Target URL /tooltwist/eclipse/Selenium/chromedriver is not well-formed.
Build info: version: &#039;2.38.0&#039;, revision: &#039;bd32d4e&#039;, time: &#039;2013-12-05 16:15:38&#039;
System info: host: &#039;Asity&#039;, ip: &#039;10.0.1.229&#039;, os.name: &#039;Windows 7&#039;, os.arch: &#039;x86&#039;, os.version: &#039;6.1&#039;, java.version: &#039;1.7.0_25&#039;
Driver info: driver.version: unknown
Command duration or timeout: 1.58 seconds
Build info: version: &#039;2.38.0&#039;, revision: &#039;bd32d4e7247a32d801b3d2d4f84a4e7384300378&#039;, time: &#039;2013-12-05 09:01:37&#039;
System info: host: &#039;woodpecker.local&#039;, ip: &#039;10.0.1.238&#039;, os.name: &#039;Mac OS X&#039;, os.arch: &#039;x86_64&#039;, os.version: &#039;10.9&#039;, java.version: &#039;1.7.0_04&#039;
Session ID: 96652ff7-0069-4a30-a9f6-e32e685c1cbb
Driver info: org.openqa.selenium.remote.RemoteWebDriver
Capabilities [{platform=XP, acceptSslCerts=true, javascriptEnabled=true, browserName=firefox, rotatable=false, locationContextEnabled=true, webdriver.remote.sessionid=96652ff7-0069-4a30-a9f6-e32e685c1cbb, version=7.0.1, cssSelectorsEnabled=true, databaseEnabled=true, handlesAlerts=true, webStorageEnabled=true, nativeEvents=false, applicationCacheEnabled=true, takesScreenshot=true}]">
      <![CDATA[org.openqa.selenium.WebDriverException: Target URL /tooltwist/eclipse/Selenium/chromedriver is not well-formed.
Build info: version: '2.38.0', revision: 'bd32d4e', time: '2013-12-05 16:15:38'
System info: host: 'Asity', ip: '10.0.1.229', os.name: 'Windows 7', os.arch: 'x86', os.version: '6.1', java.version: '1.7.0_25'
Driver info: driver.version: unknown
Command duration or timeout: 1.58 seconds
Build info: version: '2.38.0', revision: 'bd32d4e7247a32d801b3d2d4f84a4e7384300378', time: '2013-12-05 09:01:37'
System info: host: 'woodpecker.local', ip: '10.0.1.238', os.name: 'Mac OS X', os.arch: 'x86_64', os.version: '10.9', java.version: '1.7.0_04'
Session ID: 96652ff7-0069-4a30-a9f6-e32e685c1cbb
Driver info: org.openqa.selenium.remote.RemoteWebDriver
Capabilities [{platform=XP, acceptSslCerts=true, javascriptEnabled=true, browserName=firefox, rotatable=false, locationContextEnabled=true, webdriver.remote.sessionid=96652ff7-0069-4a30-a9f6-e32e685c1cbb, version=7.0.1, cssSelectorsEnabled=true, databaseEnabled=true, handlesAlerts=true, webStorageEnabled=true, nativeEvents=false, applicationCacheEnabled=true, takesScreenshot=true}]
	at sun.reflect.NativeConstructorAccessorImpl.newInstance0(Native Method)
	at sun.reflect.NativeConstructorAccessorImpl.newInstance(NativeConstructorAccessorImpl.java:57)
	at sun.reflect.DelegatingConstructorAccessorImpl.newInstance(DelegatingConstructorAccessorImpl.java:45)
	at java.lang.reflect.Constructor.newInstance(Constructor.java:525)
	at org.openqa.selenium.remote.ErrorHandler.createThrowable(ErrorHandler.java:193)
	at org.openqa.selenium.remote.ErrorHandler.throwIfResponseFailed(ErrorHandler.java:145)
	at org.openqa.selenium.remote.RemoteWebDriver.execute(RemoteWebDriver.java:554)
	at org.openqa.selenium.remote.RemoteWebDriver.get(RemoteWebDriver.java:276)
	at hub.library.TestInitReference.Startup(TestInitReference.java:106)
	at sun.reflect.NativeMethodAccessorImpl.invoke0(Native Method)
	at sun.reflect.NativeMethodAccessorImpl.invoke(NativeMethodAccessorImpl.java:57)
	at sun.reflect.DelegatingMethodAccessorImpl.invoke(DelegatingMethodAccessorImpl.java:43)
	at java.lang.reflect.Method.invoke(Method.java:601)
	at org.testng.internal.MethodInvocationHelper.invokeMethod(MethodInvocationHelper.java:84)
	at org.testng.internal.Invoker.invokeConfigurationMethod(Invoker.java:564)
	at org.testng.internal.Invoker.invokeConfigurations(Invoker.java:213)
	at org.testng.internal.Invoker.invokeConfigurations(Invoker.java:138)
	at org.testng.internal.TestMethodWorker.invokeBeforeClassMethods(TestMethodWorker.java:175)
	at org.testng.internal.TestMethodWorker.run(TestMethodWorker.java:107)
	at org.testng.TestRunner.privateRun(TestRunner.java:767)
	at org.testng.TestRunner.run(TestRunner.java:617)
	at org.testng.SuiteRunner.runTest(SuiteRunner.java:335)
	at org.testng.SuiteRunner.runSequentially(SuiteRunner.java:330)
	at org.testng.SuiteRunner.privateRun(SuiteRunner.java:291)
	at org.testng.SuiteRunner.run(SuiteRunner.java:240)
	at org.testng.SuiteRunnerWorker.runSuite(SuiteRunnerWorker.java:52)
	at org.testng.SuiteRunnerWorker.run(SuiteRunnerWorker.java:86)
	at org.testng.TestNG.runSuitesSequentially(TestNG.java:1224)
	at org.testng.TestNG.runSuitesLocally(TestNG.java:1149)
	at org.testng.TestNG.run(TestNG.java:1057)
	at org.testng.remote.RemoteTestNG.run(RemoteTestNG.java:111)
	at org.testng.remote.RemoteTestNG.initAndRun(RemoteTestNG.java:204)
	at org.testng.remote.RemoteTestNG.main(RemoteTestNG.java:175)
Caused by: org.openqa.selenium.remote.ScreenshotException: Screen shot has been taken
Build info: version: '2.38.0', revision: 'bd32d4e7247a32d801b3d2d4f84a4e7384300378', time: '2013-12-05 09:01:37'
System info: host: 'woodpecker.local', ip: '10.0.1.238', os.name: 'Mac OS X', os.arch: 'x86_64', os.version: '10.9', java.version: '1.7.0_04'
Driver info: driver.version: RemoteWebDriver
	at org.openqa.selenium.remote.ErrorHandler.throwIfResponseFailed(ErrorHandler.java:125)
	... 27 more
Caused by: org.openqa.selenium.remote.ErrorHandler$UnknownServerException: Target URL /tooltwist/eclipse/Selenium/chromedriver is not well-formed.
Build info: version: '2.38.0', revision: 'bd32d4e', time: '2013-12-05 16:15:38'
System info: host: 'Asity', ip: '10.0.1.229', os.name: 'Windows 7', os.arch: 'x86', os.version: '6.1', java.version: '1.7.0_25'
Driver info: driver.version: unknown
Build info: version: '2.38.0', revision: 'bd32d4e7247a32d801b3d2d4f84a4e7384300378', time: '2013-12-05 09:01:37'
System info: host: 'woodpecker.local', ip: '10.0.1.238', os.name: 'Mac OS X', os.arch: 'x86_64', os.version: '10.9', java.version: '1.7.0_04'
Driver info: driver.version: unknown
	at <anonymous class>.<anonymous method>(file:///C:/Users/AIMEEG~1/AppData/Local/Temp/anonymous4692822900566782935webdriver-profile/extensions/fxdriver@googlecode.com/components/driver_component.js:8722)
	at <anonymous class>.<anonymous method>(file:///C:/Users/AIMEEG~1/AppData/Local/Temp/anonymous4692822900566782935webdriver-profile/extensions/fxdriver@googlecode.com/components/command_processor.js:10831)
	at <anonymous class>.<anonymous method>(file:///C:/Users/AIMEEG~1/AppData/Local/Temp/anonymous4692822900566782935webdriver-profile/extensions/fxdriver@googlecode.com/components/command_processor.js:10836)
	at <anonymous class>.<anonymous method>(file:///C:/Users/AIMEEG~1/AppData/Local/Temp/anonymous4692822900566782935webdriver-profile/extensions/fxdriver@googlecode.com/components/command_processor.js:10778)
]]>
    </failure>
  </testcase> <!-- testLogin -->
  <testcase name="testLogin" time="0.001" classname="hub.test.LoginTest">
    <failure type="org.openqa.selenium.WebDriverException" message="Target URL /tooltwist/eclipse/Selenium/chromedriver is not well-formed.
Build info: version: &#039;2.38.0&#039;, revision: &#039;bd32d4e&#039;, time: &#039;2013-12-05 16:15:38&#039;
System info: host: &#039;Asity&#039;, ip: &#039;10.0.1.229&#039;, os.name: &#039;Windows 7&#039;, os.arch: &#039;x86&#039;, os.version: &#039;6.1&#039;, java.version: &#039;1.7.0_25&#039;
Driver info: driver.version: unknown
Command duration or timeout: 1.58 seconds
Build info: version: &#039;2.38.0&#039;, revision: &#039;bd32d4e7247a32d801b3d2d4f84a4e7384300378&#039;, time: &#039;2013-12-05 09:01:37&#039;
System info: host: &#039;woodpecker.local&#039;, ip: &#039;10.0.1.238&#039;, os.name: &#039;Mac OS X&#039;, os.arch: &#039;x86_64&#039;, os.version: &#039;10.9&#039;, java.version: &#039;1.7.0_04&#039;
Session ID: 96652ff7-0069-4a30-a9f6-e32e685c1cbb
Driver info: org.openqa.selenium.remote.RemoteWebDriver
Capabilities [{platform=XP, acceptSslCerts=true, javascriptEnabled=true, browserName=firefox, rotatable=false, locationContextEnabled=true, webdriver.remote.sessionid=96652ff7-0069-4a30-a9f6-e32e685c1cbb, version=7.0.1, cssSelectorsEnabled=true, databaseEnabled=true, handlesAlerts=true, webStorageEnabled=true, nativeEvents=false, applicationCacheEnabled=true, takesScreenshot=true}]">
      <![CDATA[org.openqa.selenium.WebDriverException: Target URL /tooltwist/eclipse/Selenium/chromedriver is not well-formed.
Build info: version: '2.38.0', revision: 'bd32d4e', time: '2013-12-05 16:15:38'
System info: host: 'Asity', ip: '10.0.1.229', os.name: 'Windows 7', os.arch: 'x86', os.version: '6.1', java.version: '1.7.0_25'
Driver info: driver.version: unknown
Command duration or timeout: 1.58 seconds
Build info: version: '2.38.0', revision: 'bd32d4e7247a32d801b3d2d4f84a4e7384300378', time: '2013-12-05 09:01:37'
System info: host: 'woodpecker.local', ip: '10.0.1.238', os.name: 'Mac OS X', os.arch: 'x86_64', os.version: '10.9', java.version: '1.7.0_04'
Session ID: 96652ff7-0069-4a30-a9f6-e32e685c1cbb
Driver info: org.openqa.selenium.remote.RemoteWebDriver
Capabilities [{platform=XP, acceptSslCerts=true, javascriptEnabled=true, browserName=firefox, rotatable=false, locationContextEnabled=true, webdriver.remote.sessionid=96652ff7-0069-4a30-a9f6-e32e685c1cbb, version=7.0.1, cssSelectorsEnabled=true, databaseEnabled=true, handlesAlerts=true, webStorageEnabled=true, nativeEvents=false, applicationCacheEnabled=true, takesScreenshot=true}]
	at sun.reflect.NativeConstructorAccessorImpl.newInstance0(Native Method)
	at sun.reflect.NativeConstructorAccessorImpl.newInstance(NativeConstructorAccessorImpl.java:57)
	at sun.reflect.DelegatingConstructorAccessorImpl.newInstance(DelegatingConstructorAccessorImpl.java:45)
	at java.lang.reflect.Constructor.newInstance(Constructor.java:525)
	at org.openqa.selenium.remote.ErrorHandler.createThrowable(ErrorHandler.java:193)
	at org.openqa.selenium.remote.ErrorHandler.throwIfResponseFailed(ErrorHandler.java:145)
	at org.openqa.selenium.remote.RemoteWebDriver.execute(RemoteWebDriver.java:554)
	at org.openqa.selenium.remote.RemoteWebDriver.get(RemoteWebDriver.java:276)
	at hub.library.TestInitReference.Startup(TestInitReference.java:106)
	at sun.reflect.NativeMethodAccessorImpl.invoke0(Native Method)
	at sun.reflect.NativeMethodAccessorImpl.invoke(NativeMethodAccessorImpl.java:57)
	at sun.reflect.DelegatingMethodAccessorImpl.invoke(DelegatingMethodAccessorImpl.java:43)
	at java.lang.reflect.Method.invoke(Method.java:601)
	at org.testng.internal.MethodInvocationHelper.invokeMethod(MethodInvocationHelper.java:84)
	at org.testng.internal.Invoker.invokeConfigurationMethod(Invoker.java:564)
	at org.testng.internal.Invoker.invokeConfigurations(Invoker.java:213)
	at org.testng.internal.Invoker.invokeConfigurations(Invoker.java:138)
	at org.testng.internal.TestMethodWorker.invokeBeforeClassMethods(TestMethodWorker.java:175)
	at org.testng.internal.TestMethodWorker.run(TestMethodWorker.java:107)
	at org.testng.TestRunner.privateRun(TestRunner.java:767)
	at org.testng.TestRunner.run(TestRunner.java:617)
	at org.testng.SuiteRunner.runTest(SuiteRunner.java:335)
	at org.testng.SuiteRunner.runSequentially(SuiteRunner.java:330)
	at org.testng.SuiteRunner.privateRun(SuiteRunner.java:291)
	at org.testng.SuiteRunner.run(SuiteRunner.java:240)
	at org.testng.SuiteRunnerWorker.runSuite(SuiteRunnerWorker.java:52)
	at org.testng.SuiteRunnerWorker.run(SuiteRunnerWorker.java:86)
	at org.testng.TestNG.runSuitesSequentially(TestNG.java:1224)
	at org.testng.TestNG.runSuitesLocally(TestNG.java:1149)
	at org.testng.TestNG.run(TestNG.java:1057)
	at org.testng.remote.RemoteTestNG.run(RemoteTestNG.java:111)
	at org.testng.remote.RemoteTestNG.initAndRun(RemoteTestNG.java:204)
	at org.testng.remote.RemoteTestNG.main(RemoteTestNG.java:175)
Caused by: org.openqa.selenium.remote.ScreenshotException: Screen shot has been taken
Build info: version: '2.38.0', revision: 'bd32d4e7247a32d801b3d2d4f84a4e7384300378', time: '2013-12-05 09:01:37'
System info: host: 'woodpecker.local', ip: '10.0.1.238', os.name: 'Mac OS X', os.arch: 'x86_64', os.version: '10.9', java.version: '1.7.0_04'
Driver info: driver.version: RemoteWebDriver
	at org.openqa.selenium.remote.ErrorHandler.throwIfResponseFailed(ErrorHandler.java:125)
	... 27 more
Caused by: org.openqa.selenium.remote.ErrorHandler$UnknownServerException: Target URL /tooltwist/eclipse/Selenium/chromedriver is not well-formed.
Build info: version: '2.38.0', revision: 'bd32d4e', time: '2013-12-05 16:15:38'
System info: host: 'Asity', ip: '10.0.1.229', os.name: 'Windows 7', os.arch: 'x86', os.version: '6.1', java.version: '1.7.0_25'
Driver info: driver.version: unknown
Build info: version: '2.38.0', revision: 'bd32d4e7247a32d801b3d2d4f84a4e7384300378', time: '2013-12-05 09:01:37'
System info: host: 'woodpecker.local', ip: '10.0.1.238', os.name: 'Mac OS X', os.arch: 'x86_64', os.version: '10.9', java.version: '1.7.0_04'
Driver info: driver.version: unknown
	at <anonymous class>.<anonymous method>(file:///C:/Users/AIMEEG~1/AppData/Local/Temp/anonymous4692822900566782935webdriver-profile/extensions/fxdriver@googlecode.com/components/driver_component.js:8722)
	at <anonymous class>.<anonymous method>(file:///C:/Users/AIMEEG~1/AppData/Local/Temp/anonymous4692822900566782935webdriver-profile/extensions/fxdriver@googlecode.com/components/command_processor.js:10831)
	at <anonymous class>.<anonymous method>(file:///C:/Users/AIMEEG~1/AppData/Local/Temp/anonymous4692822900566782935webdriver-profile/extensions/fxdriver@googlecode.com/components/command_processor.js:10836)
	at <anonymous class>.<anonymous method>(file:///C:/Users/AIMEEG~1/AppData/Local/Temp/anonymous4692822900566782935webdriver-profile/extensions/fxdriver@googlecode.com/components/command_processor.js:10778)
]]>
    </failure>
  </testcase> <!-- testLogin -->
</testsuite> <!-- hub.test.LoginTest -->
